[2023-02-26T09:35:55.214+0000] {processor.py:156} INFO - Started process (PID=65) to work on /home/airflow/.local/lib/python3.7/site-packages/airflow/example_dags/example_bash_operator.py
[2023-02-26T09:35:55.217+0000] {processor.py:758} INFO - Processing file /home/airflow/.local/lib/python3.7/site-packages/airflow/example_dags/example_bash_operator.py for tasks to queue
[2023-02-26T09:35:55.220+0000] {logging_mixin.py:117} INFO - [2023-02-26T09:35:55.220+0000] {dagbag.py:525} INFO - Filling up the DagBag from /home/airflow/.local/lib/python3.7/site-packages/airflow/example_dags/example_bash_operator.py
[2023-02-26T09:35:55.337+0000] {processor.py:768} INFO - DAG(s) dict_keys(['example_bash_operator']) retrieved from /home/airflow/.local/lib/python3.7/site-packages/airflow/example_dags/example_bash_operator.py
[2023-02-26T09:35:55.455+0000] {logging_mixin.py:117} INFO - [2023-02-26T09:35:55.455+0000] {dag.py:2573} INFO - Sync 1 DAGs
[2023-02-26T09:35:55.568+0000] {logging_mixin.py:117} INFO - [2023-02-26T09:35:55.568+0000] {dag.py:3328} INFO - Setting next_dagrun for example_bash_operator to 2023-02-25T00:00:00+00:00, run_after=2023-02-26T00:00:00+00:00
[2023-02-26T09:35:55.635+0000] {processor.py:178} INFO - Processing /home/airflow/.local/lib/python3.7/site-packages/airflow/example_dags/example_bash_operator.py took 0.435 seconds
[2023-02-26T09:36:26.269+0000] {processor.py:156} INFO - Started process (PID=120) to work on /home/airflow/.local/lib/python3.7/site-packages/airflow/example_dags/example_bash_operator.py
[2023-02-26T09:36:26.272+0000] {processor.py:758} INFO - Processing file /home/airflow/.local/lib/python3.7/site-packages/airflow/example_dags/example_bash_operator.py for tasks to queue
[2023-02-26T09:36:26.275+0000] {logging_mixin.py:117} INFO - [2023-02-26T09:36:26.275+0000] {dagbag.py:525} INFO - Filling up the DagBag from /home/airflow/.local/lib/python3.7/site-packages/airflow/example_dags/example_bash_operator.py
[2023-02-26T09:36:26.302+0000] {processor.py:768} INFO - DAG(s) dict_keys(['example_bash_operator']) retrieved from /home/airflow/.local/lib/python3.7/site-packages/airflow/example_dags/example_bash_operator.py
[2023-02-26T09:36:26.380+0000] {logging_mixin.py:117} INFO - [2023-02-26T09:36:26.380+0000] {dag.py:2573} INFO - Sync 1 DAGs
[2023-02-26T09:36:26.402+0000] {logging_mixin.py:117} INFO - [2023-02-26T09:36:26.401+0000] {dag.py:3328} INFO - Setting next_dagrun for example_bash_operator to 2023-02-25T00:00:00+00:00, run_after=2023-02-26T00:00:00+00:00
[2023-02-26T09:36:26.437+0000] {processor.py:178} INFO - Processing /home/airflow/.local/lib/python3.7/site-packages/airflow/example_dags/example_bash_operator.py took 0.174 seconds
[2023-02-26T09:36:57.047+0000] {processor.py:156} INFO - Started process (PID=184) to work on /home/airflow/.local/lib/python3.7/site-packages/airflow/example_dags/example_bash_operator.py
[2023-02-26T09:36:57.049+0000] {processor.py:758} INFO - Processing file /home/airflow/.local/lib/python3.7/site-packages/airflow/example_dags/example_bash_operator.py for tasks to queue
[2023-02-26T09:36:57.050+0000] {logging_mixin.py:117} INFO - [2023-02-26T09:36:57.050+0000] {dagbag.py:525} INFO - Filling up the DagBag from /home/airflow/.local/lib/python3.7/site-packages/airflow/example_dags/example_bash_operator.py
[2023-02-26T09:36:57.070+0000] {processor.py:768} INFO - DAG(s) dict_keys(['example_bash_operator']) retrieved from /home/airflow/.local/lib/python3.7/site-packages/airflow/example_dags/example_bash_operator.py
[2023-02-26T09:36:57.107+0000] {logging_mixin.py:117} INFO - [2023-02-26T09:36:57.107+0000] {dag.py:2573} INFO - Sync 1 DAGs
[2023-02-26T09:36:57.129+0000] {logging_mixin.py:117} INFO - [2023-02-26T09:36:57.129+0000] {dag.py:3328} INFO - Setting next_dagrun for example_bash_operator to 2023-02-25T00:00:00+00:00, run_after=2023-02-26T00:00:00+00:00
[2023-02-26T09:36:57.150+0000] {processor.py:178} INFO - Processing /home/airflow/.local/lib/python3.7/site-packages/airflow/example_dags/example_bash_operator.py took 0.106 seconds
[2023-02-26T09:37:27.570+0000] {processor.py:156} INFO - Started process (PID=238) to work on /home/airflow/.local/lib/python3.7/site-packages/airflow/example_dags/example_bash_operator.py
[2023-02-26T09:37:27.574+0000] {processor.py:758} INFO - Processing file /home/airflow/.local/lib/python3.7/site-packages/airflow/example_dags/example_bash_operator.py for tasks to queue
[2023-02-26T09:37:27.576+0000] {logging_mixin.py:117} INFO - [2023-02-26T09:37:27.575+0000] {dagbag.py:525} INFO - Filling up the DagBag from /home/airflow/.local/lib/python3.7/site-packages/airflow/example_dags/example_bash_operator.py
[2023-02-26T09:37:27.597+0000] {processor.py:768} INFO - DAG(s) dict_keys(['example_bash_operator']) retrieved from /home/airflow/.local/lib/python3.7/site-packages/airflow/example_dags/example_bash_operator.py
[2023-02-26T09:37:27.641+0000] {logging_mixin.py:117} INFO - [2023-02-26T09:37:27.641+0000] {dag.py:2573} INFO - Sync 1 DAGs
[2023-02-26T09:37:27.668+0000] {logging_mixin.py:117} INFO - [2023-02-26T09:37:27.668+0000] {dag.py:3328} INFO - Setting next_dagrun for example_bash_operator to 2023-02-25T00:00:00+00:00, run_after=2023-02-26T00:00:00+00:00
[2023-02-26T09:37:27.687+0000] {processor.py:178} INFO - Processing /home/airflow/.local/lib/python3.7/site-packages/airflow/example_dags/example_bash_operator.py took 0.119 seconds
[2023-02-26T09:37:58.230+0000] {processor.py:156} INFO - Started process (PID=300) to work on /home/airflow/.local/lib/python3.7/site-packages/airflow/example_dags/example_bash_operator.py
[2023-02-26T09:37:58.232+0000] {processor.py:758} INFO - Processing file /home/airflow/.local/lib/python3.7/site-packages/airflow/example_dags/example_bash_operator.py for tasks to queue
[2023-02-26T09:37:58.233+0000] {logging_mixin.py:117} INFO - [2023-02-26T09:37:58.233+0000] {dagbag.py:525} INFO - Filling up the DagBag from /home/airflow/.local/lib/python3.7/site-packages/airflow/example_dags/example_bash_operator.py
[2023-02-26T09:37:58.260+0000] {processor.py:768} INFO - DAG(s) dict_keys(['example_bash_operator']) retrieved from /home/airflow/.local/lib/python3.7/site-packages/airflow/example_dags/example_bash_operator.py
[2023-02-26T09:37:58.288+0000] {logging_mixin.py:117} INFO - [2023-02-26T09:37:58.288+0000] {dag.py:2573} INFO - Sync 1 DAGs
[2023-02-26T09:37:58.303+0000] {logging_mixin.py:117} INFO - [2023-02-26T09:37:58.303+0000] {dag.py:3328} INFO - Setting next_dagrun for example_bash_operator to 2023-02-25T00:00:00+00:00, run_after=2023-02-26T00:00:00+00:00
[2023-02-26T09:37:58.314+0000] {processor.py:178} INFO - Processing /home/airflow/.local/lib/python3.7/site-packages/airflow/example_dags/example_bash_operator.py took 0.087 seconds
[2023-02-26T09:38:28.870+0000] {processor.py:156} INFO - Started process (PID=363) to work on /home/airflow/.local/lib/python3.7/site-packages/airflow/example_dags/example_bash_operator.py
[2023-02-26T09:38:28.871+0000] {processor.py:758} INFO - Processing file /home/airflow/.local/lib/python3.7/site-packages/airflow/example_dags/example_bash_operator.py for tasks to queue
[2023-02-26T09:38:28.872+0000] {logging_mixin.py:117} INFO - [2023-02-26T09:38:28.872+0000] {dagbag.py:525} INFO - Filling up the DagBag from /home/airflow/.local/lib/python3.7/site-packages/airflow/example_dags/example_bash_operator.py
[2023-02-26T09:38:28.885+0000] {processor.py:768} INFO - DAG(s) dict_keys(['example_bash_operator']) retrieved from /home/airflow/.local/lib/python3.7/site-packages/airflow/example_dags/example_bash_operator.py
[2023-02-26T09:38:28.912+0000] {logging_mixin.py:117} INFO - [2023-02-26T09:38:28.912+0000] {dag.py:2573} INFO - Sync 1 DAGs
[2023-02-26T09:38:28.927+0000] {logging_mixin.py:117} INFO - [2023-02-26T09:38:28.926+0000] {dag.py:3328} INFO - Setting next_dagrun for example_bash_operator to 2023-02-25T00:00:00+00:00, run_after=2023-02-26T00:00:00+00:00
[2023-02-26T09:38:28.937+0000] {processor.py:178} INFO - Processing /home/airflow/.local/lib/python3.7/site-packages/airflow/example_dags/example_bash_operator.py took 0.070 seconds
[2023-02-26T09:38:59.615+0000] {processor.py:156} INFO - Started process (PID=426) to work on /home/airflow/.local/lib/python3.7/site-packages/airflow/example_dags/example_bash_operator.py
[2023-02-26T09:38:59.622+0000] {processor.py:758} INFO - Processing file /home/airflow/.local/lib/python3.7/site-packages/airflow/example_dags/example_bash_operator.py for tasks to queue
[2023-02-26T09:38:59.626+0000] {logging_mixin.py:117} INFO - [2023-02-26T09:38:59.625+0000] {dagbag.py:525} INFO - Filling up the DagBag from /home/airflow/.local/lib/python3.7/site-packages/airflow/example_dags/example_bash_operator.py
[2023-02-26T09:38:59.663+0000] {processor.py:768} INFO - DAG(s) dict_keys(['example_bash_operator']) retrieved from /home/airflow/.local/lib/python3.7/site-packages/airflow/example_dags/example_bash_operator.py
[2023-02-26T09:38:59.723+0000] {logging_mixin.py:117} INFO - [2023-02-26T09:38:59.723+0000] {dag.py:2573} INFO - Sync 1 DAGs
[2023-02-26T09:38:59.750+0000] {logging_mixin.py:117} INFO - [2023-02-26T09:38:59.750+0000] {dag.py:3328} INFO - Setting next_dagrun for example_bash_operator to 2023-02-25T00:00:00+00:00, run_after=2023-02-26T00:00:00+00:00
[2023-02-26T09:38:59.774+0000] {processor.py:178} INFO - Processing /home/airflow/.local/lib/python3.7/site-packages/airflow/example_dags/example_bash_operator.py took 0.165 seconds
