[2023-02-26T09:35:53.025+0000] {processor.py:156} INFO - Started process (PID=41) to work on /home/airflow/.local/lib/python3.7/site-packages/airflow/example_dags/example_task_group_decorator.py
[2023-02-26T09:35:53.028+0000] {processor.py:758} INFO - Processing file /home/airflow/.local/lib/python3.7/site-packages/airflow/example_dags/example_task_group_decorator.py for tasks to queue
[2023-02-26T09:35:53.030+0000] {logging_mixin.py:117} INFO - [2023-02-26T09:35:53.030+0000] {dagbag.py:525} INFO - Filling up the DagBag from /home/airflow/.local/lib/python3.7/site-packages/airflow/example_dags/example_task_group_decorator.py
[2023-02-26T09:35:53.063+0000] {processor.py:768} INFO - DAG(s) dict_keys(['example_task_group_decorator']) retrieved from /home/airflow/.local/lib/python3.7/site-packages/airflow/example_dags/example_task_group_decorator.py
[2023-02-26T09:35:53.096+0000] {logging_mixin.py:117} INFO - [2023-02-26T09:35:53.096+0000] {dag.py:2573} INFO - Sync 1 DAGs
[2023-02-26T09:35:53.119+0000] {logging_mixin.py:117} INFO - [2023-02-26T09:35:53.119+0000] {dag.py:3328} INFO - Setting next_dagrun for example_task_group_decorator to 2023-02-25T09:35:53.118881+00:00, run_after=2023-02-26T09:35:53.118881+00:00
[2023-02-26T09:35:53.139+0000] {processor.py:178} INFO - Processing /home/airflow/.local/lib/python3.7/site-packages/airflow/example_dags/example_task_group_decorator.py took 0.119 seconds
[2023-02-26T09:36:23.884+0000] {processor.py:156} INFO - Started process (PID=102) to work on /home/airflow/.local/lib/python3.7/site-packages/airflow/example_dags/example_task_group_decorator.py
[2023-02-26T09:36:23.886+0000] {processor.py:758} INFO - Processing file /home/airflow/.local/lib/python3.7/site-packages/airflow/example_dags/example_task_group_decorator.py for tasks to queue
[2023-02-26T09:36:23.887+0000] {logging_mixin.py:117} INFO - [2023-02-26T09:36:23.887+0000] {dagbag.py:525} INFO - Filling up the DagBag from /home/airflow/.local/lib/python3.7/site-packages/airflow/example_dags/example_task_group_decorator.py
[2023-02-26T09:36:23.911+0000] {processor.py:768} INFO - DAG(s) dict_keys(['example_task_group_decorator']) retrieved from /home/airflow/.local/lib/python3.7/site-packages/airflow/example_dags/example_task_group_decorator.py
[2023-02-26T09:36:23.941+0000] {logging_mixin.py:117} INFO - [2023-02-26T09:36:23.941+0000] {dag.py:2573} INFO - Sync 1 DAGs
[2023-02-26T09:36:23.960+0000] {logging_mixin.py:117} INFO - [2023-02-26T09:36:23.960+0000] {dag.py:3328} INFO - Setting next_dagrun for example_task_group_decorator to 2023-02-25T09:36:23.959932+00:00, run_after=2023-02-26T09:36:23.959932+00:00
[2023-02-26T09:36:23.975+0000] {processor.py:178} INFO - Processing /home/airflow/.local/lib/python3.7/site-packages/airflow/example_dags/example_task_group_decorator.py took 0.094 seconds
[2023-02-26T09:36:54.703+0000] {processor.py:156} INFO - Started process (PID=157) to work on /home/airflow/.local/lib/python3.7/site-packages/airflow/example_dags/example_task_group_decorator.py
[2023-02-26T09:36:54.704+0000] {processor.py:758} INFO - Processing file /home/airflow/.local/lib/python3.7/site-packages/airflow/example_dags/example_task_group_decorator.py for tasks to queue
[2023-02-26T09:36:54.707+0000] {logging_mixin.py:117} INFO - [2023-02-26T09:36:54.706+0000] {dagbag.py:525} INFO - Filling up the DagBag from /home/airflow/.local/lib/python3.7/site-packages/airflow/example_dags/example_task_group_decorator.py
[2023-02-26T09:36:54.735+0000] {processor.py:768} INFO - DAG(s) dict_keys(['example_task_group_decorator']) retrieved from /home/airflow/.local/lib/python3.7/site-packages/airflow/example_dags/example_task_group_decorator.py
[2023-02-26T09:36:54.782+0000] {logging_mixin.py:117} INFO - [2023-02-26T09:36:54.781+0000] {dag.py:2573} INFO - Sync 1 DAGs
[2023-02-26T09:36:54.803+0000] {logging_mixin.py:117} INFO - [2023-02-26T09:36:54.803+0000] {dag.py:3328} INFO - Setting next_dagrun for example_task_group_decorator to 2023-02-25T09:36:54.803533+00:00, run_after=2023-02-26T09:36:54.803533+00:00
[2023-02-26T09:36:54.821+0000] {processor.py:178} INFO - Processing /home/airflow/.local/lib/python3.7/site-packages/airflow/example_dags/example_task_group_decorator.py took 0.121 seconds
[2023-02-26T09:37:25.599+0000] {processor.py:156} INFO - Started process (PID=220) to work on /home/airflow/.local/lib/python3.7/site-packages/airflow/example_dags/example_task_group_decorator.py
[2023-02-26T09:37:25.602+0000] {processor.py:758} INFO - Processing file /home/airflow/.local/lib/python3.7/site-packages/airflow/example_dags/example_task_group_decorator.py for tasks to queue
[2023-02-26T09:37:25.604+0000] {logging_mixin.py:117} INFO - [2023-02-26T09:37:25.603+0000] {dagbag.py:525} INFO - Filling up the DagBag from /home/airflow/.local/lib/python3.7/site-packages/airflow/example_dags/example_task_group_decorator.py
[2023-02-26T09:37:25.630+0000] {processor.py:768} INFO - DAG(s) dict_keys(['example_task_group_decorator']) retrieved from /home/airflow/.local/lib/python3.7/site-packages/airflow/example_dags/example_task_group_decorator.py
[2023-02-26T09:37:25.660+0000] {logging_mixin.py:117} INFO - [2023-02-26T09:37:25.660+0000] {dag.py:2573} INFO - Sync 1 DAGs
[2023-02-26T09:37:25.675+0000] {logging_mixin.py:117} INFO - [2023-02-26T09:37:25.675+0000] {dag.py:3328} INFO - Setting next_dagrun for example_task_group_decorator to 2023-02-25T09:37:25.675623+00:00, run_after=2023-02-26T09:37:25.675623+00:00
[2023-02-26T09:37:25.688+0000] {processor.py:178} INFO - Processing /home/airflow/.local/lib/python3.7/site-packages/airflow/example_dags/example_task_group_decorator.py took 0.092 seconds
[2023-02-26T09:37:56.031+0000] {processor.py:156} INFO - Started process (PID=282) to work on /home/airflow/.local/lib/python3.7/site-packages/airflow/example_dags/example_task_group_decorator.py
[2023-02-26T09:37:56.032+0000] {processor.py:758} INFO - Processing file /home/airflow/.local/lib/python3.7/site-packages/airflow/example_dags/example_task_group_decorator.py for tasks to queue
[2023-02-26T09:37:56.035+0000] {logging_mixin.py:117} INFO - [2023-02-26T09:37:56.034+0000] {dagbag.py:525} INFO - Filling up the DagBag from /home/airflow/.local/lib/python3.7/site-packages/airflow/example_dags/example_task_group_decorator.py
[2023-02-26T09:37:56.065+0000] {processor.py:768} INFO - DAG(s) dict_keys(['example_task_group_decorator']) retrieved from /home/airflow/.local/lib/python3.7/site-packages/airflow/example_dags/example_task_group_decorator.py
[2023-02-26T09:37:56.100+0000] {logging_mixin.py:117} INFO - [2023-02-26T09:37:56.100+0000] {dag.py:2573} INFO - Sync 1 DAGs
[2023-02-26T09:37:56.121+0000] {logging_mixin.py:117} INFO - [2023-02-26T09:37:56.121+0000] {dag.py:3328} INFO - Setting next_dagrun for example_task_group_decorator to 2023-02-25T09:37:56.121531+00:00, run_after=2023-02-26T09:37:56.121531+00:00
[2023-02-26T09:37:56.140+0000] {processor.py:178} INFO - Processing /home/airflow/.local/lib/python3.7/site-packages/airflow/example_dags/example_task_group_decorator.py took 0.113 seconds
[2023-02-26T09:38:26.414+0000] {processor.py:156} INFO - Started process (PID=345) to work on /home/airflow/.local/lib/python3.7/site-packages/airflow/example_dags/example_task_group_decorator.py
[2023-02-26T09:38:26.416+0000] {processor.py:758} INFO - Processing file /home/airflow/.local/lib/python3.7/site-packages/airflow/example_dags/example_task_group_decorator.py for tasks to queue
[2023-02-26T09:38:26.417+0000] {logging_mixin.py:117} INFO - [2023-02-26T09:38:26.417+0000] {dagbag.py:525} INFO - Filling up the DagBag from /home/airflow/.local/lib/python3.7/site-packages/airflow/example_dags/example_task_group_decorator.py
[2023-02-26T09:38:26.438+0000] {processor.py:768} INFO - DAG(s) dict_keys(['example_task_group_decorator']) retrieved from /home/airflow/.local/lib/python3.7/site-packages/airflow/example_dags/example_task_group_decorator.py
[2023-02-26T09:38:26.464+0000] {logging_mixin.py:117} INFO - [2023-02-26T09:38:26.464+0000] {dag.py:2573} INFO - Sync 1 DAGs
[2023-02-26T09:38:26.479+0000] {logging_mixin.py:117} INFO - [2023-02-26T09:38:26.479+0000] {dag.py:3328} INFO - Setting next_dagrun for example_task_group_decorator to 2023-02-25T09:38:26.479600+00:00, run_after=2023-02-26T09:38:26.479600+00:00
[2023-02-26T09:38:26.493+0000] {processor.py:178} INFO - Processing /home/airflow/.local/lib/python3.7/site-packages/airflow/example_dags/example_task_group_decorator.py took 0.082 seconds
[2023-02-26T09:38:57.300+0000] {processor.py:156} INFO - Started process (PID=408) to work on /home/airflow/.local/lib/python3.7/site-packages/airflow/example_dags/example_task_group_decorator.py
[2023-02-26T09:38:57.314+0000] {processor.py:758} INFO - Processing file /home/airflow/.local/lib/python3.7/site-packages/airflow/example_dags/example_task_group_decorator.py for tasks to queue
[2023-02-26T09:38:57.316+0000] {logging_mixin.py:117} INFO - [2023-02-26T09:38:57.316+0000] {dagbag.py:525} INFO - Filling up the DagBag from /home/airflow/.local/lib/python3.7/site-packages/airflow/example_dags/example_task_group_decorator.py
[2023-02-26T09:38:57.353+0000] {processor.py:768} INFO - DAG(s) dict_keys(['example_task_group_decorator']) retrieved from /home/airflow/.local/lib/python3.7/site-packages/airflow/example_dags/example_task_group_decorator.py
[2023-02-26T09:38:57.391+0000] {logging_mixin.py:117} INFO - [2023-02-26T09:38:57.391+0000] {dag.py:2573} INFO - Sync 1 DAGs
[2023-02-26T09:38:57.415+0000] {logging_mixin.py:117} INFO - [2023-02-26T09:38:57.415+0000] {dag.py:3328} INFO - Setting next_dagrun for example_task_group_decorator to 2023-02-25T09:38:57.414813+00:00, run_after=2023-02-26T09:38:57.414813+00:00
[2023-02-26T09:38:57.431+0000] {processor.py:178} INFO - Processing /home/airflow/.local/lib/python3.7/site-packages/airflow/example_dags/example_task_group_decorator.py took 0.135 seconds
