[2023-02-26T09:35:56.152+0000] {processor.py:156} INFO - Started process (PID=70) to work on /home/airflow/.local/lib/python3.7/site-packages/airflow/example_dags/example_trigger_target_dag.py
[2023-02-26T09:35:56.163+0000] {processor.py:758} INFO - Processing file /home/airflow/.local/lib/python3.7/site-packages/airflow/example_dags/example_trigger_target_dag.py for tasks to queue
[2023-02-26T09:35:56.168+0000] {logging_mixin.py:117} INFO - [2023-02-26T09:35:56.167+0000] {dagbag.py:525} INFO - Filling up the DagBag from /home/airflow/.local/lib/python3.7/site-packages/airflow/example_dags/example_trigger_target_dag.py
[2023-02-26T09:35:56.317+0000] {processor.py:768} INFO - DAG(s) dict_keys(['example_trigger_target_dag']) retrieved from /home/airflow/.local/lib/python3.7/site-packages/airflow/example_dags/example_trigger_target_dag.py
[2023-02-26T09:35:56.518+0000] {logging_mixin.py:117} INFO - [2023-02-26T09:35:56.517+0000] {dag.py:2573} INFO - Sync 1 DAGs
[2023-02-26T09:35:56.758+0000] {logging_mixin.py:117} INFO - [2023-02-26T09:35:56.758+0000] {dag.py:3328} INFO - Setting next_dagrun for example_trigger_target_dag to None, run_after=None
[2023-02-26T09:35:56.864+0000] {processor.py:178} INFO - Processing /home/airflow/.local/lib/python3.7/site-packages/airflow/example_dags/example_trigger_target_dag.py took 0.728 seconds
[2023-02-26T09:36:27.662+0000] {processor.py:156} INFO - Started process (PID=123) to work on /home/airflow/.local/lib/python3.7/site-packages/airflow/example_dags/example_trigger_target_dag.py
[2023-02-26T09:36:27.680+0000] {processor.py:758} INFO - Processing file /home/airflow/.local/lib/python3.7/site-packages/airflow/example_dags/example_trigger_target_dag.py for tasks to queue
[2023-02-26T09:36:27.681+0000] {logging_mixin.py:117} INFO - [2023-02-26T09:36:27.681+0000] {dagbag.py:525} INFO - Filling up the DagBag from /home/airflow/.local/lib/python3.7/site-packages/airflow/example_dags/example_trigger_target_dag.py
[2023-02-26T09:36:27.697+0000] {processor.py:768} INFO - DAG(s) dict_keys(['example_trigger_target_dag']) retrieved from /home/airflow/.local/lib/python3.7/site-packages/airflow/example_dags/example_trigger_target_dag.py
[2023-02-26T09:36:27.729+0000] {logging_mixin.py:117} INFO - [2023-02-26T09:36:27.729+0000] {dag.py:2573} INFO - Sync 1 DAGs
[2023-02-26T09:36:27.760+0000] {logging_mixin.py:117} INFO - [2023-02-26T09:36:27.760+0000] {dag.py:3328} INFO - Setting next_dagrun for example_trigger_target_dag to None, run_after=None
[2023-02-26T09:36:27.779+0000] {processor.py:178} INFO - Processing /home/airflow/.local/lib/python3.7/site-packages/airflow/example_dags/example_trigger_target_dag.py took 0.120 seconds
[2023-02-26T09:36:58.322+0000] {processor.py:156} INFO - Started process (PID=187) to work on /home/airflow/.local/lib/python3.7/site-packages/airflow/example_dags/example_trigger_target_dag.py
[2023-02-26T09:36:58.324+0000] {processor.py:758} INFO - Processing file /home/airflow/.local/lib/python3.7/site-packages/airflow/example_dags/example_trigger_target_dag.py for tasks to queue
[2023-02-26T09:36:58.325+0000] {logging_mixin.py:117} INFO - [2023-02-26T09:36:58.325+0000] {dagbag.py:525} INFO - Filling up the DagBag from /home/airflow/.local/lib/python3.7/site-packages/airflow/example_dags/example_trigger_target_dag.py
[2023-02-26T09:36:58.342+0000] {processor.py:768} INFO - DAG(s) dict_keys(['example_trigger_target_dag']) retrieved from /home/airflow/.local/lib/python3.7/site-packages/airflow/example_dags/example_trigger_target_dag.py
[2023-02-26T09:36:58.373+0000] {logging_mixin.py:117} INFO - [2023-02-26T09:36:58.372+0000] {dag.py:2573} INFO - Sync 1 DAGs
[2023-02-26T09:36:58.393+0000] {logging_mixin.py:117} INFO - [2023-02-26T09:36:58.393+0000] {dag.py:3328} INFO - Setting next_dagrun for example_trigger_target_dag to None, run_after=None
[2023-02-26T09:36:58.409+0000] {processor.py:178} INFO - Processing /home/airflow/.local/lib/python3.7/site-packages/airflow/example_dags/example_trigger_target_dag.py took 0.090 seconds
[2023-02-26T09:37:28.881+0000] {processor.py:156} INFO - Started process (PID=250) to work on /home/airflow/.local/lib/python3.7/site-packages/airflow/example_dags/example_trigger_target_dag.py
[2023-02-26T09:37:28.883+0000] {processor.py:758} INFO - Processing file /home/airflow/.local/lib/python3.7/site-packages/airflow/example_dags/example_trigger_target_dag.py for tasks to queue
[2023-02-26T09:37:28.885+0000] {logging_mixin.py:117} INFO - [2023-02-26T09:37:28.884+0000] {dagbag.py:525} INFO - Filling up the DagBag from /home/airflow/.local/lib/python3.7/site-packages/airflow/example_dags/example_trigger_target_dag.py
[2023-02-26T09:37:28.900+0000] {processor.py:768} INFO - DAG(s) dict_keys(['example_trigger_target_dag']) retrieved from /home/airflow/.local/lib/python3.7/site-packages/airflow/example_dags/example_trigger_target_dag.py
[2023-02-26T09:37:28.929+0000] {logging_mixin.py:117} INFO - [2023-02-26T09:37:28.929+0000] {dag.py:2573} INFO - Sync 1 DAGs
[2023-02-26T09:37:28.948+0000] {logging_mixin.py:117} INFO - [2023-02-26T09:37:28.948+0000] {dag.py:3328} INFO - Setting next_dagrun for example_trigger_target_dag to None, run_after=None
[2023-02-26T09:37:28.960+0000] {processor.py:178} INFO - Processing /home/airflow/.local/lib/python3.7/site-packages/airflow/example_dags/example_trigger_target_dag.py took 0.082 seconds
[2023-02-26T09:37:59.445+0000] {processor.py:156} INFO - Started process (PID=303) to work on /home/airflow/.local/lib/python3.7/site-packages/airflow/example_dags/example_trigger_target_dag.py
[2023-02-26T09:37:59.446+0000] {processor.py:758} INFO - Processing file /home/airflow/.local/lib/python3.7/site-packages/airflow/example_dags/example_trigger_target_dag.py for tasks to queue
[2023-02-26T09:37:59.448+0000] {logging_mixin.py:117} INFO - [2023-02-26T09:37:59.447+0000] {dagbag.py:525} INFO - Filling up the DagBag from /home/airflow/.local/lib/python3.7/site-packages/airflow/example_dags/example_trigger_target_dag.py
[2023-02-26T09:37:59.461+0000] {processor.py:768} INFO - DAG(s) dict_keys(['example_trigger_target_dag']) retrieved from /home/airflow/.local/lib/python3.7/site-packages/airflow/example_dags/example_trigger_target_dag.py
[2023-02-26T09:37:59.487+0000] {logging_mixin.py:117} INFO - [2023-02-26T09:37:59.487+0000] {dag.py:2573} INFO - Sync 1 DAGs
[2023-02-26T09:37:59.504+0000] {logging_mixin.py:117} INFO - [2023-02-26T09:37:59.504+0000] {dag.py:3328} INFO - Setting next_dagrun for example_trigger_target_dag to None, run_after=None
[2023-02-26T09:37:59.518+0000] {processor.py:178} INFO - Processing /home/airflow/.local/lib/python3.7/site-packages/airflow/example_dags/example_trigger_target_dag.py took 0.078 seconds
[2023-02-26T09:38:30.060+0000] {processor.py:156} INFO - Started process (PID=366) to work on /home/airflow/.local/lib/python3.7/site-packages/airflow/example_dags/example_trigger_target_dag.py
[2023-02-26T09:38:30.061+0000] {processor.py:758} INFO - Processing file /home/airflow/.local/lib/python3.7/site-packages/airflow/example_dags/example_trigger_target_dag.py for tasks to queue
[2023-02-26T09:38:30.062+0000] {logging_mixin.py:117} INFO - [2023-02-26T09:38:30.062+0000] {dagbag.py:525} INFO - Filling up the DagBag from /home/airflow/.local/lib/python3.7/site-packages/airflow/example_dags/example_trigger_target_dag.py
[2023-02-26T09:38:30.077+0000] {processor.py:768} INFO - DAG(s) dict_keys(['example_trigger_target_dag']) retrieved from /home/airflow/.local/lib/python3.7/site-packages/airflow/example_dags/example_trigger_target_dag.py
[2023-02-26T09:38:30.105+0000] {logging_mixin.py:117} INFO - [2023-02-26T09:38:30.105+0000] {dag.py:2573} INFO - Sync 1 DAGs
[2023-02-26T09:38:30.122+0000] {logging_mixin.py:117} INFO - [2023-02-26T09:38:30.122+0000] {dag.py:3328} INFO - Setting next_dagrun for example_trigger_target_dag to None, run_after=None
[2023-02-26T09:38:30.143+0000] {processor.py:178} INFO - Processing /home/airflow/.local/lib/python3.7/site-packages/airflow/example_dags/example_trigger_target_dag.py took 0.086 seconds
[2023-02-26T09:39:00.281+0000] {processor.py:156} INFO - Started process (PID=429) to work on /home/airflow/.local/lib/python3.7/site-packages/airflow/example_dags/example_trigger_target_dag.py
[2023-02-26T09:39:00.291+0000] {processor.py:758} INFO - Processing file /home/airflow/.local/lib/python3.7/site-packages/airflow/example_dags/example_trigger_target_dag.py for tasks to queue
[2023-02-26T09:39:00.303+0000] {logging_mixin.py:117} INFO - [2023-02-26T09:39:00.301+0000] {dagbag.py:525} INFO - Filling up the DagBag from /home/airflow/.local/lib/python3.7/site-packages/airflow/example_dags/example_trigger_target_dag.py
[2023-02-26T09:39:00.443+0000] {processor.py:768} INFO - DAG(s) dict_keys(['example_trigger_target_dag']) retrieved from /home/airflow/.local/lib/python3.7/site-packages/airflow/example_dags/example_trigger_target_dag.py
[2023-02-26T09:39:00.601+0000] {logging_mixin.py:117} INFO - [2023-02-26T09:39:00.601+0000] {dag.py:2573} INFO - Sync 1 DAGs
[2023-02-26T09:39:00.705+0000] {logging_mixin.py:117} INFO - [2023-02-26T09:39:00.705+0000] {dag.py:3328} INFO - Setting next_dagrun for example_trigger_target_dag to None, run_after=None
[2023-02-26T09:39:00.785+0000] {processor.py:178} INFO - Processing /home/airflow/.local/lib/python3.7/site-packages/airflow/example_dags/example_trigger_target_dag.py took 0.532 seconds
