[2023-02-26T09:35:52.647+0000] {processor.py:156} INFO - Started process (PID=37) to work on /home/airflow/.local/lib/python3.7/site-packages/airflow/example_dags/example_external_task_marker_dag.py
[2023-02-26T09:35:52.649+0000] {processor.py:758} INFO - Processing file /home/airflow/.local/lib/python3.7/site-packages/airflow/example_dags/example_external_task_marker_dag.py for tasks to queue
[2023-02-26T09:35:52.650+0000] {logging_mixin.py:117} INFO - [2023-02-26T09:35:52.650+0000] {dagbag.py:525} INFO - Filling up the DagBag from /home/airflow/.local/lib/python3.7/site-packages/airflow/example_dags/example_external_task_marker_dag.py
[2023-02-26T09:35:52.666+0000] {processor.py:768} INFO - DAG(s) dict_keys(['example_external_task_marker_parent', 'example_external_task_marker_child']) retrieved from /home/airflow/.local/lib/python3.7/site-packages/airflow/example_dags/example_external_task_marker_dag.py
[2023-02-26T09:35:52.690+0000] {logging_mixin.py:117} INFO - [2023-02-26T09:35:52.689+0000] {dag.py:2573} INFO - Sync 2 DAGs
[2023-02-26T09:35:52.711+0000] {logging_mixin.py:117} INFO - [2023-02-26T09:35:52.711+0000] {dag.py:3328} INFO - Setting next_dagrun for example_external_task_marker_child to None, run_after=None
[2023-02-26T09:35:52.716+0000] {logging_mixin.py:117} INFO - [2023-02-26T09:35:52.715+0000] {dag.py:3328} INFO - Setting next_dagrun for example_external_task_marker_parent to None, run_after=None
[2023-02-26T09:35:52.733+0000] {processor.py:178} INFO - Processing /home/airflow/.local/lib/python3.7/site-packages/airflow/example_dags/example_external_task_marker_dag.py took 0.088 seconds
[2023-02-26T09:36:23.461+0000] {processor.py:156} INFO - Started process (PID=98) to work on /home/airflow/.local/lib/python3.7/site-packages/airflow/example_dags/example_external_task_marker_dag.py
[2023-02-26T09:36:23.463+0000] {processor.py:758} INFO - Processing file /home/airflow/.local/lib/python3.7/site-packages/airflow/example_dags/example_external_task_marker_dag.py for tasks to queue
[2023-02-26T09:36:23.465+0000] {logging_mixin.py:117} INFO - [2023-02-26T09:36:23.465+0000] {dagbag.py:525} INFO - Filling up the DagBag from /home/airflow/.local/lib/python3.7/site-packages/airflow/example_dags/example_external_task_marker_dag.py
[2023-02-26T09:36:23.478+0000] {processor.py:768} INFO - DAG(s) dict_keys(['example_external_task_marker_child', 'example_external_task_marker_parent']) retrieved from /home/airflow/.local/lib/python3.7/site-packages/airflow/example_dags/example_external_task_marker_dag.py
[2023-02-26T09:36:23.671+0000] {logging_mixin.py:117} INFO - [2023-02-26T09:36:23.671+0000] {dag.py:2573} INFO - Sync 2 DAGs
[2023-02-26T09:36:23.697+0000] {logging_mixin.py:117} INFO - [2023-02-26T09:36:23.697+0000] {dag.py:3328} INFO - Setting next_dagrun for example_external_task_marker_child to None, run_after=None
[2023-02-26T09:36:23.700+0000] {logging_mixin.py:117} INFO - [2023-02-26T09:36:23.700+0000] {dag.py:3328} INFO - Setting next_dagrun for example_external_task_marker_parent to None, run_after=None
[2023-02-26T09:36:23.712+0000] {processor.py:178} INFO - Processing /home/airflow/.local/lib/python3.7/site-packages/airflow/example_dags/example_external_task_marker_dag.py took 0.253 seconds
[2023-02-26T09:36:54.396+0000] {processor.py:156} INFO - Started process (PID=153) to work on /home/airflow/.local/lib/python3.7/site-packages/airflow/example_dags/example_external_task_marker_dag.py
[2023-02-26T09:36:54.398+0000] {processor.py:758} INFO - Processing file /home/airflow/.local/lib/python3.7/site-packages/airflow/example_dags/example_external_task_marker_dag.py for tasks to queue
[2023-02-26T09:36:54.399+0000] {logging_mixin.py:117} INFO - [2023-02-26T09:36:54.399+0000] {dagbag.py:525} INFO - Filling up the DagBag from /home/airflow/.local/lib/python3.7/site-packages/airflow/example_dags/example_external_task_marker_dag.py
[2023-02-26T09:36:54.409+0000] {processor.py:768} INFO - DAG(s) dict_keys(['example_external_task_marker_parent', 'example_external_task_marker_child']) retrieved from /home/airflow/.local/lib/python3.7/site-packages/airflow/example_dags/example_external_task_marker_dag.py
[2023-02-26T09:36:54.521+0000] {logging_mixin.py:117} INFO - [2023-02-26T09:36:54.521+0000] {dag.py:2573} INFO - Sync 2 DAGs
[2023-02-26T09:36:54.539+0000] {logging_mixin.py:117} INFO - [2023-02-26T09:36:54.539+0000] {dag.py:3328} INFO - Setting next_dagrun for example_external_task_marker_child to None, run_after=None
[2023-02-26T09:36:54.544+0000] {logging_mixin.py:117} INFO - [2023-02-26T09:36:54.544+0000] {dag.py:3328} INFO - Setting next_dagrun for example_external_task_marker_parent to None, run_after=None
[2023-02-26T09:36:54.556+0000] {processor.py:178} INFO - Processing /home/airflow/.local/lib/python3.7/site-packages/airflow/example_dags/example_external_task_marker_dag.py took 0.162 seconds
[2023-02-26T09:37:25.202+0000] {processor.py:156} INFO - Started process (PID=216) to work on /home/airflow/.local/lib/python3.7/site-packages/airflow/example_dags/example_external_task_marker_dag.py
[2023-02-26T09:37:25.204+0000] {processor.py:758} INFO - Processing file /home/airflow/.local/lib/python3.7/site-packages/airflow/example_dags/example_external_task_marker_dag.py for tasks to queue
[2023-02-26T09:37:25.205+0000] {logging_mixin.py:117} INFO - [2023-02-26T09:37:25.205+0000] {dagbag.py:525} INFO - Filling up the DagBag from /home/airflow/.local/lib/python3.7/site-packages/airflow/example_dags/example_external_task_marker_dag.py
[2023-02-26T09:37:25.215+0000] {processor.py:768} INFO - DAG(s) dict_keys(['example_external_task_marker_parent', 'example_external_task_marker_child']) retrieved from /home/airflow/.local/lib/python3.7/site-packages/airflow/example_dags/example_external_task_marker_dag.py
[2023-02-26T09:37:25.332+0000] {logging_mixin.py:117} INFO - [2023-02-26T09:37:25.332+0000] {dag.py:2573} INFO - Sync 2 DAGs
[2023-02-26T09:37:25.345+0000] {logging_mixin.py:117} INFO - [2023-02-26T09:37:25.345+0000] {dag.py:3328} INFO - Setting next_dagrun for example_external_task_marker_child to None, run_after=None
[2023-02-26T09:37:25.348+0000] {logging_mixin.py:117} INFO - [2023-02-26T09:37:25.348+0000] {dag.py:3328} INFO - Setting next_dagrun for example_external_task_marker_parent to None, run_after=None
[2023-02-26T09:37:25.358+0000] {processor.py:178} INFO - Processing /home/airflow/.local/lib/python3.7/site-packages/airflow/example_dags/example_external_task_marker_dag.py took 0.158 seconds
[2023-02-26T09:37:55.612+0000] {processor.py:156} INFO - Started process (PID=278) to work on /home/airflow/.local/lib/python3.7/site-packages/airflow/example_dags/example_external_task_marker_dag.py
[2023-02-26T09:37:55.615+0000] {processor.py:758} INFO - Processing file /home/airflow/.local/lib/python3.7/site-packages/airflow/example_dags/example_external_task_marker_dag.py for tasks to queue
[2023-02-26T09:37:55.620+0000] {logging_mixin.py:117} INFO - [2023-02-26T09:37:55.620+0000] {dagbag.py:525} INFO - Filling up the DagBag from /home/airflow/.local/lib/python3.7/site-packages/airflow/example_dags/example_external_task_marker_dag.py
[2023-02-26T09:37:55.646+0000] {processor.py:768} INFO - DAG(s) dict_keys(['example_external_task_marker_child', 'example_external_task_marker_parent']) retrieved from /home/airflow/.local/lib/python3.7/site-packages/airflow/example_dags/example_external_task_marker_dag.py
[2023-02-26T09:37:55.821+0000] {logging_mixin.py:117} INFO - [2023-02-26T09:37:55.821+0000] {dag.py:2573} INFO - Sync 2 DAGs
[2023-02-26T09:37:55.839+0000] {logging_mixin.py:117} INFO - [2023-02-26T09:37:55.839+0000] {dag.py:3328} INFO - Setting next_dagrun for example_external_task_marker_child to None, run_after=None
[2023-02-26T09:37:55.843+0000] {logging_mixin.py:117} INFO - [2023-02-26T09:37:55.843+0000] {dag.py:3328} INFO - Setting next_dagrun for example_external_task_marker_parent to None, run_after=None
[2023-02-26T09:37:55.856+0000] {processor.py:178} INFO - Processing /home/airflow/.local/lib/python3.7/site-packages/airflow/example_dags/example_external_task_marker_dag.py took 0.249 seconds
[2023-02-26T09:38:26.119+0000] {processor.py:156} INFO - Started process (PID=341) to work on /home/airflow/.local/lib/python3.7/site-packages/airflow/example_dags/example_external_task_marker_dag.py
[2023-02-26T09:38:26.121+0000] {processor.py:758} INFO - Processing file /home/airflow/.local/lib/python3.7/site-packages/airflow/example_dags/example_external_task_marker_dag.py for tasks to queue
[2023-02-26T09:38:26.122+0000] {logging_mixin.py:117} INFO - [2023-02-26T09:38:26.122+0000] {dagbag.py:525} INFO - Filling up the DagBag from /home/airflow/.local/lib/python3.7/site-packages/airflow/example_dags/example_external_task_marker_dag.py
[2023-02-26T09:38:26.132+0000] {processor.py:768} INFO - DAG(s) dict_keys(['example_external_task_marker_parent', 'example_external_task_marker_child']) retrieved from /home/airflow/.local/lib/python3.7/site-packages/airflow/example_dags/example_external_task_marker_dag.py
[2023-02-26T09:38:26.260+0000] {logging_mixin.py:117} INFO - [2023-02-26T09:38:26.260+0000] {dag.py:2573} INFO - Sync 2 DAGs
[2023-02-26T09:38:26.276+0000] {logging_mixin.py:117} INFO - [2023-02-26T09:38:26.276+0000] {dag.py:3328} INFO - Setting next_dagrun for example_external_task_marker_child to None, run_after=None
[2023-02-26T09:38:26.279+0000] {logging_mixin.py:117} INFO - [2023-02-26T09:38:26.279+0000] {dag.py:3328} INFO - Setting next_dagrun for example_external_task_marker_parent to None, run_after=None
[2023-02-26T09:38:26.290+0000] {processor.py:178} INFO - Processing /home/airflow/.local/lib/python3.7/site-packages/airflow/example_dags/example_external_task_marker_dag.py took 0.173 seconds
[2023-02-26T09:38:56.887+0000] {processor.py:156} INFO - Started process (PID=404) to work on /home/airflow/.local/lib/python3.7/site-packages/airflow/example_dags/example_external_task_marker_dag.py
[2023-02-26T09:38:56.890+0000] {processor.py:758} INFO - Processing file /home/airflow/.local/lib/python3.7/site-packages/airflow/example_dags/example_external_task_marker_dag.py for tasks to queue
[2023-02-26T09:38:56.891+0000] {logging_mixin.py:117} INFO - [2023-02-26T09:38:56.891+0000] {dagbag.py:525} INFO - Filling up the DagBag from /home/airflow/.local/lib/python3.7/site-packages/airflow/example_dags/example_external_task_marker_dag.py
[2023-02-26T09:38:56.906+0000] {processor.py:768} INFO - DAG(s) dict_keys(['example_external_task_marker_parent', 'example_external_task_marker_child']) retrieved from /home/airflow/.local/lib/python3.7/site-packages/airflow/example_dags/example_external_task_marker_dag.py
[2023-02-26T09:38:57.092+0000] {logging_mixin.py:117} INFO - [2023-02-26T09:38:57.091+0000] {dag.py:2573} INFO - Sync 2 DAGs
[2023-02-26T09:38:57.112+0000] {logging_mixin.py:117} INFO - [2023-02-26T09:38:57.112+0000] {dag.py:3328} INFO - Setting next_dagrun for example_external_task_marker_child to None, run_after=None
[2023-02-26T09:38:57.117+0000] {logging_mixin.py:117} INFO - [2023-02-26T09:38:57.117+0000] {dag.py:3328} INFO - Setting next_dagrun for example_external_task_marker_parent to None, run_after=None
[2023-02-26T09:38:57.131+0000] {processor.py:178} INFO - Processing /home/airflow/.local/lib/python3.7/site-packages/airflow/example_dags/example_external_task_marker_dag.py took 0.247 seconds
