[2023-02-26T09:35:54.018+0000] {processor.py:156} INFO - Started process (PID=50) to work on /home/airflow/.local/lib/python3.7/site-packages/airflow/example_dags/example_kubernetes_executor.py
[2023-02-26T09:35:54.027+0000] {processor.py:758} INFO - Processing file /home/airflow/.local/lib/python3.7/site-packages/airflow/example_dags/example_kubernetes_executor.py for tasks to queue
[2023-02-26T09:35:54.036+0000] {logging_mixin.py:117} INFO - [2023-02-26T09:35:54.035+0000] {dagbag.py:525} INFO - Filling up the DagBag from /home/airflow/.local/lib/python3.7/site-packages/airflow/example_dags/example_kubernetes_executor.py
[2023-02-26T09:35:54.106+0000] {processor.py:768} INFO - DAG(s) dict_keys(['example_kubernetes_executor']) retrieved from /home/airflow/.local/lib/python3.7/site-packages/airflow/example_dags/example_kubernetes_executor.py
[2023-02-26T09:35:54.145+0000] {logging_mixin.py:117} INFO - [2023-02-26T09:35:54.145+0000] {dag.py:2573} INFO - Sync 1 DAGs
[2023-02-26T09:35:54.196+0000] {logging_mixin.py:117} INFO - [2023-02-26T09:35:54.195+0000] {dag.py:3328} INFO - Setting next_dagrun for example_kubernetes_executor to None, run_after=None
[2023-02-26T09:35:54.232+0000] {processor.py:178} INFO - Processing /home/airflow/.local/lib/python3.7/site-packages/airflow/example_dags/example_kubernetes_executor.py took 0.221 seconds
[2023-02-26T09:36:24.530+0000] {processor.py:156} INFO - Started process (PID=111) to work on /home/airflow/.local/lib/python3.7/site-packages/airflow/example_dags/example_kubernetes_executor.py
[2023-02-26T09:36:24.532+0000] {processor.py:758} INFO - Processing file /home/airflow/.local/lib/python3.7/site-packages/airflow/example_dags/example_kubernetes_executor.py for tasks to queue
[2023-02-26T09:36:24.535+0000] {logging_mixin.py:117} INFO - [2023-02-26T09:36:24.535+0000] {dagbag.py:525} INFO - Filling up the DagBag from /home/airflow/.local/lib/python3.7/site-packages/airflow/example_dags/example_kubernetes_executor.py
[2023-02-26T09:36:24.565+0000] {processor.py:768} INFO - DAG(s) dict_keys(['example_kubernetes_executor']) retrieved from /home/airflow/.local/lib/python3.7/site-packages/airflow/example_dags/example_kubernetes_executor.py
[2023-02-26T09:36:24.617+0000] {logging_mixin.py:117} INFO - [2023-02-26T09:36:24.617+0000] {dag.py:2573} INFO - Sync 1 DAGs
[2023-02-26T09:36:24.643+0000] {logging_mixin.py:117} INFO - [2023-02-26T09:36:24.643+0000] {dag.py:3328} INFO - Setting next_dagrun for example_kubernetes_executor to None, run_after=None
[2023-02-26T09:36:24.663+0000] {processor.py:178} INFO - Processing /home/airflow/.local/lib/python3.7/site-packages/airflow/example_dags/example_kubernetes_executor.py took 0.138 seconds
[2023-02-26T09:36:55.367+0000] {processor.py:156} INFO - Started process (PID=173) to work on /home/airflow/.local/lib/python3.7/site-packages/airflow/example_dags/example_kubernetes_executor.py
[2023-02-26T09:36:55.373+0000] {processor.py:758} INFO - Processing file /home/airflow/.local/lib/python3.7/site-packages/airflow/example_dags/example_kubernetes_executor.py for tasks to queue
[2023-02-26T09:36:55.375+0000] {logging_mixin.py:117} INFO - [2023-02-26T09:36:55.375+0000] {dagbag.py:525} INFO - Filling up the DagBag from /home/airflow/.local/lib/python3.7/site-packages/airflow/example_dags/example_kubernetes_executor.py
[2023-02-26T09:36:55.400+0000] {processor.py:768} INFO - DAG(s) dict_keys(['example_kubernetes_executor']) retrieved from /home/airflow/.local/lib/python3.7/site-packages/airflow/example_dags/example_kubernetes_executor.py
[2023-02-26T09:36:55.448+0000] {logging_mixin.py:117} INFO - [2023-02-26T09:36:55.448+0000] {dag.py:2573} INFO - Sync 1 DAGs
[2023-02-26T09:36:55.475+0000] {logging_mixin.py:117} INFO - [2023-02-26T09:36:55.475+0000] {dag.py:3328} INFO - Setting next_dagrun for example_kubernetes_executor to None, run_after=None
[2023-02-26T09:36:55.493+0000] {processor.py:178} INFO - Processing /home/airflow/.local/lib/python3.7/site-packages/airflow/example_dags/example_kubernetes_executor.py took 0.128 seconds
[2023-02-26T09:37:26.135+0000] {processor.py:156} INFO - Started process (PID=229) to work on /home/airflow/.local/lib/python3.7/site-packages/airflow/example_dags/example_kubernetes_executor.py
[2023-02-26T09:37:26.137+0000] {processor.py:758} INFO - Processing file /home/airflow/.local/lib/python3.7/site-packages/airflow/example_dags/example_kubernetes_executor.py for tasks to queue
[2023-02-26T09:37:26.139+0000] {logging_mixin.py:117} INFO - [2023-02-26T09:37:26.139+0000] {dagbag.py:525} INFO - Filling up the DagBag from /home/airflow/.local/lib/python3.7/site-packages/airflow/example_dags/example_kubernetes_executor.py
[2023-02-26T09:37:26.161+0000] {processor.py:768} INFO - DAG(s) dict_keys(['example_kubernetes_executor']) retrieved from /home/airflow/.local/lib/python3.7/site-packages/airflow/example_dags/example_kubernetes_executor.py
[2023-02-26T09:37:26.191+0000] {logging_mixin.py:117} INFO - [2023-02-26T09:37:26.191+0000] {dag.py:2573} INFO - Sync 1 DAGs
[2023-02-26T09:37:26.211+0000] {logging_mixin.py:117} INFO - [2023-02-26T09:37:26.211+0000] {dag.py:3328} INFO - Setting next_dagrun for example_kubernetes_executor to None, run_after=None
[2023-02-26T09:37:26.225+0000] {processor.py:178} INFO - Processing /home/airflow/.local/lib/python3.7/site-packages/airflow/example_dags/example_kubernetes_executor.py took 0.092 seconds
[2023-02-26T09:37:56.686+0000] {processor.py:156} INFO - Started process (PID=291) to work on /home/airflow/.local/lib/python3.7/site-packages/airflow/example_dags/example_kubernetes_executor.py
[2023-02-26T09:37:56.688+0000] {processor.py:758} INFO - Processing file /home/airflow/.local/lib/python3.7/site-packages/airflow/example_dags/example_kubernetes_executor.py for tasks to queue
[2023-02-26T09:37:56.689+0000] {logging_mixin.py:117} INFO - [2023-02-26T09:37:56.689+0000] {dagbag.py:525} INFO - Filling up the DagBag from /home/airflow/.local/lib/python3.7/site-packages/airflow/example_dags/example_kubernetes_executor.py
[2023-02-26T09:37:56.717+0000] {processor.py:768} INFO - DAG(s) dict_keys(['example_kubernetes_executor']) retrieved from /home/airflow/.local/lib/python3.7/site-packages/airflow/example_dags/example_kubernetes_executor.py
[2023-02-26T09:37:56.747+0000] {logging_mixin.py:117} INFO - [2023-02-26T09:37:56.747+0000] {dag.py:2573} INFO - Sync 1 DAGs
[2023-02-26T09:37:56.764+0000] {logging_mixin.py:117} INFO - [2023-02-26T09:37:56.764+0000] {dag.py:3328} INFO - Setting next_dagrun for example_kubernetes_executor to None, run_after=None
[2023-02-26T09:37:56.777+0000] {processor.py:178} INFO - Processing /home/airflow/.local/lib/python3.7/site-packages/airflow/example_dags/example_kubernetes_executor.py took 0.094 seconds
[2023-02-26T09:38:27.166+0000] {processor.py:156} INFO - Started process (PID=354) to work on /home/airflow/.local/lib/python3.7/site-packages/airflow/example_dags/example_kubernetes_executor.py
[2023-02-26T09:38:27.168+0000] {processor.py:758} INFO - Processing file /home/airflow/.local/lib/python3.7/site-packages/airflow/example_dags/example_kubernetes_executor.py for tasks to queue
[2023-02-26T09:38:27.169+0000] {logging_mixin.py:117} INFO - [2023-02-26T09:38:27.169+0000] {dagbag.py:525} INFO - Filling up the DagBag from /home/airflow/.local/lib/python3.7/site-packages/airflow/example_dags/example_kubernetes_executor.py
[2023-02-26T09:38:27.193+0000] {processor.py:768} INFO - DAG(s) dict_keys(['example_kubernetes_executor']) retrieved from /home/airflow/.local/lib/python3.7/site-packages/airflow/example_dags/example_kubernetes_executor.py
[2023-02-26T09:38:27.227+0000] {logging_mixin.py:117} INFO - [2023-02-26T09:38:27.227+0000] {dag.py:2573} INFO - Sync 1 DAGs
[2023-02-26T09:38:27.255+0000] {logging_mixin.py:117} INFO - [2023-02-26T09:38:27.255+0000] {dag.py:3328} INFO - Setting next_dagrun for example_kubernetes_executor to None, run_after=None
[2023-02-26T09:38:27.272+0000] {processor.py:178} INFO - Processing /home/airflow/.local/lib/python3.7/site-packages/airflow/example_dags/example_kubernetes_executor.py took 0.109 seconds
[2023-02-26T09:38:57.982+0000] {processor.py:156} INFO - Started process (PID=417) to work on /home/airflow/.local/lib/python3.7/site-packages/airflow/example_dags/example_kubernetes_executor.py
[2023-02-26T09:38:57.985+0000] {processor.py:758} INFO - Processing file /home/airflow/.local/lib/python3.7/site-packages/airflow/example_dags/example_kubernetes_executor.py for tasks to queue
[2023-02-26T09:38:57.986+0000] {logging_mixin.py:117} INFO - [2023-02-26T09:38:57.986+0000] {dagbag.py:525} INFO - Filling up the DagBag from /home/airflow/.local/lib/python3.7/site-packages/airflow/example_dags/example_kubernetes_executor.py
[2023-02-26T09:38:58.016+0000] {processor.py:768} INFO - DAG(s) dict_keys(['example_kubernetes_executor']) retrieved from /home/airflow/.local/lib/python3.7/site-packages/airflow/example_dags/example_kubernetes_executor.py
[2023-02-26T09:38:58.051+0000] {logging_mixin.py:117} INFO - [2023-02-26T09:38:58.051+0000] {dag.py:2573} INFO - Sync 1 DAGs
[2023-02-26T09:38:58.071+0000] {logging_mixin.py:117} INFO - [2023-02-26T09:38:58.071+0000] {dag.py:3328} INFO - Setting next_dagrun for example_kubernetes_executor to None, run_after=None
[2023-02-26T09:38:58.086+0000] {processor.py:178} INFO - Processing /home/airflow/.local/lib/python3.7/site-packages/airflow/example_dags/example_kubernetes_executor.py took 0.108 seconds
