[2023-02-26T09:35:52.233+0000] {processor.py:156} INFO - Started process (PID=35) to work on /home/airflow/.local/lib/python3.7/site-packages/airflow/example_dags/example_short_circuit_operator.py
[2023-02-26T09:35:52.235+0000] {processor.py:758} INFO - Processing file /home/airflow/.local/lib/python3.7/site-packages/airflow/example_dags/example_short_circuit_operator.py for tasks to queue
[2023-02-26T09:35:52.238+0000] {logging_mixin.py:117} INFO - [2023-02-26T09:35:52.237+0000] {dagbag.py:525} INFO - Filling up the DagBag from /home/airflow/.local/lib/python3.7/site-packages/airflow/example_dags/example_short_circuit_operator.py
[2023-02-26T09:35:52.504+0000] {processor.py:768} INFO - DAG(s) dict_keys(['example_short_circuit_operator']) retrieved from /home/airflow/.local/lib/python3.7/site-packages/airflow/example_dags/example_short_circuit_operator.py
[2023-02-26T09:35:52.535+0000] {logging_mixin.py:117} INFO - [2023-02-26T09:35:52.535+0000] {dag.py:2573} INFO - Sync 1 DAGs
[2023-02-26T09:35:52.564+0000] {logging_mixin.py:117} INFO - [2023-02-26T09:35:52.564+0000] {dag.py:3328} INFO - Setting next_dagrun for example_short_circuit_operator to 2023-02-25T09:35:52.564033+00:00, run_after=2023-02-26T09:35:52.564033+00:00
[2023-02-26T09:35:52.599+0000] {processor.py:178} INFO - Processing /home/airflow/.local/lib/python3.7/site-packages/airflow/example_dags/example_short_circuit_operator.py took 0.379 seconds
[2023-02-26T09:36:23.285+0000] {processor.py:156} INFO - Started process (PID=96) to work on /home/airflow/.local/lib/python3.7/site-packages/airflow/example_dags/example_short_circuit_operator.py
[2023-02-26T09:36:23.287+0000] {processor.py:758} INFO - Processing file /home/airflow/.local/lib/python3.7/site-packages/airflow/example_dags/example_short_circuit_operator.py for tasks to queue
[2023-02-26T09:36:23.288+0000] {logging_mixin.py:117} INFO - [2023-02-26T09:36:23.288+0000] {dagbag.py:525} INFO - Filling up the DagBag from /home/airflow/.local/lib/python3.7/site-packages/airflow/example_dags/example_short_circuit_operator.py
[2023-02-26T09:36:23.316+0000] {processor.py:768} INFO - DAG(s) dict_keys(['example_short_circuit_operator']) retrieved from /home/airflow/.local/lib/python3.7/site-packages/airflow/example_dags/example_short_circuit_operator.py
[2023-02-26T09:36:23.370+0000] {logging_mixin.py:117} INFO - [2023-02-26T09:36:23.370+0000] {dag.py:2573} INFO - Sync 1 DAGs
[2023-02-26T09:36:23.394+0000] {logging_mixin.py:117} INFO - [2023-02-26T09:36:23.393+0000] {dag.py:3328} INFO - Setting next_dagrun for example_short_circuit_operator to 2023-02-25T09:36:23.393744+00:00, run_after=2023-02-26T09:36:23.393744+00:00
[2023-02-26T09:36:23.414+0000] {processor.py:178} INFO - Processing /home/airflow/.local/lib/python3.7/site-packages/airflow/example_dags/example_short_circuit_operator.py took 0.133 seconds
[2023-02-26T09:36:54.244+0000] {processor.py:156} INFO - Started process (PID=151) to work on /home/airflow/.local/lib/python3.7/site-packages/airflow/example_dags/example_short_circuit_operator.py
[2023-02-26T09:36:54.246+0000] {processor.py:758} INFO - Processing file /home/airflow/.local/lib/python3.7/site-packages/airflow/example_dags/example_short_circuit_operator.py for tasks to queue
[2023-02-26T09:36:54.248+0000] {logging_mixin.py:117} INFO - [2023-02-26T09:36:54.248+0000] {dagbag.py:525} INFO - Filling up the DagBag from /home/airflow/.local/lib/python3.7/site-packages/airflow/example_dags/example_short_circuit_operator.py
[2023-02-26T09:36:54.264+0000] {processor.py:768} INFO - DAG(s) dict_keys(['example_short_circuit_operator']) retrieved from /home/airflow/.local/lib/python3.7/site-packages/airflow/example_dags/example_short_circuit_operator.py
[2023-02-26T09:36:54.309+0000] {logging_mixin.py:117} INFO - [2023-02-26T09:36:54.309+0000] {dag.py:2573} INFO - Sync 1 DAGs
[2023-02-26T09:36:54.333+0000] {logging_mixin.py:117} INFO - [2023-02-26T09:36:54.333+0000] {dag.py:3328} INFO - Setting next_dagrun for example_short_circuit_operator to 2023-02-25T09:36:54.333682+00:00, run_after=2023-02-26T09:36:54.333682+00:00
[2023-02-26T09:36:54.352+0000] {processor.py:178} INFO - Processing /home/airflow/.local/lib/python3.7/site-packages/airflow/example_dags/example_short_circuit_operator.py took 0.111 seconds
[2023-02-26T09:37:25.033+0000] {processor.py:156} INFO - Started process (PID=214) to work on /home/airflow/.local/lib/python3.7/site-packages/airflow/example_dags/example_short_circuit_operator.py
[2023-02-26T09:37:25.034+0000] {processor.py:758} INFO - Processing file /home/airflow/.local/lib/python3.7/site-packages/airflow/example_dags/example_short_circuit_operator.py for tasks to queue
[2023-02-26T09:37:25.036+0000] {logging_mixin.py:117} INFO - [2023-02-26T09:37:25.036+0000] {dagbag.py:525} INFO - Filling up the DagBag from /home/airflow/.local/lib/python3.7/site-packages/airflow/example_dags/example_short_circuit_operator.py
[2023-02-26T09:37:25.054+0000] {processor.py:768} INFO - DAG(s) dict_keys(['example_short_circuit_operator']) retrieved from /home/airflow/.local/lib/python3.7/site-packages/airflow/example_dags/example_short_circuit_operator.py
[2023-02-26T09:37:25.093+0000] {logging_mixin.py:117} INFO - [2023-02-26T09:37:25.093+0000] {dag.py:2573} INFO - Sync 1 DAGs
[2023-02-26T09:37:25.121+0000] {logging_mixin.py:117} INFO - [2023-02-26T09:37:25.121+0000] {dag.py:3328} INFO - Setting next_dagrun for example_short_circuit_operator to 2023-02-25T09:37:25.121664+00:00, run_after=2023-02-26T09:37:25.121664+00:00
[2023-02-26T09:37:25.170+0000] {processor.py:178} INFO - Processing /home/airflow/.local/lib/python3.7/site-packages/airflow/example_dags/example_short_circuit_operator.py took 0.141 seconds
[2023-02-26T09:37:55.449+0000] {processor.py:156} INFO - Started process (PID=276) to work on /home/airflow/.local/lib/python3.7/site-packages/airflow/example_dags/example_short_circuit_operator.py
[2023-02-26T09:37:55.451+0000] {processor.py:758} INFO - Processing file /home/airflow/.local/lib/python3.7/site-packages/airflow/example_dags/example_short_circuit_operator.py for tasks to queue
[2023-02-26T09:37:55.453+0000] {logging_mixin.py:117} INFO - [2023-02-26T09:37:55.452+0000] {dagbag.py:525} INFO - Filling up the DagBag from /home/airflow/.local/lib/python3.7/site-packages/airflow/example_dags/example_short_circuit_operator.py
[2023-02-26T09:37:55.476+0000] {processor.py:768} INFO - DAG(s) dict_keys(['example_short_circuit_operator']) retrieved from /home/airflow/.local/lib/python3.7/site-packages/airflow/example_dags/example_short_circuit_operator.py
[2023-02-26T09:37:55.522+0000] {logging_mixin.py:117} INFO - [2023-02-26T09:37:55.522+0000] {dag.py:2573} INFO - Sync 1 DAGs
[2023-02-26T09:37:55.545+0000] {logging_mixin.py:117} INFO - [2023-02-26T09:37:55.545+0000] {dag.py:3328} INFO - Setting next_dagrun for example_short_circuit_operator to 2023-02-25T09:37:55.544790+00:00, run_after=2023-02-26T09:37:55.544790+00:00
[2023-02-26T09:37:55.564+0000] {processor.py:178} INFO - Processing /home/airflow/.local/lib/python3.7/site-packages/airflow/example_dags/example_short_circuit_operator.py took 0.118 seconds
[2023-02-26T09:38:25.989+0000] {processor.py:156} INFO - Started process (PID=339) to work on /home/airflow/.local/lib/python3.7/site-packages/airflow/example_dags/example_short_circuit_operator.py
[2023-02-26T09:38:25.991+0000] {processor.py:758} INFO - Processing file /home/airflow/.local/lib/python3.7/site-packages/airflow/example_dags/example_short_circuit_operator.py for tasks to queue
[2023-02-26T09:38:25.993+0000] {logging_mixin.py:117} INFO - [2023-02-26T09:38:25.993+0000] {dagbag.py:525} INFO - Filling up the DagBag from /home/airflow/.local/lib/python3.7/site-packages/airflow/example_dags/example_short_circuit_operator.py
[2023-02-26T09:38:26.008+0000] {processor.py:768} INFO - DAG(s) dict_keys(['example_short_circuit_operator']) retrieved from /home/airflow/.local/lib/python3.7/site-packages/airflow/example_dags/example_short_circuit_operator.py
[2023-02-26T09:38:26.046+0000] {logging_mixin.py:117} INFO - [2023-02-26T09:38:26.045+0000] {dag.py:2573} INFO - Sync 1 DAGs
[2023-02-26T09:38:26.066+0000] {logging_mixin.py:117} INFO - [2023-02-26T09:38:26.066+0000] {dag.py:3328} INFO - Setting next_dagrun for example_short_circuit_operator to 2023-02-25T09:38:26.066027+00:00, run_after=2023-02-26T09:38:26.066027+00:00
[2023-02-26T09:38:26.086+0000] {processor.py:178} INFO - Processing /home/airflow/.local/lib/python3.7/site-packages/airflow/example_dags/example_short_circuit_operator.py took 0.102 seconds
[2023-02-26T09:38:56.674+0000] {processor.py:156} INFO - Started process (PID=402) to work on /home/airflow/.local/lib/python3.7/site-packages/airflow/example_dags/example_short_circuit_operator.py
[2023-02-26T09:38:56.676+0000] {processor.py:758} INFO - Processing file /home/airflow/.local/lib/python3.7/site-packages/airflow/example_dags/example_short_circuit_operator.py for tasks to queue
[2023-02-26T09:38:56.677+0000] {logging_mixin.py:117} INFO - [2023-02-26T09:38:56.677+0000] {dagbag.py:525} INFO - Filling up the DagBag from /home/airflow/.local/lib/python3.7/site-packages/airflow/example_dags/example_short_circuit_operator.py
[2023-02-26T09:38:56.717+0000] {processor.py:768} INFO - DAG(s) dict_keys(['example_short_circuit_operator']) retrieved from /home/airflow/.local/lib/python3.7/site-packages/airflow/example_dags/example_short_circuit_operator.py
[2023-02-26T09:38:56.794+0000] {logging_mixin.py:117} INFO - [2023-02-26T09:38:56.793+0000] {dag.py:2573} INFO - Sync 1 DAGs
[2023-02-26T09:38:56.822+0000] {logging_mixin.py:117} INFO - [2023-02-26T09:38:56.822+0000] {dag.py:3328} INFO - Setting next_dagrun for example_short_circuit_operator to 2023-02-25T09:38:56.822119+00:00, run_after=2023-02-26T09:38:56.822119+00:00
[2023-02-26T09:38:56.843+0000] {processor.py:178} INFO - Processing /home/airflow/.local/lib/python3.7/site-packages/airflow/example_dags/example_short_circuit_operator.py took 0.174 seconds
