[2023-02-26T09:35:53.944+0000] {processor.py:156} INFO - Started process (PID=49) to work on /home/airflow/.local/lib/python3.7/site-packages/airflow/example_dags/example_nested_branch_dag.py
[2023-02-26T09:35:53.946+0000] {processor.py:758} INFO - Processing file /home/airflow/.local/lib/python3.7/site-packages/airflow/example_dags/example_nested_branch_dag.py for tasks to queue
[2023-02-26T09:35:53.948+0000] {logging_mixin.py:117} INFO - [2023-02-26T09:35:53.948+0000] {dagbag.py:525} INFO - Filling up the DagBag from /home/airflow/.local/lib/python3.7/site-packages/airflow/example_dags/example_nested_branch_dag.py
[2023-02-26T09:35:53.978+0000] {processor.py:768} INFO - DAG(s) dict_keys(['example_nested_branch_dag']) retrieved from /home/airflow/.local/lib/python3.7/site-packages/airflow/example_dags/example_nested_branch_dag.py
[2023-02-26T09:35:54.027+0000] {logging_mixin.py:117} INFO - [2023-02-26T09:35:54.027+0000] {dag.py:2573} INFO - Sync 1 DAGs
[2023-02-26T09:35:54.073+0000] {logging_mixin.py:117} INFO - [2023-02-26T09:35:54.073+0000] {dag.py:3328} INFO - Setting next_dagrun for example_nested_branch_dag to 2023-02-25T00:00:00+00:00, run_after=2023-02-26T00:00:00+00:00
[2023-02-26T09:35:54.120+0000] {processor.py:178} INFO - Processing /home/airflow/.local/lib/python3.7/site-packages/airflow/example_dags/example_nested_branch_dag.py took 0.179 seconds
[2023-02-26T09:36:24.390+0000] {processor.py:156} INFO - Started process (PID=110) to work on /home/airflow/.local/lib/python3.7/site-packages/airflow/example_dags/example_nested_branch_dag.py
[2023-02-26T09:36:24.392+0000] {processor.py:758} INFO - Processing file /home/airflow/.local/lib/python3.7/site-packages/airflow/example_dags/example_nested_branch_dag.py for tasks to queue
[2023-02-26T09:36:24.394+0000] {logging_mixin.py:117} INFO - [2023-02-26T09:36:24.394+0000] {dagbag.py:525} INFO - Filling up the DagBag from /home/airflow/.local/lib/python3.7/site-packages/airflow/example_dags/example_nested_branch_dag.py
[2023-02-26T09:36:24.419+0000] {processor.py:768} INFO - DAG(s) dict_keys(['example_nested_branch_dag']) retrieved from /home/airflow/.local/lib/python3.7/site-packages/airflow/example_dags/example_nested_branch_dag.py
[2023-02-26T09:36:24.452+0000] {logging_mixin.py:117} INFO - [2023-02-26T09:36:24.452+0000] {dag.py:2573} INFO - Sync 1 DAGs
[2023-02-26T09:36:24.474+0000] {logging_mixin.py:117} INFO - [2023-02-26T09:36:24.474+0000] {dag.py:3328} INFO - Setting next_dagrun for example_nested_branch_dag to 2023-02-25T00:00:00+00:00, run_after=2023-02-26T00:00:00+00:00
[2023-02-26T09:36:24.492+0000] {processor.py:178} INFO - Processing /home/airflow/.local/lib/python3.7/site-packages/airflow/example_dags/example_nested_branch_dag.py took 0.105 seconds
[2023-02-26T09:36:55.364+0000] {processor.py:156} INFO - Started process (PID=172) to work on /home/airflow/.local/lib/python3.7/site-packages/airflow/example_dags/example_nested_branch_dag.py
[2023-02-26T09:36:55.373+0000] {processor.py:758} INFO - Processing file /home/airflow/.local/lib/python3.7/site-packages/airflow/example_dags/example_nested_branch_dag.py for tasks to queue
[2023-02-26T09:36:55.374+0000] {logging_mixin.py:117} INFO - [2023-02-26T09:36:55.374+0000] {dagbag.py:525} INFO - Filling up the DagBag from /home/airflow/.local/lib/python3.7/site-packages/airflow/example_dags/example_nested_branch_dag.py
[2023-02-26T09:36:55.395+0000] {processor.py:768} INFO - DAG(s) dict_keys(['example_nested_branch_dag']) retrieved from /home/airflow/.local/lib/python3.7/site-packages/airflow/example_dags/example_nested_branch_dag.py
[2023-02-26T09:36:55.443+0000] {logging_mixin.py:117} INFO - [2023-02-26T09:36:55.443+0000] {dag.py:2573} INFO - Sync 1 DAGs
[2023-02-26T09:36:55.473+0000] {logging_mixin.py:117} INFO - [2023-02-26T09:36:55.473+0000] {dag.py:3328} INFO - Setting next_dagrun for example_nested_branch_dag to 2023-02-25T00:00:00+00:00, run_after=2023-02-26T00:00:00+00:00
[2023-02-26T09:36:55.492+0000] {processor.py:178} INFO - Processing /home/airflow/.local/lib/python3.7/site-packages/airflow/example_dags/example_nested_branch_dag.py took 0.132 seconds
[2023-02-26T09:37:26.100+0000] {processor.py:156} INFO - Started process (PID=228) to work on /home/airflow/.local/lib/python3.7/site-packages/airflow/example_dags/example_nested_branch_dag.py
[2023-02-26T09:37:26.102+0000] {processor.py:758} INFO - Processing file /home/airflow/.local/lib/python3.7/site-packages/airflow/example_dags/example_nested_branch_dag.py for tasks to queue
[2023-02-26T09:37:26.103+0000] {logging_mixin.py:117} INFO - [2023-02-26T09:37:26.103+0000] {dagbag.py:525} INFO - Filling up the DagBag from /home/airflow/.local/lib/python3.7/site-packages/airflow/example_dags/example_nested_branch_dag.py
[2023-02-26T09:37:26.119+0000] {processor.py:768} INFO - DAG(s) dict_keys(['example_nested_branch_dag']) retrieved from /home/airflow/.local/lib/python3.7/site-packages/airflow/example_dags/example_nested_branch_dag.py
[2023-02-26T09:37:26.149+0000] {logging_mixin.py:117} INFO - [2023-02-26T09:37:26.149+0000] {dag.py:2573} INFO - Sync 1 DAGs
[2023-02-26T09:37:26.167+0000] {logging_mixin.py:117} INFO - [2023-02-26T09:37:26.167+0000] {dag.py:3328} INFO - Setting next_dagrun for example_nested_branch_dag to 2023-02-25T00:00:00+00:00, run_after=2023-02-26T00:00:00+00:00
[2023-02-26T09:37:26.180+0000] {processor.py:178} INFO - Processing /home/airflow/.local/lib/python3.7/site-packages/airflow/example_dags/example_nested_branch_dag.py took 0.083 seconds
[2023-02-26T09:37:56.562+0000] {processor.py:156} INFO - Started process (PID=290) to work on /home/airflow/.local/lib/python3.7/site-packages/airflow/example_dags/example_nested_branch_dag.py
[2023-02-26T09:37:56.564+0000] {processor.py:758} INFO - Processing file /home/airflow/.local/lib/python3.7/site-packages/airflow/example_dags/example_nested_branch_dag.py for tasks to queue
[2023-02-26T09:37:56.565+0000] {logging_mixin.py:117} INFO - [2023-02-26T09:37:56.565+0000] {dagbag.py:525} INFO - Filling up the DagBag from /home/airflow/.local/lib/python3.7/site-packages/airflow/example_dags/example_nested_branch_dag.py
[2023-02-26T09:37:56.586+0000] {processor.py:768} INFO - DAG(s) dict_keys(['example_nested_branch_dag']) retrieved from /home/airflow/.local/lib/python3.7/site-packages/airflow/example_dags/example_nested_branch_dag.py
[2023-02-26T09:37:56.618+0000] {logging_mixin.py:117} INFO - [2023-02-26T09:37:56.617+0000] {dag.py:2573} INFO - Sync 1 DAGs
[2023-02-26T09:37:56.637+0000] {logging_mixin.py:117} INFO - [2023-02-26T09:37:56.637+0000] {dag.py:3328} INFO - Setting next_dagrun for example_nested_branch_dag to 2023-02-25T00:00:00+00:00, run_after=2023-02-26T00:00:00+00:00
[2023-02-26T09:37:56.657+0000] {processor.py:178} INFO - Processing /home/airflow/.local/lib/python3.7/site-packages/airflow/example_dags/example_nested_branch_dag.py took 0.097 seconds
[2023-02-26T09:38:27.165+0000] {processor.py:156} INFO - Started process (PID=353) to work on /home/airflow/.local/lib/python3.7/site-packages/airflow/example_dags/example_nested_branch_dag.py
[2023-02-26T09:38:27.167+0000] {processor.py:758} INFO - Processing file /home/airflow/.local/lib/python3.7/site-packages/airflow/example_dags/example_nested_branch_dag.py for tasks to queue
[2023-02-26T09:38:27.169+0000] {logging_mixin.py:117} INFO - [2023-02-26T09:38:27.169+0000] {dagbag.py:525} INFO - Filling up the DagBag from /home/airflow/.local/lib/python3.7/site-packages/airflow/example_dags/example_nested_branch_dag.py
[2023-02-26T09:38:27.189+0000] {processor.py:768} INFO - DAG(s) dict_keys(['example_nested_branch_dag']) retrieved from /home/airflow/.local/lib/python3.7/site-packages/airflow/example_dags/example_nested_branch_dag.py
[2023-02-26T09:38:27.222+0000] {logging_mixin.py:117} INFO - [2023-02-26T09:38:27.222+0000] {dag.py:2573} INFO - Sync 1 DAGs
[2023-02-26T09:38:27.245+0000] {logging_mixin.py:117} INFO - [2023-02-26T09:38:27.245+0000] {dag.py:3328} INFO - Setting next_dagrun for example_nested_branch_dag to 2023-02-25T00:00:00+00:00, run_after=2023-02-26T00:00:00+00:00
[2023-02-26T09:38:27.268+0000] {processor.py:178} INFO - Processing /home/airflow/.local/lib/python3.7/site-packages/airflow/example_dags/example_nested_branch_dag.py took 0.108 seconds
[2023-02-26T09:38:57.879+0000] {processor.py:156} INFO - Started process (PID=416) to work on /home/airflow/.local/lib/python3.7/site-packages/airflow/example_dags/example_nested_branch_dag.py
[2023-02-26T09:38:57.881+0000] {processor.py:758} INFO - Processing file /home/airflow/.local/lib/python3.7/site-packages/airflow/example_dags/example_nested_branch_dag.py for tasks to queue
[2023-02-26T09:38:57.882+0000] {logging_mixin.py:117} INFO - [2023-02-26T09:38:57.882+0000] {dagbag.py:525} INFO - Filling up the DagBag from /home/airflow/.local/lib/python3.7/site-packages/airflow/example_dags/example_nested_branch_dag.py
[2023-02-26T09:38:57.902+0000] {processor.py:768} INFO - DAG(s) dict_keys(['example_nested_branch_dag']) retrieved from /home/airflow/.local/lib/python3.7/site-packages/airflow/example_dags/example_nested_branch_dag.py
[2023-02-26T09:38:57.934+0000] {logging_mixin.py:117} INFO - [2023-02-26T09:38:57.934+0000] {dag.py:2573} INFO - Sync 1 DAGs
[2023-02-26T09:38:57.953+0000] {logging_mixin.py:117} INFO - [2023-02-26T09:38:57.952+0000] {dag.py:3328} INFO - Setting next_dagrun for example_nested_branch_dag to 2023-02-25T00:00:00+00:00, run_after=2023-02-26T00:00:00+00:00
[2023-02-26T09:38:57.969+0000] {processor.py:178} INFO - Processing /home/airflow/.local/lib/python3.7/site-packages/airflow/example_dags/example_nested_branch_dag.py took 0.093 seconds
