[2023-02-26T09:35:54.278+0000] {processor.py:156} INFO - Started process (PID=52) to work on /home/airflow/.local/lib/python3.7/site-packages/airflow/example_dags/example_branch_labels.py
[2023-02-26T09:35:54.282+0000] {processor.py:758} INFO - Processing file /home/airflow/.local/lib/python3.7/site-packages/airflow/example_dags/example_branch_labels.py for tasks to queue
[2023-02-26T09:35:54.286+0000] {logging_mixin.py:117} INFO - [2023-02-26T09:35:54.286+0000] {dagbag.py:525} INFO - Filling up the DagBag from /home/airflow/.local/lib/python3.7/site-packages/airflow/example_dags/example_branch_labels.py
[2023-02-26T09:35:54.309+0000] {processor.py:768} INFO - DAG(s) dict_keys(['example_branch_labels']) retrieved from /home/airflow/.local/lib/python3.7/site-packages/airflow/example_dags/example_branch_labels.py
[2023-02-26T09:35:54.356+0000] {logging_mixin.py:117} INFO - [2023-02-26T09:35:54.355+0000] {dag.py:2573} INFO - Sync 1 DAGs
[2023-02-26T09:35:54.412+0000] {logging_mixin.py:117} INFO - [2023-02-26T09:35:54.412+0000] {dag.py:3328} INFO - Setting next_dagrun for example_branch_labels to 2023-02-25T00:00:00+00:00, run_after=2023-02-26T00:00:00+00:00
[2023-02-26T09:35:54.433+0000] {processor.py:178} INFO - Processing /home/airflow/.local/lib/python3.7/site-packages/airflow/example_dags/example_branch_labels.py took 0.157 seconds
[2023-02-26T09:36:24.709+0000] {processor.py:156} INFO - Started process (PID=113) to work on /home/airflow/.local/lib/python3.7/site-packages/airflow/example_dags/example_branch_labels.py
[2023-02-26T09:36:24.712+0000] {processor.py:758} INFO - Processing file /home/airflow/.local/lib/python3.7/site-packages/airflow/example_dags/example_branch_labels.py for tasks to queue
[2023-02-26T09:36:24.714+0000] {logging_mixin.py:117} INFO - [2023-02-26T09:36:24.714+0000] {dagbag.py:525} INFO - Filling up the DagBag from /home/airflow/.local/lib/python3.7/site-packages/airflow/example_dags/example_branch_labels.py
[2023-02-26T09:36:24.733+0000] {processor.py:768} INFO - DAG(s) dict_keys(['example_branch_labels']) retrieved from /home/airflow/.local/lib/python3.7/site-packages/airflow/example_dags/example_branch_labels.py
[2023-02-26T09:36:24.786+0000] {logging_mixin.py:117} INFO - [2023-02-26T09:36:24.786+0000] {dag.py:2573} INFO - Sync 1 DAGs
[2023-02-26T09:36:24.818+0000] {logging_mixin.py:117} INFO - [2023-02-26T09:36:24.818+0000] {dag.py:3328} INFO - Setting next_dagrun for example_branch_labels to 2023-02-25T00:00:00+00:00, run_after=2023-02-26T00:00:00+00:00
[2023-02-26T09:36:24.844+0000] {processor.py:178} INFO - Processing /home/airflow/.local/lib/python3.7/site-packages/airflow/example_dags/example_branch_labels.py took 0.138 seconds
[2023-02-26T09:36:55.637+0000] {processor.py:156} INFO - Started process (PID=177) to work on /home/airflow/.local/lib/python3.7/site-packages/airflow/example_dags/example_branch_labels.py
[2023-02-26T09:36:55.639+0000] {processor.py:758} INFO - Processing file /home/airflow/.local/lib/python3.7/site-packages/airflow/example_dags/example_branch_labels.py for tasks to queue
[2023-02-26T09:36:55.640+0000] {logging_mixin.py:117} INFO - [2023-02-26T09:36:55.640+0000] {dagbag.py:525} INFO - Filling up the DagBag from /home/airflow/.local/lib/python3.7/site-packages/airflow/example_dags/example_branch_labels.py
[2023-02-26T09:36:55.654+0000] {processor.py:768} INFO - DAG(s) dict_keys(['example_branch_labels']) retrieved from /home/airflow/.local/lib/python3.7/site-packages/airflow/example_dags/example_branch_labels.py
[2023-02-26T09:36:55.690+0000] {logging_mixin.py:117} INFO - [2023-02-26T09:36:55.690+0000] {dag.py:2573} INFO - Sync 1 DAGs
[2023-02-26T09:36:55.709+0000] {logging_mixin.py:117} INFO - [2023-02-26T09:36:55.709+0000] {dag.py:3328} INFO - Setting next_dagrun for example_branch_labels to 2023-02-25T00:00:00+00:00, run_after=2023-02-26T00:00:00+00:00
[2023-02-26T09:36:55.725+0000] {processor.py:178} INFO - Processing /home/airflow/.local/lib/python3.7/site-packages/airflow/example_dags/example_branch_labels.py took 0.091 seconds
[2023-02-26T09:37:26.249+0000] {processor.py:156} INFO - Started process (PID=231) to work on /home/airflow/.local/lib/python3.7/site-packages/airflow/example_dags/example_branch_labels.py
[2023-02-26T09:37:26.252+0000] {processor.py:758} INFO - Processing file /home/airflow/.local/lib/python3.7/site-packages/airflow/example_dags/example_branch_labels.py for tasks to queue
[2023-02-26T09:37:26.253+0000] {logging_mixin.py:117} INFO - [2023-02-26T09:37:26.253+0000] {dagbag.py:525} INFO - Filling up the DagBag from /home/airflow/.local/lib/python3.7/site-packages/airflow/example_dags/example_branch_labels.py
[2023-02-26T09:37:26.264+0000] {processor.py:768} INFO - DAG(s) dict_keys(['example_branch_labels']) retrieved from /home/airflow/.local/lib/python3.7/site-packages/airflow/example_dags/example_branch_labels.py
[2023-02-26T09:37:26.290+0000] {logging_mixin.py:117} INFO - [2023-02-26T09:37:26.290+0000] {dag.py:2573} INFO - Sync 1 DAGs
[2023-02-26T09:37:26.311+0000] {logging_mixin.py:117} INFO - [2023-02-26T09:37:26.311+0000] {dag.py:3328} INFO - Setting next_dagrun for example_branch_labels to 2023-02-25T00:00:00+00:00, run_after=2023-02-26T00:00:00+00:00
[2023-02-26T09:37:26.322+0000] {processor.py:178} INFO - Processing /home/airflow/.local/lib/python3.7/site-packages/airflow/example_dags/example_branch_labels.py took 0.075 seconds
[2023-02-26T09:37:56.800+0000] {processor.py:156} INFO - Started process (PID=293) to work on /home/airflow/.local/lib/python3.7/site-packages/airflow/example_dags/example_branch_labels.py
[2023-02-26T09:37:56.802+0000] {processor.py:758} INFO - Processing file /home/airflow/.local/lib/python3.7/site-packages/airflow/example_dags/example_branch_labels.py for tasks to queue
[2023-02-26T09:37:56.803+0000] {logging_mixin.py:117} INFO - [2023-02-26T09:37:56.803+0000] {dagbag.py:525} INFO - Filling up the DagBag from /home/airflow/.local/lib/python3.7/site-packages/airflow/example_dags/example_branch_labels.py
[2023-02-26T09:37:56.813+0000] {processor.py:768} INFO - DAG(s) dict_keys(['example_branch_labels']) retrieved from /home/airflow/.local/lib/python3.7/site-packages/airflow/example_dags/example_branch_labels.py
[2023-02-26T09:37:56.840+0000] {logging_mixin.py:117} INFO - [2023-02-26T09:37:56.840+0000] {dag.py:2573} INFO - Sync 1 DAGs
[2023-02-26T09:37:56.858+0000] {logging_mixin.py:117} INFO - [2023-02-26T09:37:56.858+0000] {dag.py:3328} INFO - Setting next_dagrun for example_branch_labels to 2023-02-25T00:00:00+00:00, run_after=2023-02-26T00:00:00+00:00
[2023-02-26T09:37:56.869+0000] {processor.py:178} INFO - Processing /home/airflow/.local/lib/python3.7/site-packages/airflow/example_dags/example_branch_labels.py took 0.071 seconds
[2023-02-26T09:38:27.402+0000] {processor.py:156} INFO - Started process (PID=356) to work on /home/airflow/.local/lib/python3.7/site-packages/airflow/example_dags/example_branch_labels.py
[2023-02-26T09:38:27.403+0000] {processor.py:758} INFO - Processing file /home/airflow/.local/lib/python3.7/site-packages/airflow/example_dags/example_branch_labels.py for tasks to queue
[2023-02-26T09:38:27.405+0000] {logging_mixin.py:117} INFO - [2023-02-26T09:38:27.405+0000] {dagbag.py:525} INFO - Filling up the DagBag from /home/airflow/.local/lib/python3.7/site-packages/airflow/example_dags/example_branch_labels.py
[2023-02-26T09:38:27.418+0000] {processor.py:768} INFO - DAG(s) dict_keys(['example_branch_labels']) retrieved from /home/airflow/.local/lib/python3.7/site-packages/airflow/example_dags/example_branch_labels.py
[2023-02-26T09:38:27.452+0000] {logging_mixin.py:117} INFO - [2023-02-26T09:38:27.452+0000] {dag.py:2573} INFO - Sync 1 DAGs
[2023-02-26T09:38:27.476+0000] {logging_mixin.py:117} INFO - [2023-02-26T09:38:27.476+0000] {dag.py:3328} INFO - Setting next_dagrun for example_branch_labels to 2023-02-25T00:00:00+00:00, run_after=2023-02-26T00:00:00+00:00
[2023-02-26T09:38:27.494+0000] {processor.py:178} INFO - Processing /home/airflow/.local/lib/python3.7/site-packages/airflow/example_dags/example_branch_labels.py took 0.095 seconds
[2023-02-26T09:38:58.114+0000] {processor.py:156} INFO - Started process (PID=419) to work on /home/airflow/.local/lib/python3.7/site-packages/airflow/example_dags/example_branch_labels.py
[2023-02-26T09:38:58.117+0000] {processor.py:758} INFO - Processing file /home/airflow/.local/lib/python3.7/site-packages/airflow/example_dags/example_branch_labels.py for tasks to queue
[2023-02-26T09:38:58.118+0000] {logging_mixin.py:117} INFO - [2023-02-26T09:38:58.118+0000] {dagbag.py:525} INFO - Filling up the DagBag from /home/airflow/.local/lib/python3.7/site-packages/airflow/example_dags/example_branch_labels.py
[2023-02-26T09:38:58.130+0000] {processor.py:768} INFO - DAG(s) dict_keys(['example_branch_labels']) retrieved from /home/airflow/.local/lib/python3.7/site-packages/airflow/example_dags/example_branch_labels.py
[2023-02-26T09:38:58.160+0000] {logging_mixin.py:117} INFO - [2023-02-26T09:38:58.160+0000] {dag.py:2573} INFO - Sync 1 DAGs
[2023-02-26T09:38:58.177+0000] {logging_mixin.py:117} INFO - [2023-02-26T09:38:58.177+0000] {dag.py:3328} INFO - Setting next_dagrun for example_branch_labels to 2023-02-25T00:00:00+00:00, run_after=2023-02-26T00:00:00+00:00
[2023-02-26T09:38:58.189+0000] {processor.py:178} INFO - Processing /home/airflow/.local/lib/python3.7/site-packages/airflow/example_dags/example_branch_labels.py took 0.078 seconds
