[2023-02-26T09:35:54.165+0000] {processor.py:156} INFO - Started process (PID=51) to work on /home/airflow/.local/lib/python3.7/site-packages/airflow/example_dags/example_task_group.py
[2023-02-26T09:35:54.168+0000] {processor.py:758} INFO - Processing file /home/airflow/.local/lib/python3.7/site-packages/airflow/example_dags/example_task_group.py for tasks to queue
[2023-02-26T09:35:54.172+0000] {logging_mixin.py:117} INFO - [2023-02-26T09:35:54.172+0000] {dagbag.py:525} INFO - Filling up the DagBag from /home/airflow/.local/lib/python3.7/site-packages/airflow/example_dags/example_task_group.py
[2023-02-26T09:35:54.211+0000] {processor.py:768} INFO - DAG(s) dict_keys(['example_task_group']) retrieved from /home/airflow/.local/lib/python3.7/site-packages/airflow/example_dags/example_task_group.py
[2023-02-26T09:35:54.266+0000] {logging_mixin.py:117} INFO - [2023-02-26T09:35:54.265+0000] {dag.py:2573} INFO - Sync 1 DAGs
[2023-02-26T09:35:54.308+0000] {logging_mixin.py:117} INFO - [2023-02-26T09:35:54.308+0000] {dag.py:3328} INFO - Setting next_dagrun for example_task_group to 2023-02-25T09:35:54.308526+00:00, run_after=2023-02-26T09:35:54.308526+00:00
[2023-02-26T09:35:54.337+0000] {processor.py:178} INFO - Processing /home/airflow/.local/lib/python3.7/site-packages/airflow/example_dags/example_task_group.py took 0.175 seconds
[2023-02-26T09:36:24.598+0000] {processor.py:156} INFO - Started process (PID=112) to work on /home/airflow/.local/lib/python3.7/site-packages/airflow/example_dags/example_task_group.py
[2023-02-26T09:36:24.601+0000] {processor.py:758} INFO - Processing file /home/airflow/.local/lib/python3.7/site-packages/airflow/example_dags/example_task_group.py for tasks to queue
[2023-02-26T09:36:24.603+0000] {logging_mixin.py:117} INFO - [2023-02-26T09:36:24.602+0000] {dagbag.py:525} INFO - Filling up the DagBag from /home/airflow/.local/lib/python3.7/site-packages/airflow/example_dags/example_task_group.py
[2023-02-26T09:36:24.619+0000] {processor.py:768} INFO - DAG(s) dict_keys(['example_task_group']) retrieved from /home/airflow/.local/lib/python3.7/site-packages/airflow/example_dags/example_task_group.py
[2023-02-26T09:36:24.660+0000] {logging_mixin.py:117} INFO - [2023-02-26T09:36:24.659+0000] {dag.py:2573} INFO - Sync 1 DAGs
[2023-02-26T09:36:24.688+0000] {logging_mixin.py:117} INFO - [2023-02-26T09:36:24.688+0000] {dag.py:3328} INFO - Setting next_dagrun for example_task_group to 2023-02-25T09:36:24.688129+00:00, run_after=2023-02-26T09:36:24.688129+00:00
[2023-02-26T09:36:24.720+0000] {processor.py:178} INFO - Processing /home/airflow/.local/lib/python3.7/site-packages/airflow/example_dags/example_task_group.py took 0.126 seconds
[2023-02-26T09:36:55.527+0000] {processor.py:156} INFO - Started process (PID=174) to work on /home/airflow/.local/lib/python3.7/site-packages/airflow/example_dags/example_task_group.py
[2023-02-26T09:36:55.529+0000] {processor.py:758} INFO - Processing file /home/airflow/.local/lib/python3.7/site-packages/airflow/example_dags/example_task_group.py for tasks to queue
[2023-02-26T09:36:55.530+0000] {logging_mixin.py:117} INFO - [2023-02-26T09:36:55.530+0000] {dagbag.py:525} INFO - Filling up the DagBag from /home/airflow/.local/lib/python3.7/site-packages/airflow/example_dags/example_task_group.py
[2023-02-26T09:36:55.544+0000] {processor.py:768} INFO - DAG(s) dict_keys(['example_task_group']) retrieved from /home/airflow/.local/lib/python3.7/site-packages/airflow/example_dags/example_task_group.py
[2023-02-26T09:36:55.579+0000] {logging_mixin.py:117} INFO - [2023-02-26T09:36:55.579+0000] {dag.py:2573} INFO - Sync 1 DAGs
[2023-02-26T09:36:55.596+0000] {logging_mixin.py:117} INFO - [2023-02-26T09:36:55.596+0000] {dag.py:3328} INFO - Setting next_dagrun for example_task_group to 2023-02-25T09:36:55.596574+00:00, run_after=2023-02-26T09:36:55.596574+00:00
[2023-02-26T09:36:55.611+0000] {processor.py:178} INFO - Processing /home/airflow/.local/lib/python3.7/site-packages/airflow/example_dags/example_task_group.py took 0.088 seconds
[2023-02-26T09:37:26.202+0000] {processor.py:156} INFO - Started process (PID=230) to work on /home/airflow/.local/lib/python3.7/site-packages/airflow/example_dags/example_task_group.py
[2023-02-26T09:37:26.204+0000] {processor.py:758} INFO - Processing file /home/airflow/.local/lib/python3.7/site-packages/airflow/example_dags/example_task_group.py for tasks to queue
[2023-02-26T09:37:26.205+0000] {logging_mixin.py:117} INFO - [2023-02-26T09:37:26.205+0000] {dagbag.py:525} INFO - Filling up the DagBag from /home/airflow/.local/lib/python3.7/site-packages/airflow/example_dags/example_task_group.py
[2023-02-26T09:37:26.216+0000] {processor.py:768} INFO - DAG(s) dict_keys(['example_task_group']) retrieved from /home/airflow/.local/lib/python3.7/site-packages/airflow/example_dags/example_task_group.py
[2023-02-26T09:37:26.245+0000] {logging_mixin.py:117} INFO - [2023-02-26T09:37:26.245+0000] {dag.py:2573} INFO - Sync 1 DAGs
[2023-02-26T09:37:26.263+0000] {logging_mixin.py:117} INFO - [2023-02-26T09:37:26.263+0000] {dag.py:3328} INFO - Setting next_dagrun for example_task_group to 2023-02-25T09:37:26.263008+00:00, run_after=2023-02-26T09:37:26.263008+00:00
[2023-02-26T09:37:26.274+0000] {processor.py:178} INFO - Processing /home/airflow/.local/lib/python3.7/site-packages/airflow/example_dags/example_task_group.py took 0.075 seconds
[2023-02-26T09:37:56.697+0000] {processor.py:156} INFO - Started process (PID=292) to work on /home/airflow/.local/lib/python3.7/site-packages/airflow/example_dags/example_task_group.py
[2023-02-26T09:37:56.699+0000] {processor.py:758} INFO - Processing file /home/airflow/.local/lib/python3.7/site-packages/airflow/example_dags/example_task_group.py for tasks to queue
[2023-02-26T09:37:56.700+0000] {logging_mixin.py:117} INFO - [2023-02-26T09:37:56.700+0000] {dagbag.py:525} INFO - Filling up the DagBag from /home/airflow/.local/lib/python3.7/site-packages/airflow/example_dags/example_task_group.py
[2023-02-26T09:37:56.713+0000] {processor.py:768} INFO - DAG(s) dict_keys(['example_task_group']) retrieved from /home/airflow/.local/lib/python3.7/site-packages/airflow/example_dags/example_task_group.py
[2023-02-26T09:37:56.744+0000] {logging_mixin.py:117} INFO - [2023-02-26T09:37:56.744+0000] {dag.py:2573} INFO - Sync 1 DAGs
[2023-02-26T09:37:56.762+0000] {logging_mixin.py:117} INFO - [2023-02-26T09:37:56.762+0000] {dag.py:3328} INFO - Setting next_dagrun for example_task_group to 2023-02-25T09:37:56.762013+00:00, run_after=2023-02-26T09:37:56.762013+00:00
[2023-02-26T09:37:56.776+0000] {processor.py:178} INFO - Processing /home/airflow/.local/lib/python3.7/site-packages/airflow/example_dags/example_task_group.py took 0.081 seconds
[2023-02-26T09:38:27.297+0000] {processor.py:156} INFO - Started process (PID=355) to work on /home/airflow/.local/lib/python3.7/site-packages/airflow/example_dags/example_task_group.py
[2023-02-26T09:38:27.299+0000] {processor.py:758} INFO - Processing file /home/airflow/.local/lib/python3.7/site-packages/airflow/example_dags/example_task_group.py for tasks to queue
[2023-02-26T09:38:27.300+0000] {logging_mixin.py:117} INFO - [2023-02-26T09:38:27.300+0000] {dagbag.py:525} INFO - Filling up the DagBag from /home/airflow/.local/lib/python3.7/site-packages/airflow/example_dags/example_task_group.py
[2023-02-26T09:38:27.312+0000] {processor.py:768} INFO - DAG(s) dict_keys(['example_task_group']) retrieved from /home/airflow/.local/lib/python3.7/site-packages/airflow/example_dags/example_task_group.py
[2023-02-26T09:38:27.344+0000] {logging_mixin.py:117} INFO - [2023-02-26T09:38:27.344+0000] {dag.py:2573} INFO - Sync 1 DAGs
[2023-02-26T09:38:27.361+0000] {logging_mixin.py:117} INFO - [2023-02-26T09:38:27.361+0000] {dag.py:3328} INFO - Setting next_dagrun for example_task_group to 2023-02-25T09:38:27.361429+00:00, run_after=2023-02-26T09:38:27.361429+00:00
[2023-02-26T09:38:27.375+0000] {processor.py:178} INFO - Processing /home/airflow/.local/lib/python3.7/site-packages/airflow/example_dags/example_task_group.py took 0.081 seconds
[2023-02-26T09:38:58.003+0000] {processor.py:156} INFO - Started process (PID=418) to work on /home/airflow/.local/lib/python3.7/site-packages/airflow/example_dags/example_task_group.py
[2023-02-26T09:38:58.006+0000] {processor.py:758} INFO - Processing file /home/airflow/.local/lib/python3.7/site-packages/airflow/example_dags/example_task_group.py for tasks to queue
[2023-02-26T09:38:58.007+0000] {logging_mixin.py:117} INFO - [2023-02-26T09:38:58.007+0000] {dagbag.py:525} INFO - Filling up the DagBag from /home/airflow/.local/lib/python3.7/site-packages/airflow/example_dags/example_task_group.py
[2023-02-26T09:38:58.019+0000] {processor.py:768} INFO - DAG(s) dict_keys(['example_task_group']) retrieved from /home/airflow/.local/lib/python3.7/site-packages/airflow/example_dags/example_task_group.py
[2023-02-26T09:38:58.053+0000] {logging_mixin.py:117} INFO - [2023-02-26T09:38:58.053+0000] {dag.py:2573} INFO - Sync 1 DAGs
[2023-02-26T09:38:58.072+0000] {logging_mixin.py:117} INFO - [2023-02-26T09:38:58.071+0000] {dag.py:3328} INFO - Setting next_dagrun for example_task_group to 2023-02-25T09:38:58.071689+00:00, run_after=2023-02-26T09:38:58.071689+00:00
[2023-02-26T09:38:58.086+0000] {processor.py:178} INFO - Processing /home/airflow/.local/lib/python3.7/site-packages/airflow/example_dags/example_task_group.py took 0.087 seconds
