[2023-02-26T09:35:54.605+0000] {processor.py:156} INFO - Started process (PID=55) to work on /home/airflow/.local/lib/python3.7/site-packages/airflow/example_dags/example_xcom.py
[2023-02-26T09:35:54.607+0000] {processor.py:758} INFO - Processing file /home/airflow/.local/lib/python3.7/site-packages/airflow/example_dags/example_xcom.py for tasks to queue
[2023-02-26T09:35:54.609+0000] {logging_mixin.py:117} INFO - [2023-02-26T09:35:54.609+0000] {dagbag.py:525} INFO - Filling up the DagBag from /home/airflow/.local/lib/python3.7/site-packages/airflow/example_dags/example_xcom.py
[2023-02-26T09:35:54.639+0000] {processor.py:768} INFO - DAG(s) dict_keys(['example_xcom']) retrieved from /home/airflow/.local/lib/python3.7/site-packages/airflow/example_dags/example_xcom.py
[2023-02-26T09:35:54.693+0000] {logging_mixin.py:117} INFO - [2023-02-26T09:35:54.692+0000] {dag.py:2573} INFO - Sync 1 DAGs
[2023-02-26T09:35:54.727+0000] {logging_mixin.py:117} INFO - [2023-02-26T09:35:54.727+0000] {dag.py:3328} INFO - Setting next_dagrun for example_xcom to 2021-01-01T00:00:00+00:00, run_after=2021-01-01T00:00:00+00:00
[2023-02-26T09:35:54.748+0000] {processor.py:178} INFO - Processing /home/airflow/.local/lib/python3.7/site-packages/airflow/example_dags/example_xcom.py took 0.148 seconds
[2023-02-26T09:36:24.956+0000] {processor.py:156} INFO - Started process (PID=116) to work on /home/airflow/.local/lib/python3.7/site-packages/airflow/example_dags/example_xcom.py
[2023-02-26T09:36:24.958+0000] {processor.py:758} INFO - Processing file /home/airflow/.local/lib/python3.7/site-packages/airflow/example_dags/example_xcom.py for tasks to queue
[2023-02-26T09:36:24.960+0000] {logging_mixin.py:117} INFO - [2023-02-26T09:36:24.960+0000] {dagbag.py:525} INFO - Filling up the DagBag from /home/airflow/.local/lib/python3.7/site-packages/airflow/example_dags/example_xcom.py
[2023-02-26T09:36:24.989+0000] {processor.py:768} INFO - DAG(s) dict_keys(['example_xcom']) retrieved from /home/airflow/.local/lib/python3.7/site-packages/airflow/example_dags/example_xcom.py
[2023-02-26T09:36:25.025+0000] {logging_mixin.py:117} INFO - [2023-02-26T09:36:25.025+0000] {dag.py:2573} INFO - Sync 1 DAGs
[2023-02-26T09:36:25.046+0000] {logging_mixin.py:117} INFO - [2023-02-26T09:36:25.046+0000] {dag.py:3328} INFO - Setting next_dagrun for example_xcom to 2021-01-01T00:00:00+00:00, run_after=2021-01-01T00:00:00+00:00
[2023-02-26T09:36:25.066+0000] {processor.py:178} INFO - Processing /home/airflow/.local/lib/python3.7/site-packages/airflow/example_dags/example_xcom.py took 0.113 seconds
[2023-02-26T09:36:55.774+0000] {processor.py:156} INFO - Started process (PID=180) to work on /home/airflow/.local/lib/python3.7/site-packages/airflow/example_dags/example_xcom.py
[2023-02-26T09:36:55.776+0000] {processor.py:758} INFO - Processing file /home/airflow/.local/lib/python3.7/site-packages/airflow/example_dags/example_xcom.py for tasks to queue
[2023-02-26T09:36:55.778+0000] {logging_mixin.py:117} INFO - [2023-02-26T09:36:55.778+0000] {dagbag.py:525} INFO - Filling up the DagBag from /home/airflow/.local/lib/python3.7/site-packages/airflow/example_dags/example_xcom.py
[2023-02-26T09:36:55.798+0000] {processor.py:768} INFO - DAG(s) dict_keys(['example_xcom']) retrieved from /home/airflow/.local/lib/python3.7/site-packages/airflow/example_dags/example_xcom.py
[2023-02-26T09:36:55.839+0000] {logging_mixin.py:117} INFO - [2023-02-26T09:36:55.839+0000] {dag.py:2573} INFO - Sync 1 DAGs
[2023-02-26T09:36:55.869+0000] {logging_mixin.py:117} INFO - [2023-02-26T09:36:55.869+0000] {dag.py:3328} INFO - Setting next_dagrun for example_xcom to 2021-01-01T00:00:00+00:00, run_after=2021-01-01T00:00:00+00:00
[2023-02-26T09:36:55.887+0000] {processor.py:178} INFO - Processing /home/airflow/.local/lib/python3.7/site-packages/airflow/example_dags/example_xcom.py took 0.116 seconds
[2023-02-26T09:37:26.396+0000] {processor.py:156} INFO - Started process (PID=234) to work on /home/airflow/.local/lib/python3.7/site-packages/airflow/example_dags/example_xcom.py
[2023-02-26T09:37:26.397+0000] {processor.py:758} INFO - Processing file /home/airflow/.local/lib/python3.7/site-packages/airflow/example_dags/example_xcom.py for tasks to queue
[2023-02-26T09:37:26.398+0000] {logging_mixin.py:117} INFO - [2023-02-26T09:37:26.398+0000] {dagbag.py:525} INFO - Filling up the DagBag from /home/airflow/.local/lib/python3.7/site-packages/airflow/example_dags/example_xcom.py
[2023-02-26T09:37:26.414+0000] {processor.py:768} INFO - DAG(s) dict_keys(['example_xcom']) retrieved from /home/airflow/.local/lib/python3.7/site-packages/airflow/example_dags/example_xcom.py
[2023-02-26T09:37:26.442+0000] {logging_mixin.py:117} INFO - [2023-02-26T09:37:26.442+0000] {dag.py:2573} INFO - Sync 1 DAGs
[2023-02-26T09:37:26.460+0000] {logging_mixin.py:117} INFO - [2023-02-26T09:37:26.460+0000] {dag.py:3328} INFO - Setting next_dagrun for example_xcom to 2021-01-01T00:00:00+00:00, run_after=2021-01-01T00:00:00+00:00
[2023-02-26T09:37:26.474+0000] {processor.py:178} INFO - Processing /home/airflow/.local/lib/python3.7/site-packages/airflow/example_dags/example_xcom.py took 0.081 seconds
[2023-02-26T09:37:57.009+0000] {processor.py:156} INFO - Started process (PID=296) to work on /home/airflow/.local/lib/python3.7/site-packages/airflow/example_dags/example_xcom.py
[2023-02-26T09:37:57.011+0000] {processor.py:758} INFO - Processing file /home/airflow/.local/lib/python3.7/site-packages/airflow/example_dags/example_xcom.py for tasks to queue
[2023-02-26T09:37:57.012+0000] {logging_mixin.py:117} INFO - [2023-02-26T09:37:57.012+0000] {dagbag.py:525} INFO - Filling up the DagBag from /home/airflow/.local/lib/python3.7/site-packages/airflow/example_dags/example_xcom.py
[2023-02-26T09:37:57.027+0000] {processor.py:768} INFO - DAG(s) dict_keys(['example_xcom']) retrieved from /home/airflow/.local/lib/python3.7/site-packages/airflow/example_dags/example_xcom.py
[2023-02-26T09:37:57.056+0000] {logging_mixin.py:117} INFO - [2023-02-26T09:37:57.056+0000] {dag.py:2573} INFO - Sync 1 DAGs
[2023-02-26T09:37:57.072+0000] {logging_mixin.py:117} INFO - [2023-02-26T09:37:57.072+0000] {dag.py:3328} INFO - Setting next_dagrun for example_xcom to 2021-01-01T00:00:00+00:00, run_after=2021-01-01T00:00:00+00:00
[2023-02-26T09:37:57.085+0000] {processor.py:178} INFO - Processing /home/airflow/.local/lib/python3.7/site-packages/airflow/example_dags/example_xcom.py took 0.078 seconds
[2023-02-26T09:38:27.540+0000] {processor.py:156} INFO - Started process (PID=359) to work on /home/airflow/.local/lib/python3.7/site-packages/airflow/example_dags/example_xcom.py
[2023-02-26T09:38:27.542+0000] {processor.py:758} INFO - Processing file /home/airflow/.local/lib/python3.7/site-packages/airflow/example_dags/example_xcom.py for tasks to queue
[2023-02-26T09:38:27.545+0000] {logging_mixin.py:117} INFO - [2023-02-26T09:38:27.544+0000] {dagbag.py:525} INFO - Filling up the DagBag from /home/airflow/.local/lib/python3.7/site-packages/airflow/example_dags/example_xcom.py
[2023-02-26T09:38:27.566+0000] {processor.py:768} INFO - DAG(s) dict_keys(['example_xcom']) retrieved from /home/airflow/.local/lib/python3.7/site-packages/airflow/example_dags/example_xcom.py
[2023-02-26T09:38:27.605+0000] {logging_mixin.py:117} INFO - [2023-02-26T09:38:27.604+0000] {dag.py:2573} INFO - Sync 1 DAGs
[2023-02-26T09:38:27.629+0000] {logging_mixin.py:117} INFO - [2023-02-26T09:38:27.629+0000] {dag.py:3328} INFO - Setting next_dagrun for example_xcom to 2021-01-01T00:00:00+00:00, run_after=2021-01-01T00:00:00+00:00
[2023-02-26T09:38:27.653+0000] {processor.py:178} INFO - Processing /home/airflow/.local/lib/python3.7/site-packages/airflow/example_dags/example_xcom.py took 0.116 seconds
[2023-02-26T09:38:58.343+0000] {processor.py:156} INFO - Started process (PID=422) to work on /home/airflow/.local/lib/python3.7/site-packages/airflow/example_dags/example_xcom.py
[2023-02-26T09:38:58.344+0000] {processor.py:758} INFO - Processing file /home/airflow/.local/lib/python3.7/site-packages/airflow/example_dags/example_xcom.py for tasks to queue
[2023-02-26T09:38:58.346+0000] {logging_mixin.py:117} INFO - [2023-02-26T09:38:58.346+0000] {dagbag.py:525} INFO - Filling up the DagBag from /home/airflow/.local/lib/python3.7/site-packages/airflow/example_dags/example_xcom.py
[2023-02-26T09:38:58.368+0000] {processor.py:768} INFO - DAG(s) dict_keys(['example_xcom']) retrieved from /home/airflow/.local/lib/python3.7/site-packages/airflow/example_dags/example_xcom.py
[2023-02-26T09:38:58.402+0000] {logging_mixin.py:117} INFO - [2023-02-26T09:38:58.402+0000] {dag.py:2573} INFO - Sync 1 DAGs
[2023-02-26T09:38:58.421+0000] {logging_mixin.py:117} INFO - [2023-02-26T09:38:58.421+0000] {dag.py:3328} INFO - Setting next_dagrun for example_xcom to 2021-01-01T00:00:00+00:00, run_after=2021-01-01T00:00:00+00:00
[2023-02-26T09:38:58.438+0000] {processor.py:178} INFO - Processing /home/airflow/.local/lib/python3.7/site-packages/airflow/example_dags/example_xcom.py took 0.097 seconds
