[2023-02-26T09:35:54.478+0000] {processor.py:156} INFO - Started process (PID=54) to work on /home/airflow/.local/lib/python3.7/site-packages/airflow/example_dags/example_branch_day_of_week_operator.py
[2023-02-26T09:35:54.480+0000] {processor.py:758} INFO - Processing file /home/airflow/.local/lib/python3.7/site-packages/airflow/example_dags/example_branch_day_of_week_operator.py for tasks to queue
[2023-02-26T09:35:54.481+0000] {logging_mixin.py:117} INFO - [2023-02-26T09:35:54.481+0000] {dagbag.py:525} INFO - Filling up the DagBag from /home/airflow/.local/lib/python3.7/site-packages/airflow/example_dags/example_branch_day_of_week_operator.py
[2023-02-26T09:35:54.517+0000] {processor.py:768} INFO - DAG(s) dict_keys(['example_weekday_branch_operator']) retrieved from /home/airflow/.local/lib/python3.7/site-packages/airflow/example_dags/example_branch_day_of_week_operator.py
[2023-02-26T09:35:54.567+0000] {logging_mixin.py:117} INFO - [2023-02-26T09:35:54.566+0000] {dag.py:2573} INFO - Sync 1 DAGs
[2023-02-26T09:35:54.614+0000] {logging_mixin.py:117} INFO - [2023-02-26T09:35:54.614+0000] {dag.py:3328} INFO - Setting next_dagrun for example_weekday_branch_operator to 2023-02-25T00:00:00+00:00, run_after=2023-02-26T00:00:00+00:00
[2023-02-26T09:35:54.640+0000] {processor.py:178} INFO - Processing /home/airflow/.local/lib/python3.7/site-packages/airflow/example_dags/example_branch_day_of_week_operator.py took 0.165 seconds
[2023-02-26T09:36:24.903+0000] {processor.py:156} INFO - Started process (PID=115) to work on /home/airflow/.local/lib/python3.7/site-packages/airflow/example_dags/example_branch_day_of_week_operator.py
[2023-02-26T09:36:24.908+0000] {processor.py:758} INFO - Processing file /home/airflow/.local/lib/python3.7/site-packages/airflow/example_dags/example_branch_day_of_week_operator.py for tasks to queue
[2023-02-26T09:36:24.921+0000] {logging_mixin.py:117} INFO - [2023-02-26T09:36:24.920+0000] {dagbag.py:525} INFO - Filling up the DagBag from /home/airflow/.local/lib/python3.7/site-packages/airflow/example_dags/example_branch_day_of_week_operator.py
[2023-02-26T09:36:24.955+0000] {processor.py:768} INFO - DAG(s) dict_keys(['example_weekday_branch_operator']) retrieved from /home/airflow/.local/lib/python3.7/site-packages/airflow/example_dags/example_branch_day_of_week_operator.py
[2023-02-26T09:36:24.999+0000] {logging_mixin.py:117} INFO - [2023-02-26T09:36:24.999+0000] {dag.py:2573} INFO - Sync 1 DAGs
[2023-02-26T09:36:25.022+0000] {logging_mixin.py:117} INFO - [2023-02-26T09:36:25.022+0000] {dag.py:3328} INFO - Setting next_dagrun for example_weekday_branch_operator to 2023-02-25T00:00:00+00:00, run_after=2023-02-26T00:00:00+00:00
[2023-02-26T09:36:25.042+0000] {processor.py:178} INFO - Processing /home/airflow/.local/lib/python3.7/site-packages/airflow/example_dags/example_branch_day_of_week_operator.py took 0.149 seconds
[2023-02-26T09:36:55.759+0000] {processor.py:156} INFO - Started process (PID=179) to work on /home/airflow/.local/lib/python3.7/site-packages/airflow/example_dags/example_branch_day_of_week_operator.py
[2023-02-26T09:36:55.761+0000] {processor.py:758} INFO - Processing file /home/airflow/.local/lib/python3.7/site-packages/airflow/example_dags/example_branch_day_of_week_operator.py for tasks to queue
[2023-02-26T09:36:55.762+0000] {logging_mixin.py:117} INFO - [2023-02-26T09:36:55.762+0000] {dagbag.py:525} INFO - Filling up the DagBag from /home/airflow/.local/lib/python3.7/site-packages/airflow/example_dags/example_branch_day_of_week_operator.py
[2023-02-26T09:36:55.778+0000] {processor.py:768} INFO - DAG(s) dict_keys(['example_weekday_branch_operator']) retrieved from /home/airflow/.local/lib/python3.7/site-packages/airflow/example_dags/example_branch_day_of_week_operator.py
[2023-02-26T09:36:55.814+0000] {logging_mixin.py:117} INFO - [2023-02-26T09:36:55.813+0000] {dag.py:2573} INFO - Sync 1 DAGs
[2023-02-26T09:36:55.839+0000] {logging_mixin.py:117} INFO - [2023-02-26T09:36:55.839+0000] {dag.py:3328} INFO - Setting next_dagrun for example_weekday_branch_operator to 2023-02-25T00:00:00+00:00, run_after=2023-02-26T00:00:00+00:00
[2023-02-26T09:36:55.869+0000] {processor.py:178} INFO - Processing /home/airflow/.local/lib/python3.7/site-packages/airflow/example_dags/example_branch_day_of_week_operator.py took 0.113 seconds
[2023-02-26T09:37:26.353+0000] {processor.py:156} INFO - Started process (PID=233) to work on /home/airflow/.local/lib/python3.7/site-packages/airflow/example_dags/example_branch_day_of_week_operator.py
[2023-02-26T09:37:26.355+0000] {processor.py:758} INFO - Processing file /home/airflow/.local/lib/python3.7/site-packages/airflow/example_dags/example_branch_day_of_week_operator.py for tasks to queue
[2023-02-26T09:37:26.356+0000] {logging_mixin.py:117} INFO - [2023-02-26T09:37:26.356+0000] {dagbag.py:525} INFO - Filling up the DagBag from /home/airflow/.local/lib/python3.7/site-packages/airflow/example_dags/example_branch_day_of_week_operator.py
[2023-02-26T09:37:26.367+0000] {processor.py:768} INFO - DAG(s) dict_keys(['example_weekday_branch_operator']) retrieved from /home/airflow/.local/lib/python3.7/site-packages/airflow/example_dags/example_branch_day_of_week_operator.py
[2023-02-26T09:37:26.395+0000] {logging_mixin.py:117} INFO - [2023-02-26T09:37:26.395+0000] {dag.py:2573} INFO - Sync 1 DAGs
[2023-02-26T09:37:26.412+0000] {logging_mixin.py:117} INFO - [2023-02-26T09:37:26.411+0000] {dag.py:3328} INFO - Setting next_dagrun for example_weekday_branch_operator to 2023-02-25T00:00:00+00:00, run_after=2023-02-26T00:00:00+00:00
[2023-02-26T09:37:26.424+0000] {processor.py:178} INFO - Processing /home/airflow/.local/lib/python3.7/site-packages/airflow/example_dags/example_branch_day_of_week_operator.py took 0.073 seconds
[2023-02-26T09:37:56.894+0000] {processor.py:156} INFO - Started process (PID=295) to work on /home/airflow/.local/lib/python3.7/site-packages/airflow/example_dags/example_branch_day_of_week_operator.py
[2023-02-26T09:37:56.896+0000] {processor.py:758} INFO - Processing file /home/airflow/.local/lib/python3.7/site-packages/airflow/example_dags/example_branch_day_of_week_operator.py for tasks to queue
[2023-02-26T09:37:56.897+0000] {logging_mixin.py:117} INFO - [2023-02-26T09:37:56.897+0000] {dagbag.py:525} INFO - Filling up the DagBag from /home/airflow/.local/lib/python3.7/site-packages/airflow/example_dags/example_branch_day_of_week_operator.py
[2023-02-26T09:37:56.912+0000] {processor.py:768} INFO - DAG(s) dict_keys(['example_weekday_branch_operator']) retrieved from /home/airflow/.local/lib/python3.7/site-packages/airflow/example_dags/example_branch_day_of_week_operator.py
[2023-02-26T09:37:56.945+0000] {logging_mixin.py:117} INFO - [2023-02-26T09:37:56.945+0000] {dag.py:2573} INFO - Sync 1 DAGs
[2023-02-26T09:37:56.966+0000] {logging_mixin.py:117} INFO - [2023-02-26T09:37:56.966+0000] {dag.py:3328} INFO - Setting next_dagrun for example_weekday_branch_operator to 2023-02-25T00:00:00+00:00, run_after=2023-02-26T00:00:00+00:00
[2023-02-26T09:37:56.983+0000] {processor.py:178} INFO - Processing /home/airflow/.local/lib/python3.7/site-packages/airflow/example_dags/example_branch_day_of_week_operator.py took 0.091 seconds
[2023-02-26T09:38:27.529+0000] {processor.py:156} INFO - Started process (PID=358) to work on /home/airflow/.local/lib/python3.7/site-packages/airflow/example_dags/example_branch_day_of_week_operator.py
[2023-02-26T09:38:27.531+0000] {processor.py:758} INFO - Processing file /home/airflow/.local/lib/python3.7/site-packages/airflow/example_dags/example_branch_day_of_week_operator.py for tasks to queue
[2023-02-26T09:38:27.532+0000] {logging_mixin.py:117} INFO - [2023-02-26T09:38:27.532+0000] {dagbag.py:525} INFO - Filling up the DagBag from /home/airflow/.local/lib/python3.7/site-packages/airflow/example_dags/example_branch_day_of_week_operator.py
[2023-02-26T09:38:27.548+0000] {processor.py:768} INFO - DAG(s) dict_keys(['example_weekday_branch_operator']) retrieved from /home/airflow/.local/lib/python3.7/site-packages/airflow/example_dags/example_branch_day_of_week_operator.py
[2023-02-26T09:38:27.583+0000] {logging_mixin.py:117} INFO - [2023-02-26T09:38:27.583+0000] {dag.py:2573} INFO - Sync 1 DAGs
[2023-02-26T09:38:27.609+0000] {logging_mixin.py:117} INFO - [2023-02-26T09:38:27.609+0000] {dag.py:3328} INFO - Setting next_dagrun for example_weekday_branch_operator to 2023-02-25T00:00:00+00:00, run_after=2023-02-26T00:00:00+00:00
[2023-02-26T09:38:27.628+0000] {processor.py:178} INFO - Processing /home/airflow/.local/lib/python3.7/site-packages/airflow/example_dags/example_branch_day_of_week_operator.py took 0.101 seconds
[2023-02-26T09:38:58.340+0000] {processor.py:156} INFO - Started process (PID=421) to work on /home/airflow/.local/lib/python3.7/site-packages/airflow/example_dags/example_branch_day_of_week_operator.py
[2023-02-26T09:38:58.342+0000] {processor.py:758} INFO - Processing file /home/airflow/.local/lib/python3.7/site-packages/airflow/example_dags/example_branch_day_of_week_operator.py for tasks to queue
[2023-02-26T09:38:58.344+0000] {logging_mixin.py:117} INFO - [2023-02-26T09:38:58.344+0000] {dagbag.py:525} INFO - Filling up the DagBag from /home/airflow/.local/lib/python3.7/site-packages/airflow/example_dags/example_branch_day_of_week_operator.py
[2023-02-26T09:38:58.361+0000] {processor.py:768} INFO - DAG(s) dict_keys(['example_weekday_branch_operator']) retrieved from /home/airflow/.local/lib/python3.7/site-packages/airflow/example_dags/example_branch_day_of_week_operator.py
[2023-02-26T09:38:58.397+0000] {logging_mixin.py:117} INFO - [2023-02-26T09:38:58.397+0000] {dag.py:2573} INFO - Sync 1 DAGs
[2023-02-26T09:38:58.417+0000] {logging_mixin.py:117} INFO - [2023-02-26T09:38:58.417+0000] {dag.py:3328} INFO - Setting next_dagrun for example_weekday_branch_operator to 2023-02-25T00:00:00+00:00, run_after=2023-02-26T00:00:00+00:00
[2023-02-26T09:38:58.434+0000] {processor.py:178} INFO - Processing /home/airflow/.local/lib/python3.7/site-packages/airflow/example_dags/example_branch_day_of_week_operator.py took 0.097 seconds
