[2023-02-26T09:35:57.551+0000] {processor.py:156} INFO - Started process (PID=75) to work on /home/airflow/.local/lib/python3.7/site-packages/airflow/example_dags/example_latest_only.py
[2023-02-26T09:35:57.554+0000] {processor.py:758} INFO - Processing file /home/airflow/.local/lib/python3.7/site-packages/airflow/example_dags/example_latest_only.py for tasks to queue
[2023-02-26T09:35:57.558+0000] {logging_mixin.py:117} INFO - [2023-02-26T09:35:57.557+0000] {dagbag.py:525} INFO - Filling up the DagBag from /home/airflow/.local/lib/python3.7/site-packages/airflow/example_dags/example_latest_only.py
[2023-02-26T09:35:57.579+0000] {processor.py:768} INFO - DAG(s) dict_keys(['latest_only']) retrieved from /home/airflow/.local/lib/python3.7/site-packages/airflow/example_dags/example_latest_only.py
[2023-02-26T09:35:57.624+0000] {logging_mixin.py:117} INFO - [2023-02-26T09:35:57.624+0000] {dag.py:2573} INFO - Sync 1 DAGs
[2023-02-26T09:35:57.658+0000] {logging_mixin.py:117} INFO - [2023-02-26T09:35:57.658+0000] {dag.py:3328} INFO - Setting next_dagrun for latest_only to 2023-02-26T05:35:57.658169+00:00, run_after=2023-02-26T09:35:57.658169+00:00
[2023-02-26T09:35:57.717+0000] {processor.py:178} INFO - Processing /home/airflow/.local/lib/python3.7/site-packages/airflow/example_dags/example_latest_only.py took 0.181 seconds
[2023-02-26T09:36:27.913+0000] {processor.py:156} INFO - Started process (PID=128) to work on /home/airflow/.local/lib/python3.7/site-packages/airflow/example_dags/example_latest_only.py
[2023-02-26T09:36:27.919+0000] {processor.py:758} INFO - Processing file /home/airflow/.local/lib/python3.7/site-packages/airflow/example_dags/example_latest_only.py for tasks to queue
[2023-02-26T09:36:27.920+0000] {logging_mixin.py:117} INFO - [2023-02-26T09:36:27.920+0000] {dagbag.py:525} INFO - Filling up the DagBag from /home/airflow/.local/lib/python3.7/site-packages/airflow/example_dags/example_latest_only.py
[2023-02-26T09:36:27.930+0000] {processor.py:768} INFO - DAG(s) dict_keys(['latest_only']) retrieved from /home/airflow/.local/lib/python3.7/site-packages/airflow/example_dags/example_latest_only.py
[2023-02-26T09:36:27.955+0000] {logging_mixin.py:117} INFO - [2023-02-26T09:36:27.955+0000] {dag.py:2573} INFO - Sync 1 DAGs
[2023-02-26T09:36:27.970+0000] {logging_mixin.py:117} INFO - [2023-02-26T09:36:27.970+0000] {dag.py:3328} INFO - Setting next_dagrun for latest_only to 2023-02-26T05:36:27.969911+00:00, run_after=2023-02-26T09:36:27.969911+00:00
[2023-02-26T09:36:27.982+0000] {processor.py:178} INFO - Processing /home/airflow/.local/lib/python3.7/site-packages/airflow/example_dags/example_latest_only.py took 0.071 seconds
[2023-02-26T09:36:58.718+0000] {processor.py:156} INFO - Started process (PID=192) to work on /home/airflow/.local/lib/python3.7/site-packages/airflow/example_dags/example_latest_only.py
[2023-02-26T09:36:58.721+0000] {processor.py:758} INFO - Processing file /home/airflow/.local/lib/python3.7/site-packages/airflow/example_dags/example_latest_only.py for tasks to queue
[2023-02-26T09:36:58.722+0000] {logging_mixin.py:117} INFO - [2023-02-26T09:36:58.722+0000] {dagbag.py:525} INFO - Filling up the DagBag from /home/airflow/.local/lib/python3.7/site-packages/airflow/example_dags/example_latest_only.py
[2023-02-26T09:36:58.740+0000] {processor.py:768} INFO - DAG(s) dict_keys(['latest_only']) retrieved from /home/airflow/.local/lib/python3.7/site-packages/airflow/example_dags/example_latest_only.py
[2023-02-26T09:36:58.789+0000] {logging_mixin.py:117} INFO - [2023-02-26T09:36:58.789+0000] {dag.py:2573} INFO - Sync 1 DAGs
[2023-02-26T09:36:58.813+0000] {logging_mixin.py:117} INFO - [2023-02-26T09:36:58.813+0000] {dag.py:3328} INFO - Setting next_dagrun for latest_only to 2023-02-26T05:36:58.813365+00:00, run_after=2023-02-26T09:36:58.813365+00:00
[2023-02-26T09:36:58.835+0000] {processor.py:178} INFO - Processing /home/airflow/.local/lib/python3.7/site-packages/airflow/example_dags/example_latest_only.py took 0.120 seconds
[2023-02-26T09:37:29.204+0000] {processor.py:156} INFO - Started process (PID=255) to work on /home/airflow/.local/lib/python3.7/site-packages/airflow/example_dags/example_latest_only.py
[2023-02-26T09:37:29.206+0000] {processor.py:758} INFO - Processing file /home/airflow/.local/lib/python3.7/site-packages/airflow/example_dags/example_latest_only.py for tasks to queue
[2023-02-26T09:37:29.208+0000] {logging_mixin.py:117} INFO - [2023-02-26T09:37:29.207+0000] {dagbag.py:525} INFO - Filling up the DagBag from /home/airflow/.local/lib/python3.7/site-packages/airflow/example_dags/example_latest_only.py
[2023-02-26T09:37:29.218+0000] {processor.py:768} INFO - DAG(s) dict_keys(['latest_only']) retrieved from /home/airflow/.local/lib/python3.7/site-packages/airflow/example_dags/example_latest_only.py
[2023-02-26T09:37:29.252+0000] {logging_mixin.py:117} INFO - [2023-02-26T09:37:29.252+0000] {dag.py:2573} INFO - Sync 1 DAGs
[2023-02-26T09:37:29.270+0000] {logging_mixin.py:117} INFO - [2023-02-26T09:37:29.269+0000] {dag.py:3328} INFO - Setting next_dagrun for latest_only to 2023-02-26T05:37:29.269838+00:00, run_after=2023-02-26T09:37:29.269838+00:00
[2023-02-26T09:37:29.288+0000] {processor.py:178} INFO - Processing /home/airflow/.local/lib/python3.7/site-packages/airflow/example_dags/example_latest_only.py took 0.086 seconds
[2023-02-26T09:37:59.744+0000] {processor.py:156} INFO - Started process (PID=308) to work on /home/airflow/.local/lib/python3.7/site-packages/airflow/example_dags/example_latest_only.py
[2023-02-26T09:37:59.747+0000] {processor.py:758} INFO - Processing file /home/airflow/.local/lib/python3.7/site-packages/airflow/example_dags/example_latest_only.py for tasks to queue
[2023-02-26T09:37:59.748+0000] {logging_mixin.py:117} INFO - [2023-02-26T09:37:59.748+0000] {dagbag.py:525} INFO - Filling up the DagBag from /home/airflow/.local/lib/python3.7/site-packages/airflow/example_dags/example_latest_only.py
[2023-02-26T09:37:59.758+0000] {processor.py:768} INFO - DAG(s) dict_keys(['latest_only']) retrieved from /home/airflow/.local/lib/python3.7/site-packages/airflow/example_dags/example_latest_only.py
[2023-02-26T09:37:59.787+0000] {logging_mixin.py:117} INFO - [2023-02-26T09:37:59.787+0000] {dag.py:2573} INFO - Sync 1 DAGs
[2023-02-26T09:37:59.810+0000] {logging_mixin.py:117} INFO - [2023-02-26T09:37:59.810+0000] {dag.py:3328} INFO - Setting next_dagrun for latest_only to 2023-02-26T05:37:59.809924+00:00, run_after=2023-02-26T09:37:59.809924+00:00
[2023-02-26T09:37:59.826+0000] {processor.py:178} INFO - Processing /home/airflow/.local/lib/python3.7/site-packages/airflow/example_dags/example_latest_only.py took 0.085 seconds
[2023-02-26T09:38:30.374+0000] {processor.py:156} INFO - Started process (PID=371) to work on /home/airflow/.local/lib/python3.7/site-packages/airflow/example_dags/example_latest_only.py
[2023-02-26T09:38:30.376+0000] {processor.py:758} INFO - Processing file /home/airflow/.local/lib/python3.7/site-packages/airflow/example_dags/example_latest_only.py for tasks to queue
[2023-02-26T09:38:30.377+0000] {logging_mixin.py:117} INFO - [2023-02-26T09:38:30.377+0000] {dagbag.py:525} INFO - Filling up the DagBag from /home/airflow/.local/lib/python3.7/site-packages/airflow/example_dags/example_latest_only.py
[2023-02-26T09:38:30.387+0000] {processor.py:768} INFO - DAG(s) dict_keys(['latest_only']) retrieved from /home/airflow/.local/lib/python3.7/site-packages/airflow/example_dags/example_latest_only.py
[2023-02-26T09:38:30.416+0000] {logging_mixin.py:117} INFO - [2023-02-26T09:38:30.416+0000] {dag.py:2573} INFO - Sync 1 DAGs
[2023-02-26T09:38:30.434+0000] {logging_mixin.py:117} INFO - [2023-02-26T09:38:30.434+0000] {dag.py:3328} INFO - Setting next_dagrun for latest_only to 2023-02-26T05:38:30.434507+00:00, run_after=2023-02-26T09:38:30.434507+00:00
[2023-02-26T09:38:30.448+0000] {processor.py:178} INFO - Processing /home/airflow/.local/lib/python3.7/site-packages/airflow/example_dags/example_latest_only.py took 0.077 seconds
[2023-02-26T09:39:01.511+0000] {processor.py:156} INFO - Started process (PID=434) to work on /home/airflow/.local/lib/python3.7/site-packages/airflow/example_dags/example_latest_only.py
[2023-02-26T09:39:01.523+0000] {processor.py:758} INFO - Processing file /home/airflow/.local/lib/python3.7/site-packages/airflow/example_dags/example_latest_only.py for tasks to queue
[2023-02-26T09:39:01.525+0000] {logging_mixin.py:117} INFO - [2023-02-26T09:39:01.525+0000] {dagbag.py:525} INFO - Filling up the DagBag from /home/airflow/.local/lib/python3.7/site-packages/airflow/example_dags/example_latest_only.py
[2023-02-26T09:39:01.657+0000] {processor.py:768} INFO - DAG(s) dict_keys(['latest_only']) retrieved from /home/airflow/.local/lib/python3.7/site-packages/airflow/example_dags/example_latest_only.py
[2023-02-26T09:39:01.781+0000] {logging_mixin.py:117} INFO - [2023-02-26T09:39:01.781+0000] {dag.py:2573} INFO - Sync 1 DAGs
[2023-02-26T09:39:01.886+0000] {logging_mixin.py:117} INFO - [2023-02-26T09:39:01.886+0000] {dag.py:3328} INFO - Setting next_dagrun for latest_only to 2023-02-26T05:39:01.885602+00:00, run_after=2023-02-26T09:39:01.885602+00:00
[2023-02-26T09:39:01.937+0000] {processor.py:178} INFO - Processing /home/airflow/.local/lib/python3.7/site-packages/airflow/example_dags/example_latest_only.py took 0.434 seconds
