[2023-02-26T09:35:54.794+0000] {processor.py:156} INFO - Started process (PID=57) to work on /home/airflow/.local/lib/python3.7/site-packages/airflow/example_dags/example_subdag_operator.py
[2023-02-26T09:35:54.800+0000] {processor.py:758} INFO - Processing file /home/airflow/.local/lib/python3.7/site-packages/airflow/example_dags/example_subdag_operator.py for tasks to queue
[2023-02-26T09:35:54.802+0000] {logging_mixin.py:117} INFO - [2023-02-26T09:35:54.802+0000] {dagbag.py:525} INFO - Filling up the DagBag from /home/airflow/.local/lib/python3.7/site-packages/airflow/example_dags/example_subdag_operator.py
[2023-02-26T09:35:54.927+0000] {processor.py:768} INFO - DAG(s) dict_keys(['example_subdag_operator.section-1', 'example_subdag_operator.section-2', 'example_subdag_operator']) retrieved from /home/airflow/.local/lib/python3.7/site-packages/airflow/example_dags/example_subdag_operator.py
[2023-02-26T09:35:54.978+0000] {logging_mixin.py:117} INFO - [2023-02-26T09:35:54.978+0000] {dag.py:2573} INFO - Sync 3 DAGs
[2023-02-26T09:35:55.015+0000] {logging_mixin.py:117} INFO - [2023-02-26T09:35:55.015+0000] {dag.py:3328} INFO - Setting next_dagrun for example_subdag_operator to 2022-01-01T00:00:00+00:00, run_after=2022-01-01T00:00:00+00:00
[2023-02-26T09:35:55.032+0000] {logging_mixin.py:117} INFO - [2023-02-26T09:35:55.032+0000] {dag.py:3328} INFO - Setting next_dagrun for example_subdag_operator.section-1 to None, run_after=None
[2023-02-26T09:35:55.035+0000] {logging_mixin.py:117} INFO - [2023-02-26T09:35:55.035+0000] {dag.py:3328} INFO - Setting next_dagrun for example_subdag_operator.section-2 to None, run_after=None
[2023-02-26T09:35:55.051+0000] {logging_mixin.py:117} INFO - [2023-02-26T09:35:55.051+0000] {dag.py:2573} INFO - Sync 2 DAGs
[2023-02-26T09:35:55.064+0000] {logging_mixin.py:117} INFO - [2023-02-26T09:35:55.064+0000] {dag.py:3328} INFO - Setting next_dagrun for example_subdag_operator.section-1 to None, run_after=None
[2023-02-26T09:35:55.066+0000] {logging_mixin.py:117} INFO - [2023-02-26T09:35:55.066+0000] {dag.py:3328} INFO - Setting next_dagrun for example_subdag_operator.section-2 to None, run_after=None
[2023-02-26T09:35:55.109+0000] {processor.py:178} INFO - Processing /home/airflow/.local/lib/python3.7/site-packages/airflow/example_dags/example_subdag_operator.py took 0.321 seconds
[2023-02-26T09:36:25.245+0000] {processor.py:156} INFO - Started process (PID=118) to work on /home/airflow/.local/lib/python3.7/site-packages/airflow/example_dags/example_subdag_operator.py
[2023-02-26T09:36:25.247+0000] {processor.py:758} INFO - Processing file /home/airflow/.local/lib/python3.7/site-packages/airflow/example_dags/example_subdag_operator.py for tasks to queue
[2023-02-26T09:36:25.249+0000] {logging_mixin.py:117} INFO - [2023-02-26T09:36:25.248+0000] {dagbag.py:525} INFO - Filling up the DagBag from /home/airflow/.local/lib/python3.7/site-packages/airflow/example_dags/example_subdag_operator.py
[2023-02-26T09:36:25.277+0000] {processor.py:768} INFO - DAG(s) dict_keys(['example_subdag_operator.section-1', 'example_subdag_operator.section-2', 'example_subdag_operator']) retrieved from /home/airflow/.local/lib/python3.7/site-packages/airflow/example_dags/example_subdag_operator.py
[2023-02-26T09:36:25.402+0000] {logging_mixin.py:117} INFO - [2023-02-26T09:36:25.402+0000] {dag.py:2573} INFO - Sync 3 DAGs
[2023-02-26T09:36:25.423+0000] {logging_mixin.py:117} INFO - [2023-02-26T09:36:25.422+0000] {dag.py:3328} INFO - Setting next_dagrun for example_subdag_operator to 2022-01-01T00:00:00+00:00, run_after=2022-01-01T00:00:00+00:00
[2023-02-26T09:36:25.427+0000] {logging_mixin.py:117} INFO - [2023-02-26T09:36:25.427+0000] {dag.py:3328} INFO - Setting next_dagrun for example_subdag_operator.section-1 to None, run_after=None
[2023-02-26T09:36:25.429+0000] {logging_mixin.py:117} INFO - [2023-02-26T09:36:25.429+0000] {dag.py:3328} INFO - Setting next_dagrun for example_subdag_operator.section-2 to None, run_after=None
[2023-02-26T09:36:25.437+0000] {logging_mixin.py:117} INFO - [2023-02-26T09:36:25.437+0000] {dag.py:2573} INFO - Sync 2 DAGs
[2023-02-26T09:36:25.445+0000] {logging_mixin.py:117} INFO - [2023-02-26T09:36:25.445+0000] {dag.py:3328} INFO - Setting next_dagrun for example_subdag_operator.section-1 to None, run_after=None
[2023-02-26T09:36:25.446+0000] {logging_mixin.py:117} INFO - [2023-02-26T09:36:25.446+0000] {dag.py:3328} INFO - Setting next_dagrun for example_subdag_operator.section-2 to None, run_after=None
[2023-02-26T09:36:25.457+0000] {processor.py:178} INFO - Processing /home/airflow/.local/lib/python3.7/site-packages/airflow/example_dags/example_subdag_operator.py took 0.214 seconds
[2023-02-26T09:36:55.930+0000] {processor.py:156} INFO - Started process (PID=182) to work on /home/airflow/.local/lib/python3.7/site-packages/airflow/example_dags/example_subdag_operator.py
[2023-02-26T09:36:55.934+0000] {processor.py:758} INFO - Processing file /home/airflow/.local/lib/python3.7/site-packages/airflow/example_dags/example_subdag_operator.py for tasks to queue
[2023-02-26T09:36:55.936+0000] {logging_mixin.py:117} INFO - [2023-02-26T09:36:55.936+0000] {dagbag.py:525} INFO - Filling up the DagBag from /home/airflow/.local/lib/python3.7/site-packages/airflow/example_dags/example_subdag_operator.py
[2023-02-26T09:36:55.963+0000] {processor.py:768} INFO - DAG(s) dict_keys(['example_subdag_operator.section-1', 'example_subdag_operator.section-2', 'example_subdag_operator']) retrieved from /home/airflow/.local/lib/python3.7/site-packages/airflow/example_dags/example_subdag_operator.py
[2023-02-26T09:36:56.094+0000] {logging_mixin.py:117} INFO - [2023-02-26T09:36:56.094+0000] {dag.py:2573} INFO - Sync 3 DAGs
[2023-02-26T09:36:56.119+0000] {logging_mixin.py:117} INFO - [2023-02-26T09:36:56.119+0000] {dag.py:3328} INFO - Setting next_dagrun for example_subdag_operator to 2022-01-01T00:00:00+00:00, run_after=2022-01-01T00:00:00+00:00
[2023-02-26T09:36:56.124+0000] {logging_mixin.py:117} INFO - [2023-02-26T09:36:56.124+0000] {dag.py:3328} INFO - Setting next_dagrun for example_subdag_operator.section-1 to None, run_after=None
[2023-02-26T09:36:56.129+0000] {logging_mixin.py:117} INFO - [2023-02-26T09:36:56.128+0000] {dag.py:3328} INFO - Setting next_dagrun for example_subdag_operator.section-2 to None, run_after=None
[2023-02-26T09:36:56.137+0000] {logging_mixin.py:117} INFO - [2023-02-26T09:36:56.137+0000] {dag.py:2573} INFO - Sync 2 DAGs
[2023-02-26T09:36:56.145+0000] {logging_mixin.py:117} INFO - [2023-02-26T09:36:56.144+0000] {dag.py:3328} INFO - Setting next_dagrun for example_subdag_operator.section-1 to None, run_after=None
[2023-02-26T09:36:56.146+0000] {logging_mixin.py:117} INFO - [2023-02-26T09:36:56.146+0000] {dag.py:3328} INFO - Setting next_dagrun for example_subdag_operator.section-2 to None, run_after=None
[2023-02-26T09:36:56.162+0000] {processor.py:178} INFO - Processing /home/airflow/.local/lib/python3.7/site-packages/airflow/example_dags/example_subdag_operator.py took 0.234 seconds
[2023-02-26T09:37:26.498+0000] {processor.py:156} INFO - Started process (PID=236) to work on /home/airflow/.local/lib/python3.7/site-packages/airflow/example_dags/example_subdag_operator.py
[2023-02-26T09:37:26.499+0000] {processor.py:758} INFO - Processing file /home/airflow/.local/lib/python3.7/site-packages/airflow/example_dags/example_subdag_operator.py for tasks to queue
[2023-02-26T09:37:26.500+0000] {logging_mixin.py:117} INFO - [2023-02-26T09:37:26.500+0000] {dagbag.py:525} INFO - Filling up the DagBag from /home/airflow/.local/lib/python3.7/site-packages/airflow/example_dags/example_subdag_operator.py
[2023-02-26T09:37:26.523+0000] {processor.py:768} INFO - DAG(s) dict_keys(['example_subdag_operator.section-1', 'example_subdag_operator.section-2', 'example_subdag_operator']) retrieved from /home/airflow/.local/lib/python3.7/site-packages/airflow/example_dags/example_subdag_operator.py
[2023-02-26T09:37:26.617+0000] {logging_mixin.py:117} INFO - [2023-02-26T09:37:26.616+0000] {dag.py:2573} INFO - Sync 3 DAGs
[2023-02-26T09:37:26.634+0000] {logging_mixin.py:117} INFO - [2023-02-26T09:37:26.634+0000] {dag.py:3328} INFO - Setting next_dagrun for example_subdag_operator to 2022-01-01T00:00:00+00:00, run_after=2022-01-01T00:00:00+00:00
[2023-02-26T09:37:26.638+0000] {logging_mixin.py:117} INFO - [2023-02-26T09:37:26.638+0000] {dag.py:3328} INFO - Setting next_dagrun for example_subdag_operator.section-1 to None, run_after=None
[2023-02-26T09:37:26.640+0000] {logging_mixin.py:117} INFO - [2023-02-26T09:37:26.640+0000] {dag.py:3328} INFO - Setting next_dagrun for example_subdag_operator.section-2 to None, run_after=None
[2023-02-26T09:37:26.647+0000] {logging_mixin.py:117} INFO - [2023-02-26T09:37:26.647+0000] {dag.py:2573} INFO - Sync 2 DAGs
[2023-02-26T09:37:26.651+0000] {logging_mixin.py:117} INFO - [2023-02-26T09:37:26.651+0000] {dag.py:3328} INFO - Setting next_dagrun for example_subdag_operator.section-1 to None, run_after=None
[2023-02-26T09:37:26.652+0000] {logging_mixin.py:117} INFO - [2023-02-26T09:37:26.651+0000] {dag.py:3328} INFO - Setting next_dagrun for example_subdag_operator.section-2 to None, run_after=None
[2023-02-26T09:37:26.658+0000] {processor.py:178} INFO - Processing /home/airflow/.local/lib/python3.7/site-packages/airflow/example_dags/example_subdag_operator.py took 0.163 seconds
[2023-02-26T09:37:57.216+0000] {processor.py:156} INFO - Started process (PID=298) to work on /home/airflow/.local/lib/python3.7/site-packages/airflow/example_dags/example_subdag_operator.py
[2023-02-26T09:37:57.218+0000] {processor.py:758} INFO - Processing file /home/airflow/.local/lib/python3.7/site-packages/airflow/example_dags/example_subdag_operator.py for tasks to queue
[2023-02-26T09:37:57.219+0000] {logging_mixin.py:117} INFO - [2023-02-26T09:37:57.219+0000] {dagbag.py:525} INFO - Filling up the DagBag from /home/airflow/.local/lib/python3.7/site-packages/airflow/example_dags/example_subdag_operator.py
[2023-02-26T09:37:57.244+0000] {processor.py:768} INFO - DAG(s) dict_keys(['example_subdag_operator.section-1', 'example_subdag_operator.section-2', 'example_subdag_operator']) retrieved from /home/airflow/.local/lib/python3.7/site-packages/airflow/example_dags/example_subdag_operator.py
[2023-02-26T09:37:57.348+0000] {logging_mixin.py:117} INFO - [2023-02-26T09:37:57.348+0000] {dag.py:2573} INFO - Sync 3 DAGs
[2023-02-26T09:37:57.364+0000] {logging_mixin.py:117} INFO - [2023-02-26T09:37:57.364+0000] {dag.py:3328} INFO - Setting next_dagrun for example_subdag_operator to 2022-01-01T00:00:00+00:00, run_after=2022-01-01T00:00:00+00:00
[2023-02-26T09:37:57.368+0000] {logging_mixin.py:117} INFO - [2023-02-26T09:37:57.368+0000] {dag.py:3328} INFO - Setting next_dagrun for example_subdag_operator.section-1 to None, run_after=None
[2023-02-26T09:37:57.370+0000] {logging_mixin.py:117} INFO - [2023-02-26T09:37:57.370+0000] {dag.py:3328} INFO - Setting next_dagrun for example_subdag_operator.section-2 to None, run_after=None
[2023-02-26T09:37:57.375+0000] {logging_mixin.py:117} INFO - [2023-02-26T09:37:57.375+0000] {dag.py:2573} INFO - Sync 2 DAGs
[2023-02-26T09:37:57.379+0000] {logging_mixin.py:117} INFO - [2023-02-26T09:37:57.379+0000] {dag.py:3328} INFO - Setting next_dagrun for example_subdag_operator.section-1 to None, run_after=None
[2023-02-26T09:37:57.380+0000] {logging_mixin.py:117} INFO - [2023-02-26T09:37:57.380+0000] {dag.py:3328} INFO - Setting next_dagrun for example_subdag_operator.section-2 to None, run_after=None
[2023-02-26T09:37:57.388+0000] {processor.py:178} INFO - Processing /home/airflow/.local/lib/python3.7/site-packages/airflow/example_dags/example_subdag_operator.py took 0.174 seconds
[2023-02-26T09:38:27.715+0000] {processor.py:156} INFO - Started process (PID=361) to work on /home/airflow/.local/lib/python3.7/site-packages/airflow/example_dags/example_subdag_operator.py
[2023-02-26T09:38:27.718+0000] {processor.py:758} INFO - Processing file /home/airflow/.local/lib/python3.7/site-packages/airflow/example_dags/example_subdag_operator.py for tasks to queue
[2023-02-26T09:38:27.722+0000] {logging_mixin.py:117} INFO - [2023-02-26T09:38:27.722+0000] {dagbag.py:525} INFO - Filling up the DagBag from /home/airflow/.local/lib/python3.7/site-packages/airflow/example_dags/example_subdag_operator.py
[2023-02-26T09:38:27.769+0000] {processor.py:768} INFO - DAG(s) dict_keys(['example_subdag_operator.section-1', 'example_subdag_operator.section-2', 'example_subdag_operator']) retrieved from /home/airflow/.local/lib/python3.7/site-packages/airflow/example_dags/example_subdag_operator.py
[2023-02-26T09:38:27.933+0000] {logging_mixin.py:117} INFO - [2023-02-26T09:38:27.933+0000] {dag.py:2573} INFO - Sync 3 DAGs
[2023-02-26T09:38:27.954+0000] {logging_mixin.py:117} INFO - [2023-02-26T09:38:27.954+0000] {dag.py:3328} INFO - Setting next_dagrun for example_subdag_operator to 2022-01-01T00:00:00+00:00, run_after=2022-01-01T00:00:00+00:00
[2023-02-26T09:38:27.958+0000] {logging_mixin.py:117} INFO - [2023-02-26T09:38:27.958+0000] {dag.py:3328} INFO - Setting next_dagrun for example_subdag_operator.section-1 to None, run_after=None
[2023-02-26T09:38:27.961+0000] {logging_mixin.py:117} INFO - [2023-02-26T09:38:27.961+0000] {dag.py:3328} INFO - Setting next_dagrun for example_subdag_operator.section-2 to None, run_after=None
[2023-02-26T09:38:27.967+0000] {logging_mixin.py:117} INFO - [2023-02-26T09:38:27.967+0000] {dag.py:2573} INFO - Sync 2 DAGs
[2023-02-26T09:38:27.973+0000] {logging_mixin.py:117} INFO - [2023-02-26T09:38:27.973+0000] {dag.py:3328} INFO - Setting next_dagrun for example_subdag_operator.section-1 to None, run_after=None
[2023-02-26T09:38:27.974+0000] {logging_mixin.py:117} INFO - [2023-02-26T09:38:27.974+0000] {dag.py:3328} INFO - Setting next_dagrun for example_subdag_operator.section-2 to None, run_after=None
[2023-02-26T09:38:27.988+0000] {processor.py:178} INFO - Processing /home/airflow/.local/lib/python3.7/site-packages/airflow/example_dags/example_subdag_operator.py took 0.279 seconds
[2023-02-26T09:38:58.575+0000] {processor.py:156} INFO - Started process (PID=424) to work on /home/airflow/.local/lib/python3.7/site-packages/airflow/example_dags/example_subdag_operator.py
[2023-02-26T09:38:58.577+0000] {processor.py:758} INFO - Processing file /home/airflow/.local/lib/python3.7/site-packages/airflow/example_dags/example_subdag_operator.py for tasks to queue
[2023-02-26T09:38:58.578+0000] {logging_mixin.py:117} INFO - [2023-02-26T09:38:58.578+0000] {dagbag.py:525} INFO - Filling up the DagBag from /home/airflow/.local/lib/python3.7/site-packages/airflow/example_dags/example_subdag_operator.py
[2023-02-26T09:38:58.604+0000] {processor.py:768} INFO - DAG(s) dict_keys(['example_subdag_operator.section-1', 'example_subdag_operator.section-2', 'example_subdag_operator']) retrieved from /home/airflow/.local/lib/python3.7/site-packages/airflow/example_dags/example_subdag_operator.py
[2023-02-26T09:38:58.711+0000] {logging_mixin.py:117} INFO - [2023-02-26T09:38:58.711+0000] {dag.py:2573} INFO - Sync 3 DAGs
[2023-02-26T09:38:58.728+0000] {logging_mixin.py:117} INFO - [2023-02-26T09:38:58.728+0000] {dag.py:3328} INFO - Setting next_dagrun for example_subdag_operator to 2022-01-01T00:00:00+00:00, run_after=2022-01-01T00:00:00+00:00
[2023-02-26T09:38:58.731+0000] {logging_mixin.py:117} INFO - [2023-02-26T09:38:58.731+0000] {dag.py:3328} INFO - Setting next_dagrun for example_subdag_operator.section-1 to None, run_after=None
[2023-02-26T09:38:58.734+0000] {logging_mixin.py:117} INFO - [2023-02-26T09:38:58.733+0000] {dag.py:3328} INFO - Setting next_dagrun for example_subdag_operator.section-2 to None, run_after=None
[2023-02-26T09:38:58.739+0000] {logging_mixin.py:117} INFO - [2023-02-26T09:38:58.739+0000] {dag.py:2573} INFO - Sync 2 DAGs
[2023-02-26T09:38:58.743+0000] {logging_mixin.py:117} INFO - [2023-02-26T09:38:58.743+0000] {dag.py:3328} INFO - Setting next_dagrun for example_subdag_operator.section-1 to None, run_after=None
[2023-02-26T09:38:58.744+0000] {logging_mixin.py:117} INFO - [2023-02-26T09:38:58.744+0000] {dag.py:3328} INFO - Setting next_dagrun for example_subdag_operator.section-2 to None, run_after=None
[2023-02-26T09:38:58.753+0000] {processor.py:178} INFO - Processing /home/airflow/.local/lib/python3.7/site-packages/airflow/example_dags/example_subdag_operator.py took 0.180 seconds
