[2023-02-26T09:35:53.732+0000] {processor.py:156} INFO - Started process (PID=47) to work on /home/airflow/.local/lib/python3.7/site-packages/airflow/example_dags/example_latest_only_with_trigger.py
[2023-02-26T09:35:53.735+0000] {processor.py:758} INFO - Processing file /home/airflow/.local/lib/python3.7/site-packages/airflow/example_dags/example_latest_only_with_trigger.py for tasks to queue
[2023-02-26T09:35:53.737+0000] {logging_mixin.py:117} INFO - [2023-02-26T09:35:53.737+0000] {dagbag.py:525} INFO - Filling up the DagBag from /home/airflow/.local/lib/python3.7/site-packages/airflow/example_dags/example_latest_only_with_trigger.py
[2023-02-26T09:35:53.762+0000] {processor.py:768} INFO - DAG(s) dict_keys(['latest_only_with_trigger']) retrieved from /home/airflow/.local/lib/python3.7/site-packages/airflow/example_dags/example_latest_only_with_trigger.py
[2023-02-26T09:35:53.802+0000] {logging_mixin.py:117} INFO - [2023-02-26T09:35:53.802+0000] {dag.py:2573} INFO - Sync 1 DAGs
[2023-02-26T09:35:53.837+0000] {logging_mixin.py:117} INFO - [2023-02-26T09:35:53.837+0000] {dag.py:3328} INFO - Setting next_dagrun for latest_only_with_trigger to 2023-02-26T05:35:53.837327+00:00, run_after=2023-02-26T09:35:53.837327+00:00
[2023-02-26T09:35:53.873+0000] {processor.py:178} INFO - Processing /home/airflow/.local/lib/python3.7/site-packages/airflow/example_dags/example_latest_only_with_trigger.py took 0.144 seconds
[2023-02-26T09:36:24.261+0000] {processor.py:156} INFO - Started process (PID=108) to work on /home/airflow/.local/lib/python3.7/site-packages/airflow/example_dags/example_latest_only_with_trigger.py
[2023-02-26T09:36:24.264+0000] {processor.py:758} INFO - Processing file /home/airflow/.local/lib/python3.7/site-packages/airflow/example_dags/example_latest_only_with_trigger.py for tasks to queue
[2023-02-26T09:36:24.265+0000] {logging_mixin.py:117} INFO - [2023-02-26T09:36:24.265+0000] {dagbag.py:525} INFO - Filling up the DagBag from /home/airflow/.local/lib/python3.7/site-packages/airflow/example_dags/example_latest_only_with_trigger.py
[2023-02-26T09:36:24.275+0000] {processor.py:768} INFO - DAG(s) dict_keys(['latest_only_with_trigger']) retrieved from /home/airflow/.local/lib/python3.7/site-packages/airflow/example_dags/example_latest_only_with_trigger.py
[2023-02-26T09:36:24.306+0000] {logging_mixin.py:117} INFO - [2023-02-26T09:36:24.306+0000] {dag.py:2573} INFO - Sync 1 DAGs
[2023-02-26T09:36:24.327+0000] {logging_mixin.py:117} INFO - [2023-02-26T09:36:24.327+0000] {dag.py:3328} INFO - Setting next_dagrun for latest_only_with_trigger to 2023-02-26T05:36:24.327544+00:00, run_after=2023-02-26T09:36:24.327544+00:00
[2023-02-26T09:36:24.344+0000] {processor.py:178} INFO - Processing /home/airflow/.local/lib/python3.7/site-packages/airflow/example_dags/example_latest_only_with_trigger.py took 0.085 seconds
[2023-02-26T09:36:55.077+0000] {processor.py:156} INFO - Started process (PID=163) to work on /home/airflow/.local/lib/python3.7/site-packages/airflow/example_dags/example_latest_only_with_trigger.py
[2023-02-26T09:36:55.079+0000] {processor.py:758} INFO - Processing file /home/airflow/.local/lib/python3.7/site-packages/airflow/example_dags/example_latest_only_with_trigger.py for tasks to queue
[2023-02-26T09:36:55.080+0000] {logging_mixin.py:117} INFO - [2023-02-26T09:36:55.080+0000] {dagbag.py:525} INFO - Filling up the DagBag from /home/airflow/.local/lib/python3.7/site-packages/airflow/example_dags/example_latest_only_with_trigger.py
[2023-02-26T09:36:55.091+0000] {processor.py:768} INFO - DAG(s) dict_keys(['latest_only_with_trigger']) retrieved from /home/airflow/.local/lib/python3.7/site-packages/airflow/example_dags/example_latest_only_with_trigger.py
[2023-02-26T09:36:55.125+0000] {logging_mixin.py:117} INFO - [2023-02-26T09:36:55.125+0000] {dag.py:2573} INFO - Sync 1 DAGs
[2023-02-26T09:36:55.157+0000] {logging_mixin.py:117} INFO - [2023-02-26T09:36:55.157+0000] {dag.py:3328} INFO - Setting next_dagrun for latest_only_with_trigger to 2023-02-26T05:36:55.156998+00:00, run_after=2023-02-26T09:36:55.156998+00:00
[2023-02-26T09:36:55.190+0000] {processor.py:178} INFO - Processing /home/airflow/.local/lib/python3.7/site-packages/airflow/example_dags/example_latest_only_with_trigger.py took 0.116 seconds
[2023-02-26T09:37:26.006+0000] {processor.py:156} INFO - Started process (PID=226) to work on /home/airflow/.local/lib/python3.7/site-packages/airflow/example_dags/example_latest_only_with_trigger.py
[2023-02-26T09:37:26.007+0000] {processor.py:758} INFO - Processing file /home/airflow/.local/lib/python3.7/site-packages/airflow/example_dags/example_latest_only_with_trigger.py for tasks to queue
[2023-02-26T09:37:26.009+0000] {logging_mixin.py:117} INFO - [2023-02-26T09:37:26.009+0000] {dagbag.py:525} INFO - Filling up the DagBag from /home/airflow/.local/lib/python3.7/site-packages/airflow/example_dags/example_latest_only_with_trigger.py
[2023-02-26T09:37:26.019+0000] {processor.py:768} INFO - DAG(s) dict_keys(['latest_only_with_trigger']) retrieved from /home/airflow/.local/lib/python3.7/site-packages/airflow/example_dags/example_latest_only_with_trigger.py
[2023-02-26T09:37:26.046+0000] {logging_mixin.py:117} INFO - [2023-02-26T09:37:26.046+0000] {dag.py:2573} INFO - Sync 1 DAGs
[2023-02-26T09:37:26.064+0000] {logging_mixin.py:117} INFO - [2023-02-26T09:37:26.064+0000] {dag.py:3328} INFO - Setting next_dagrun for latest_only_with_trigger to 2023-02-26T05:37:26.064085+00:00, run_after=2023-02-26T09:37:26.064085+00:00
[2023-02-26T09:37:26.075+0000] {processor.py:178} INFO - Processing /home/airflow/.local/lib/python3.7/site-packages/airflow/example_dags/example_latest_only_with_trigger.py took 0.073 seconds
[2023-02-26T09:37:56.436+0000] {processor.py:156} INFO - Started process (PID=288) to work on /home/airflow/.local/lib/python3.7/site-packages/airflow/example_dags/example_latest_only_with_trigger.py
[2023-02-26T09:37:56.438+0000] {processor.py:758} INFO - Processing file /home/airflow/.local/lib/python3.7/site-packages/airflow/example_dags/example_latest_only_with_trigger.py for tasks to queue
[2023-02-26T09:37:56.439+0000] {logging_mixin.py:117} INFO - [2023-02-26T09:37:56.439+0000] {dagbag.py:525} INFO - Filling up the DagBag from /home/airflow/.local/lib/python3.7/site-packages/airflow/example_dags/example_latest_only_with_trigger.py
[2023-02-26T09:37:56.452+0000] {processor.py:768} INFO - DAG(s) dict_keys(['latest_only_with_trigger']) retrieved from /home/airflow/.local/lib/python3.7/site-packages/airflow/example_dags/example_latest_only_with_trigger.py
[2023-02-26T09:37:56.486+0000] {logging_mixin.py:117} INFO - [2023-02-26T09:37:56.486+0000] {dag.py:2573} INFO - Sync 1 DAGs
[2023-02-26T09:37:56.508+0000] {logging_mixin.py:117} INFO - [2023-02-26T09:37:56.508+0000] {dag.py:3328} INFO - Setting next_dagrun for latest_only_with_trigger to 2023-02-26T05:37:56.508503+00:00, run_after=2023-02-26T09:37:56.508503+00:00
[2023-02-26T09:37:56.529+0000] {processor.py:178} INFO - Processing /home/airflow/.local/lib/python3.7/site-packages/airflow/example_dags/example_latest_only_with_trigger.py took 0.096 seconds
[2023-02-26T09:38:26.905+0000] {processor.py:156} INFO - Started process (PID=351) to work on /home/airflow/.local/lib/python3.7/site-packages/airflow/example_dags/example_latest_only_with_trigger.py
[2023-02-26T09:38:26.908+0000] {processor.py:758} INFO - Processing file /home/airflow/.local/lib/python3.7/site-packages/airflow/example_dags/example_latest_only_with_trigger.py for tasks to queue
[2023-02-26T09:38:26.910+0000] {logging_mixin.py:117} INFO - [2023-02-26T09:38:26.910+0000] {dagbag.py:525} INFO - Filling up the DagBag from /home/airflow/.local/lib/python3.7/site-packages/airflow/example_dags/example_latest_only_with_trigger.py
[2023-02-26T09:38:26.926+0000] {processor.py:768} INFO - DAG(s) dict_keys(['latest_only_with_trigger']) retrieved from /home/airflow/.local/lib/python3.7/site-packages/airflow/example_dags/example_latest_only_with_trigger.py
[2023-02-26T09:38:26.960+0000] {logging_mixin.py:117} INFO - [2023-02-26T09:38:26.960+0000] {dag.py:2573} INFO - Sync 1 DAGs
[2023-02-26T09:38:26.979+0000] {logging_mixin.py:117} INFO - [2023-02-26T09:38:26.979+0000] {dag.py:3328} INFO - Setting next_dagrun for latest_only_with_trigger to 2023-02-26T05:38:26.979506+00:00, run_after=2023-02-26T09:38:26.979506+00:00
[2023-02-26T09:38:26.996+0000] {processor.py:178} INFO - Processing /home/airflow/.local/lib/python3.7/site-packages/airflow/example_dags/example_latest_only_with_trigger.py took 0.095 seconds
[2023-02-26T09:38:57.765+0000] {processor.py:156} INFO - Started process (PID=414) to work on /home/airflow/.local/lib/python3.7/site-packages/airflow/example_dags/example_latest_only_with_trigger.py
[2023-02-26T09:38:57.767+0000] {processor.py:758} INFO - Processing file /home/airflow/.local/lib/python3.7/site-packages/airflow/example_dags/example_latest_only_with_trigger.py for tasks to queue
[2023-02-26T09:38:57.768+0000] {logging_mixin.py:117} INFO - [2023-02-26T09:38:57.768+0000] {dagbag.py:525} INFO - Filling up the DagBag from /home/airflow/.local/lib/python3.7/site-packages/airflow/example_dags/example_latest_only_with_trigger.py
[2023-02-26T09:38:57.780+0000] {processor.py:768} INFO - DAG(s) dict_keys(['latest_only_with_trigger']) retrieved from /home/airflow/.local/lib/python3.7/site-packages/airflow/example_dags/example_latest_only_with_trigger.py
[2023-02-26T09:38:57.817+0000] {logging_mixin.py:117} INFO - [2023-02-26T09:38:57.817+0000] {dag.py:2573} INFO - Sync 1 DAGs
[2023-02-26T09:38:57.837+0000] {logging_mixin.py:117} INFO - [2023-02-26T09:38:57.837+0000] {dag.py:3328} INFO - Setting next_dagrun for latest_only_with_trigger to 2023-02-26T05:38:57.837054+00:00, run_after=2023-02-26T09:38:57.837054+00:00
[2023-02-26T09:38:57.851+0000] {processor.py:178} INFO - Processing /home/airflow/.local/lib/python3.7/site-packages/airflow/example_dags/example_latest_only_with_trigger.py took 0.089 seconds
