[2023-02-26T09:35:57.267+0000] {processor.py:156} INFO - Started process (PID=74) to work on /home/airflow/.local/lib/python3.7/site-packages/airflow/example_dags/example_dag_decorator.py
[2023-02-26T09:35:57.270+0000] {processor.py:758} INFO - Processing file /home/airflow/.local/lib/python3.7/site-packages/airflow/example_dags/example_dag_decorator.py for tasks to queue
[2023-02-26T09:35:57.273+0000] {logging_mixin.py:117} INFO - [2023-02-26T09:35:57.272+0000] {dagbag.py:525} INFO - Filling up the DagBag from /home/airflow/.local/lib/python3.7/site-packages/airflow/example_dags/example_dag_decorator.py
[2023-02-26T09:35:57.356+0000] {processor.py:768} INFO - DAG(s) dict_keys(['example_dag_decorator']) retrieved from /home/airflow/.local/lib/python3.7/site-packages/airflow/example_dags/example_dag_decorator.py
[2023-02-26T09:35:57.436+0000] {logging_mixin.py:117} INFO - [2023-02-26T09:35:57.430+0000] {dag.py:2573} INFO - Sync 1 DAGs
[2023-02-26T09:35:57.482+0000] {logging_mixin.py:117} INFO - [2023-02-26T09:35:57.482+0000] {dag.py:3328} INFO - Setting next_dagrun for example_dag_decorator to None, run_after=None
[2023-02-26T09:35:57.516+0000] {processor.py:178} INFO - Processing /home/airflow/.local/lib/python3.7/site-packages/airflow/example_dags/example_dag_decorator.py took 0.275 seconds
[2023-02-26T09:36:27.905+0000] {processor.py:156} INFO - Started process (PID=127) to work on /home/airflow/.local/lib/python3.7/site-packages/airflow/example_dags/example_dag_decorator.py
[2023-02-26T09:36:27.906+0000] {processor.py:758} INFO - Processing file /home/airflow/.local/lib/python3.7/site-packages/airflow/example_dags/example_dag_decorator.py for tasks to queue
[2023-02-26T09:36:27.907+0000] {logging_mixin.py:117} INFO - [2023-02-26T09:36:27.907+0000] {dagbag.py:525} INFO - Filling up the DagBag from /home/airflow/.local/lib/python3.7/site-packages/airflow/example_dags/example_dag_decorator.py
[2023-02-26T09:36:27.930+0000] {processor.py:768} INFO - DAG(s) dict_keys(['example_dag_decorator']) retrieved from /home/airflow/.local/lib/python3.7/site-packages/airflow/example_dags/example_dag_decorator.py
[2023-02-26T09:36:27.978+0000] {logging_mixin.py:117} INFO - [2023-02-26T09:36:27.978+0000] {dag.py:2573} INFO - Sync 1 DAGs
[2023-02-26T09:36:27.993+0000] {logging_mixin.py:117} INFO - [2023-02-26T09:36:27.993+0000] {dag.py:3328} INFO - Setting next_dagrun for example_dag_decorator to None, run_after=None
[2023-02-26T09:36:28.006+0000] {processor.py:178} INFO - Processing /home/airflow/.local/lib/python3.7/site-packages/airflow/example_dags/example_dag_decorator.py took 0.103 seconds
[2023-02-26T09:36:58.576+0000] {processor.py:156} INFO - Started process (PID=191) to work on /home/airflow/.local/lib/python3.7/site-packages/airflow/example_dags/example_dag_decorator.py
[2023-02-26T09:36:58.578+0000] {processor.py:758} INFO - Processing file /home/airflow/.local/lib/python3.7/site-packages/airflow/example_dags/example_dag_decorator.py for tasks to queue
[2023-02-26T09:36:58.579+0000] {logging_mixin.py:117} INFO - [2023-02-26T09:36:58.579+0000] {dagbag.py:525} INFO - Filling up the DagBag from /home/airflow/.local/lib/python3.7/site-packages/airflow/example_dags/example_dag_decorator.py
[2023-02-26T09:36:58.602+0000] {processor.py:768} INFO - DAG(s) dict_keys(['example_dag_decorator']) retrieved from /home/airflow/.local/lib/python3.7/site-packages/airflow/example_dags/example_dag_decorator.py
[2023-02-26T09:36:58.659+0000] {logging_mixin.py:117} INFO - [2023-02-26T09:36:58.659+0000] {dag.py:2573} INFO - Sync 1 DAGs
[2023-02-26T09:36:58.675+0000] {logging_mixin.py:117} INFO - [2023-02-26T09:36:58.675+0000] {dag.py:3328} INFO - Setting next_dagrun for example_dag_decorator to None, run_after=None
[2023-02-26T09:36:58.691+0000] {processor.py:178} INFO - Processing /home/airflow/.local/lib/python3.7/site-packages/airflow/example_dags/example_dag_decorator.py took 0.118 seconds
[2023-02-26T09:37:29.089+0000] {processor.py:156} INFO - Started process (PID=254) to work on /home/airflow/.local/lib/python3.7/site-packages/airflow/example_dags/example_dag_decorator.py
[2023-02-26T09:37:29.092+0000] {processor.py:758} INFO - Processing file /home/airflow/.local/lib/python3.7/site-packages/airflow/example_dags/example_dag_decorator.py for tasks to queue
[2023-02-26T09:37:29.093+0000] {logging_mixin.py:117} INFO - [2023-02-26T09:37:29.092+0000] {dagbag.py:525} INFO - Filling up the DagBag from /home/airflow/.local/lib/python3.7/site-packages/airflow/example_dags/example_dag_decorator.py
[2023-02-26T09:37:29.118+0000] {processor.py:768} INFO - DAG(s) dict_keys(['example_dag_decorator']) retrieved from /home/airflow/.local/lib/python3.7/site-packages/airflow/example_dags/example_dag_decorator.py
[2023-02-26T09:37:29.177+0000] {logging_mixin.py:117} INFO - [2023-02-26T09:37:29.177+0000] {dag.py:2573} INFO - Sync 1 DAGs
[2023-02-26T09:37:29.194+0000] {logging_mixin.py:117} INFO - [2023-02-26T09:37:29.194+0000] {dag.py:3328} INFO - Setting next_dagrun for example_dag_decorator to None, run_after=None
[2023-02-26T09:37:29.210+0000] {processor.py:178} INFO - Processing /home/airflow/.local/lib/python3.7/site-packages/airflow/example_dags/example_dag_decorator.py took 0.123 seconds
[2023-02-26T09:37:59.645+0000] {processor.py:156} INFO - Started process (PID=307) to work on /home/airflow/.local/lib/python3.7/site-packages/airflow/example_dags/example_dag_decorator.py
[2023-02-26T09:37:59.646+0000] {processor.py:758} INFO - Processing file /home/airflow/.local/lib/python3.7/site-packages/airflow/example_dags/example_dag_decorator.py for tasks to queue
[2023-02-26T09:37:59.648+0000] {logging_mixin.py:117} INFO - [2023-02-26T09:37:59.648+0000] {dagbag.py:525} INFO - Filling up the DagBag from /home/airflow/.local/lib/python3.7/site-packages/airflow/example_dags/example_dag_decorator.py
[2023-02-26T09:37:59.668+0000] {processor.py:768} INFO - DAG(s) dict_keys(['example_dag_decorator']) retrieved from /home/airflow/.local/lib/python3.7/site-packages/airflow/example_dags/example_dag_decorator.py
[2023-02-26T09:37:59.720+0000] {logging_mixin.py:117} INFO - [2023-02-26T09:37:59.720+0000] {dag.py:2573} INFO - Sync 1 DAGs
[2023-02-26T09:37:59.739+0000] {logging_mixin.py:117} INFO - [2023-02-26T09:37:59.739+0000] {dag.py:3328} INFO - Setting next_dagrun for example_dag_decorator to None, run_after=None
[2023-02-26T09:37:59.756+0000] {processor.py:178} INFO - Processing /home/airflow/.local/lib/python3.7/site-packages/airflow/example_dags/example_dag_decorator.py took 0.114 seconds
[2023-02-26T09:38:30.278+0000] {processor.py:156} INFO - Started process (PID=370) to work on /home/airflow/.local/lib/python3.7/site-packages/airflow/example_dags/example_dag_decorator.py
[2023-02-26T09:38:30.280+0000] {processor.py:758} INFO - Processing file /home/airflow/.local/lib/python3.7/site-packages/airflow/example_dags/example_dag_decorator.py for tasks to queue
[2023-02-26T09:38:30.281+0000] {logging_mixin.py:117} INFO - [2023-02-26T09:38:30.281+0000] {dagbag.py:525} INFO - Filling up the DagBag from /home/airflow/.local/lib/python3.7/site-packages/airflow/example_dags/example_dag_decorator.py
[2023-02-26T09:38:30.300+0000] {processor.py:768} INFO - DAG(s) dict_keys(['example_dag_decorator']) retrieved from /home/airflow/.local/lib/python3.7/site-packages/airflow/example_dags/example_dag_decorator.py
[2023-02-26T09:38:30.351+0000] {logging_mixin.py:117} INFO - [2023-02-26T09:38:30.351+0000] {dag.py:2573} INFO - Sync 1 DAGs
[2023-02-26T09:38:30.368+0000] {logging_mixin.py:117} INFO - [2023-02-26T09:38:30.367+0000] {dag.py:3328} INFO - Setting next_dagrun for example_dag_decorator to None, run_after=None
[2023-02-26T09:38:30.383+0000] {processor.py:178} INFO - Processing /home/airflow/.local/lib/python3.7/site-packages/airflow/example_dags/example_dag_decorator.py took 0.108 seconds
[2023-02-26T09:39:01.385+0000] {processor.py:156} INFO - Started process (PID=433) to work on /home/airflow/.local/lib/python3.7/site-packages/airflow/example_dags/example_dag_decorator.py
[2023-02-26T09:39:01.389+0000] {processor.py:758} INFO - Processing file /home/airflow/.local/lib/python3.7/site-packages/airflow/example_dags/example_dag_decorator.py for tasks to queue
[2023-02-26T09:39:01.403+0000] {logging_mixin.py:117} INFO - [2023-02-26T09:39:01.403+0000] {dagbag.py:525} INFO - Filling up the DagBag from /home/airflow/.local/lib/python3.7/site-packages/airflow/example_dags/example_dag_decorator.py
[2023-02-26T09:39:01.552+0000] {processor.py:768} INFO - DAG(s) dict_keys(['example_dag_decorator']) retrieved from /home/airflow/.local/lib/python3.7/site-packages/airflow/example_dags/example_dag_decorator.py
[2023-02-26T09:39:01.921+0000] {logging_mixin.py:117} INFO - [2023-02-26T09:39:01.920+0000] {dag.py:2573} INFO - Sync 1 DAGs
[2023-02-26T09:39:02.032+0000] {logging_mixin.py:117} INFO - [2023-02-26T09:39:02.032+0000] {dag.py:3328} INFO - Setting next_dagrun for example_dag_decorator to None, run_after=None
[2023-02-26T09:39:02.067+0000] {processor.py:178} INFO - Processing /home/airflow/.local/lib/python3.7/site-packages/airflow/example_dags/example_dag_decorator.py took 0.697 seconds
