[2023-02-26T09:35:53.194+0000] {processor.py:156} INFO - Started process (PID=43) to work on /home/airflow/.local/lib/python3.7/site-packages/airflow/example_dags/example_skip_dag.py
[2023-02-26T09:35:53.195+0000] {processor.py:758} INFO - Processing file /home/airflow/.local/lib/python3.7/site-packages/airflow/example_dags/example_skip_dag.py for tasks to queue
[2023-02-26T09:35:53.197+0000] {logging_mixin.py:117} INFO - [2023-02-26T09:35:53.197+0000] {dagbag.py:525} INFO - Filling up the DagBag from /home/airflow/.local/lib/python3.7/site-packages/airflow/example_dags/example_skip_dag.py
[2023-02-26T09:35:53.210+0000] {processor.py:768} INFO - DAG(s) dict_keys(['example_skip_dag']) retrieved from /home/airflow/.local/lib/python3.7/site-packages/airflow/example_dags/example_skip_dag.py
[2023-02-26T09:35:53.242+0000] {logging_mixin.py:117} INFO - [2023-02-26T09:35:53.242+0000] {dag.py:2573} INFO - Sync 1 DAGs
[2023-02-26T09:35:53.279+0000] {logging_mixin.py:117} INFO - [2023-02-26T09:35:53.279+0000] {dag.py:3328} INFO - Setting next_dagrun for example_skip_dag to 2023-02-25T09:35:53.278900+00:00, run_after=2023-02-26T09:35:53.278900+00:00
[2023-02-26T09:35:53.306+0000] {processor.py:178} INFO - Processing /home/airflow/.local/lib/python3.7/site-packages/airflow/example_dags/example_skip_dag.py took 0.117 seconds
[2023-02-26T09:36:23.999+0000] {processor.py:156} INFO - Started process (PID=104) to work on /home/airflow/.local/lib/python3.7/site-packages/airflow/example_dags/example_skip_dag.py
[2023-02-26T09:36:24.000+0000] {processor.py:758} INFO - Processing file /home/airflow/.local/lib/python3.7/site-packages/airflow/example_dags/example_skip_dag.py for tasks to queue
[2023-02-26T09:36:24.001+0000] {logging_mixin.py:117} INFO - [2023-02-26T09:36:24.001+0000] {dagbag.py:525} INFO - Filling up the DagBag from /home/airflow/.local/lib/python3.7/site-packages/airflow/example_dags/example_skip_dag.py
[2023-02-26T09:36:24.015+0000] {processor.py:768} INFO - DAG(s) dict_keys(['example_skip_dag']) retrieved from /home/airflow/.local/lib/python3.7/site-packages/airflow/example_dags/example_skip_dag.py
[2023-02-26T09:36:24.049+0000] {logging_mixin.py:117} INFO - [2023-02-26T09:36:24.049+0000] {dag.py:2573} INFO - Sync 1 DAGs
[2023-02-26T09:36:24.073+0000] {logging_mixin.py:117} INFO - [2023-02-26T09:36:24.073+0000] {dag.py:3328} INFO - Setting next_dagrun for example_skip_dag to 2023-02-25T09:36:24.073273+00:00, run_after=2023-02-26T09:36:24.073273+00:00
[2023-02-26T09:36:24.091+0000] {processor.py:178} INFO - Processing /home/airflow/.local/lib/python3.7/site-packages/airflow/example_dags/example_skip_dag.py took 0.094 seconds
[2023-02-26T09:36:54.849+0000] {processor.py:156} INFO - Started process (PID=159) to work on /home/airflow/.local/lib/python3.7/site-packages/airflow/example_dags/example_skip_dag.py
[2023-02-26T09:36:54.851+0000] {processor.py:758} INFO - Processing file /home/airflow/.local/lib/python3.7/site-packages/airflow/example_dags/example_skip_dag.py for tasks to queue
[2023-02-26T09:36:54.852+0000] {logging_mixin.py:117} INFO - [2023-02-26T09:36:54.852+0000] {dagbag.py:525} INFO - Filling up the DagBag from /home/airflow/.local/lib/python3.7/site-packages/airflow/example_dags/example_skip_dag.py
[2023-02-26T09:36:54.863+0000] {processor.py:768} INFO - DAG(s) dict_keys(['example_skip_dag']) retrieved from /home/airflow/.local/lib/python3.7/site-packages/airflow/example_dags/example_skip_dag.py
[2023-02-26T09:36:54.898+0000] {logging_mixin.py:117} INFO - [2023-02-26T09:36:54.897+0000] {dag.py:2573} INFO - Sync 1 DAGs
[2023-02-26T09:36:54.917+0000] {logging_mixin.py:117} INFO - [2023-02-26T09:36:54.917+0000] {dag.py:3328} INFO - Setting next_dagrun for example_skip_dag to 2023-02-25T09:36:54.917474+00:00, run_after=2023-02-26T09:36:54.917474+00:00
[2023-02-26T09:36:54.934+0000] {processor.py:178} INFO - Processing /home/airflow/.local/lib/python3.7/site-packages/airflow/example_dags/example_skip_dag.py took 0.088 seconds
[2023-02-26T09:37:25.711+0000] {processor.py:156} INFO - Started process (PID=222) to work on /home/airflow/.local/lib/python3.7/site-packages/airflow/example_dags/example_skip_dag.py
[2023-02-26T09:37:25.714+0000] {processor.py:758} INFO - Processing file /home/airflow/.local/lib/python3.7/site-packages/airflow/example_dags/example_skip_dag.py for tasks to queue
[2023-02-26T09:37:25.715+0000] {logging_mixin.py:117} INFO - [2023-02-26T09:37:25.714+0000] {dagbag.py:525} INFO - Filling up the DagBag from /home/airflow/.local/lib/python3.7/site-packages/airflow/example_dags/example_skip_dag.py
[2023-02-26T09:37:25.724+0000] {processor.py:768} INFO - DAG(s) dict_keys(['example_skip_dag']) retrieved from /home/airflow/.local/lib/python3.7/site-packages/airflow/example_dags/example_skip_dag.py
[2023-02-26T09:37:25.748+0000] {logging_mixin.py:117} INFO - [2023-02-26T09:37:25.748+0000] {dag.py:2573} INFO - Sync 1 DAGs
[2023-02-26T09:37:25.763+0000] {logging_mixin.py:117} INFO - [2023-02-26T09:37:25.763+0000] {dag.py:3328} INFO - Setting next_dagrun for example_skip_dag to 2023-02-25T09:37:25.763209+00:00, run_after=2023-02-26T09:37:25.763209+00:00
[2023-02-26T09:37:25.773+0000] {processor.py:178} INFO - Processing /home/airflow/.local/lib/python3.7/site-packages/airflow/example_dags/example_skip_dag.py took 0.065 seconds
[2023-02-26T09:37:56.167+0000] {processor.py:156} INFO - Started process (PID=284) to work on /home/airflow/.local/lib/python3.7/site-packages/airflow/example_dags/example_skip_dag.py
[2023-02-26T09:37:56.168+0000] {processor.py:758} INFO - Processing file /home/airflow/.local/lib/python3.7/site-packages/airflow/example_dags/example_skip_dag.py for tasks to queue
[2023-02-26T09:37:56.169+0000] {logging_mixin.py:117} INFO - [2023-02-26T09:37:56.169+0000] {dagbag.py:525} INFO - Filling up the DagBag from /home/airflow/.local/lib/python3.7/site-packages/airflow/example_dags/example_skip_dag.py
[2023-02-26T09:37:56.181+0000] {processor.py:768} INFO - DAG(s) dict_keys(['example_skip_dag']) retrieved from /home/airflow/.local/lib/python3.7/site-packages/airflow/example_dags/example_skip_dag.py
[2023-02-26T09:37:56.214+0000] {logging_mixin.py:117} INFO - [2023-02-26T09:37:56.214+0000] {dag.py:2573} INFO - Sync 1 DAGs
[2023-02-26T09:37:56.240+0000] {logging_mixin.py:117} INFO - [2023-02-26T09:37:56.240+0000] {dag.py:3328} INFO - Setting next_dagrun for example_skip_dag to 2023-02-25T09:37:56.240153+00:00, run_after=2023-02-26T09:37:56.240153+00:00
[2023-02-26T09:37:56.275+0000] {processor.py:178} INFO - Processing /home/airflow/.local/lib/python3.7/site-packages/airflow/example_dags/example_skip_dag.py took 0.111 seconds
[2023-02-26T09:38:26.516+0000] {processor.py:156} INFO - Started process (PID=347) to work on /home/airflow/.local/lib/python3.7/site-packages/airflow/example_dags/example_skip_dag.py
[2023-02-26T09:38:26.517+0000] {processor.py:758} INFO - Processing file /home/airflow/.local/lib/python3.7/site-packages/airflow/example_dags/example_skip_dag.py for tasks to queue
[2023-02-26T09:38:26.518+0000] {logging_mixin.py:117} INFO - [2023-02-26T09:38:26.518+0000] {dagbag.py:525} INFO - Filling up the DagBag from /home/airflow/.local/lib/python3.7/site-packages/airflow/example_dags/example_skip_dag.py
[2023-02-26T09:38:26.528+0000] {processor.py:768} INFO - DAG(s) dict_keys(['example_skip_dag']) retrieved from /home/airflow/.local/lib/python3.7/site-packages/airflow/example_dags/example_skip_dag.py
[2023-02-26T09:38:26.557+0000] {logging_mixin.py:117} INFO - [2023-02-26T09:38:26.557+0000] {dag.py:2573} INFO - Sync 1 DAGs
[2023-02-26T09:38:26.575+0000] {logging_mixin.py:117} INFO - [2023-02-26T09:38:26.574+0000] {dag.py:3328} INFO - Setting next_dagrun for example_skip_dag to 2023-02-25T09:38:26.574734+00:00, run_after=2023-02-26T09:38:26.574734+00:00
[2023-02-26T09:38:26.591+0000] {processor.py:178} INFO - Processing /home/airflow/.local/lib/python3.7/site-packages/airflow/example_dags/example_skip_dag.py took 0.077 seconds
[2023-02-26T09:38:57.464+0000] {processor.py:156} INFO - Started process (PID=410) to work on /home/airflow/.local/lib/python3.7/site-packages/airflow/example_dags/example_skip_dag.py
[2023-02-26T09:38:57.470+0000] {processor.py:758} INFO - Processing file /home/airflow/.local/lib/python3.7/site-packages/airflow/example_dags/example_skip_dag.py for tasks to queue
[2023-02-26T09:38:57.473+0000] {logging_mixin.py:117} INFO - [2023-02-26T09:38:57.472+0000] {dagbag.py:525} INFO - Filling up the DagBag from /home/airflow/.local/lib/python3.7/site-packages/airflow/example_dags/example_skip_dag.py
[2023-02-26T09:38:57.489+0000] {processor.py:768} INFO - DAG(s) dict_keys(['example_skip_dag']) retrieved from /home/airflow/.local/lib/python3.7/site-packages/airflow/example_dags/example_skip_dag.py
[2023-02-26T09:38:57.536+0000] {logging_mixin.py:117} INFO - [2023-02-26T09:38:57.536+0000] {dag.py:2573} INFO - Sync 1 DAGs
[2023-02-26T09:38:57.570+0000] {logging_mixin.py:117} INFO - [2023-02-26T09:38:57.570+0000] {dag.py:3328} INFO - Setting next_dagrun for example_skip_dag to 2023-02-25T09:38:57.570256+00:00, run_after=2023-02-26T09:38:57.570256+00:00
[2023-02-26T09:38:57.593+0000] {processor.py:178} INFO - Processing /home/airflow/.local/lib/python3.7/site-packages/airflow/example_dags/example_skip_dag.py took 0.132 seconds
