[2023-02-26T09:35:52.232+0000] {processor.py:156} INFO - Started process (PID=34) to work on /home/airflow/.local/lib/python3.7/site-packages/airflow/example_dags/example_branch_datetime_operator.py
[2023-02-26T09:35:52.236+0000] {processor.py:758} INFO - Processing file /home/airflow/.local/lib/python3.7/site-packages/airflow/example_dags/example_branch_datetime_operator.py for tasks to queue
[2023-02-26T09:35:52.238+0000] {logging_mixin.py:117} INFO - [2023-02-26T09:35:52.238+0000] {dagbag.py:525} INFO - Filling up the DagBag from /home/airflow/.local/lib/python3.7/site-packages/airflow/example_dags/example_branch_datetime_operator.py
[2023-02-26T09:35:52.504+0000] {processor.py:768} INFO - DAG(s) dict_keys(['example_branch_datetime_operator_3', 'example_branch_datetime_operator', 'example_branch_datetime_operator_2']) retrieved from /home/airflow/.local/lib/python3.7/site-packages/airflow/example_dags/example_branch_datetime_operator.py
[2023-02-26T09:35:52.540+0000] {logging_mixin.py:117} INFO - [2023-02-26T09:35:52.540+0000] {dag.py:2573} INFO - Sync 3 DAGs
[2023-02-26T09:35:52.576+0000] {logging_mixin.py:117} INFO - [2023-02-26T09:35:52.576+0000] {dag.py:3328} INFO - Setting next_dagrun for example_branch_datetime_operator to 2023-02-25T00:00:00+00:00, run_after=2023-02-26T00:00:00+00:00
[2023-02-26T09:35:52.582+0000] {logging_mixin.py:117} INFO - [2023-02-26T09:35:52.582+0000] {dag.py:3328} INFO - Setting next_dagrun for example_branch_datetime_operator_2 to 2023-02-25T00:00:00+00:00, run_after=2023-02-26T00:00:00+00:00
[2023-02-26T09:35:52.585+0000] {logging_mixin.py:117} INFO - [2023-02-26T09:35:52.585+0000] {dag.py:3328} INFO - Setting next_dagrun for example_branch_datetime_operator_3 to 2023-02-25T00:00:00+00:00, run_after=2023-02-26T00:00:00+00:00
[2023-02-26T09:35:52.607+0000] {processor.py:178} INFO - Processing /home/airflow/.local/lib/python3.7/site-packages/airflow/example_dags/example_branch_datetime_operator.py took 0.382 seconds
[2023-02-26T09:36:23.277+0000] {processor.py:156} INFO - Started process (PID=95) to work on /home/airflow/.local/lib/python3.7/site-packages/airflow/example_dags/example_branch_datetime_operator.py
[2023-02-26T09:36:23.281+0000] {processor.py:758} INFO - Processing file /home/airflow/.local/lib/python3.7/site-packages/airflow/example_dags/example_branch_datetime_operator.py for tasks to queue
[2023-02-26T09:36:23.284+0000] {logging_mixin.py:117} INFO - [2023-02-26T09:36:23.283+0000] {dagbag.py:525} INFO - Filling up the DagBag from /home/airflow/.local/lib/python3.7/site-packages/airflow/example_dags/example_branch_datetime_operator.py
[2023-02-26T09:36:23.319+0000] {processor.py:768} INFO - DAG(s) dict_keys(['example_branch_datetime_operator_3', 'example_branch_datetime_operator', 'example_branch_datetime_operator_2']) retrieved from /home/airflow/.local/lib/python3.7/site-packages/airflow/example_dags/example_branch_datetime_operator.py
[2023-02-26T09:36:23.376+0000] {logging_mixin.py:117} INFO - [2023-02-26T09:36:23.376+0000] {dag.py:2573} INFO - Sync 3 DAGs
[2023-02-26T09:36:23.398+0000] {logging_mixin.py:117} INFO - [2023-02-26T09:36:23.397+0000] {dag.py:3328} INFO - Setting next_dagrun for example_branch_datetime_operator to 2023-02-25T00:00:00+00:00, run_after=2023-02-26T00:00:00+00:00
[2023-02-26T09:36:23.403+0000] {logging_mixin.py:117} INFO - [2023-02-26T09:36:23.402+0000] {dag.py:3328} INFO - Setting next_dagrun for example_branch_datetime_operator_2 to 2023-02-25T00:00:00+00:00, run_after=2023-02-26T00:00:00+00:00
[2023-02-26T09:36:23.407+0000] {logging_mixin.py:117} INFO - [2023-02-26T09:36:23.406+0000] {dag.py:3328} INFO - Setting next_dagrun for example_branch_datetime_operator_3 to 2023-02-25T00:00:00+00:00, run_after=2023-02-26T00:00:00+00:00
[2023-02-26T09:36:23.430+0000] {processor.py:178} INFO - Processing /home/airflow/.local/lib/python3.7/site-packages/airflow/example_dags/example_branch_datetime_operator.py took 0.160 seconds
[2023-02-26T09:36:54.234+0000] {processor.py:156} INFO - Started process (PID=150) to work on /home/airflow/.local/lib/python3.7/site-packages/airflow/example_dags/example_branch_datetime_operator.py
[2023-02-26T09:36:54.240+0000] {processor.py:758} INFO - Processing file /home/airflow/.local/lib/python3.7/site-packages/airflow/example_dags/example_branch_datetime_operator.py for tasks to queue
[2023-02-26T09:36:54.242+0000] {logging_mixin.py:117} INFO - [2023-02-26T09:36:54.242+0000] {dagbag.py:525} INFO - Filling up the DagBag from /home/airflow/.local/lib/python3.7/site-packages/airflow/example_dags/example_branch_datetime_operator.py
[2023-02-26T09:36:54.266+0000] {processor.py:768} INFO - DAG(s) dict_keys(['example_branch_datetime_operator_3', 'example_branch_datetime_operator_2', 'example_branch_datetime_operator']) retrieved from /home/airflow/.local/lib/python3.7/site-packages/airflow/example_dags/example_branch_datetime_operator.py
[2023-02-26T09:36:54.317+0000] {logging_mixin.py:117} INFO - [2023-02-26T09:36:54.317+0000] {dag.py:2573} INFO - Sync 3 DAGs
[2023-02-26T09:36:54.341+0000] {logging_mixin.py:117} INFO - [2023-02-26T09:36:54.341+0000] {dag.py:3328} INFO - Setting next_dagrun for example_branch_datetime_operator to 2023-02-25T00:00:00+00:00, run_after=2023-02-26T00:00:00+00:00
[2023-02-26T09:36:54.345+0000] {logging_mixin.py:117} INFO - [2023-02-26T09:36:54.345+0000] {dag.py:3328} INFO - Setting next_dagrun for example_branch_datetime_operator_2 to 2023-02-25T00:00:00+00:00, run_after=2023-02-26T00:00:00+00:00
[2023-02-26T09:36:54.348+0000] {logging_mixin.py:117} INFO - [2023-02-26T09:36:54.348+0000] {dag.py:3328} INFO - Setting next_dagrun for example_branch_datetime_operator_3 to 2023-02-25T00:00:00+00:00, run_after=2023-02-26T00:00:00+00:00
[2023-02-26T09:36:54.360+0000] {processor.py:178} INFO - Processing /home/airflow/.local/lib/python3.7/site-packages/airflow/example_dags/example_branch_datetime_operator.py took 0.129 seconds
[2023-02-26T09:37:25.029+0000] {processor.py:156} INFO - Started process (PID=213) to work on /home/airflow/.local/lib/python3.7/site-packages/airflow/example_dags/example_branch_datetime_operator.py
[2023-02-26T09:37:25.031+0000] {processor.py:758} INFO - Processing file /home/airflow/.local/lib/python3.7/site-packages/airflow/example_dags/example_branch_datetime_operator.py for tasks to queue
[2023-02-26T09:37:25.032+0000] {logging_mixin.py:117} INFO - [2023-02-26T09:37:25.032+0000] {dagbag.py:525} INFO - Filling up the DagBag from /home/airflow/.local/lib/python3.7/site-packages/airflow/example_dags/example_branch_datetime_operator.py
[2023-02-26T09:37:25.055+0000] {processor.py:768} INFO - DAG(s) dict_keys(['example_branch_datetime_operator_2', 'example_branch_datetime_operator', 'example_branch_datetime_operator_3']) retrieved from /home/airflow/.local/lib/python3.7/site-packages/airflow/example_dags/example_branch_datetime_operator.py
[2023-02-26T09:37:25.099+0000] {logging_mixin.py:117} INFO - [2023-02-26T09:37:25.099+0000] {dag.py:2573} INFO - Sync 3 DAGs
[2023-02-26T09:37:25.128+0000] {logging_mixin.py:117} INFO - [2023-02-26T09:37:25.127+0000] {dag.py:3328} INFO - Setting next_dagrun for example_branch_datetime_operator to 2023-02-25T00:00:00+00:00, run_after=2023-02-26T00:00:00+00:00
[2023-02-26T09:37:25.136+0000] {logging_mixin.py:117} INFO - [2023-02-26T09:37:25.135+0000] {dag.py:3328} INFO - Setting next_dagrun for example_branch_datetime_operator_2 to 2023-02-25T00:00:00+00:00, run_after=2023-02-26T00:00:00+00:00
[2023-02-26T09:37:25.165+0000] {logging_mixin.py:117} INFO - [2023-02-26T09:37:25.165+0000] {dag.py:3328} INFO - Setting next_dagrun for example_branch_datetime_operator_3 to 2023-02-25T00:00:00+00:00, run_after=2023-02-26T00:00:00+00:00
[2023-02-26T09:37:25.177+0000] {processor.py:178} INFO - Processing /home/airflow/.local/lib/python3.7/site-packages/airflow/example_dags/example_branch_datetime_operator.py took 0.152 seconds
[2023-02-26T09:37:55.448+0000] {processor.py:156} INFO - Started process (PID=275) to work on /home/airflow/.local/lib/python3.7/site-packages/airflow/example_dags/example_branch_datetime_operator.py
[2023-02-26T09:37:55.451+0000] {processor.py:758} INFO - Processing file /home/airflow/.local/lib/python3.7/site-packages/airflow/example_dags/example_branch_datetime_operator.py for tasks to queue
[2023-02-26T09:37:55.453+0000] {logging_mixin.py:117} INFO - [2023-02-26T09:37:55.453+0000] {dagbag.py:525} INFO - Filling up the DagBag from /home/airflow/.local/lib/python3.7/site-packages/airflow/example_dags/example_branch_datetime_operator.py
[2023-02-26T09:37:55.478+0000] {processor.py:768} INFO - DAG(s) dict_keys(['example_branch_datetime_operator_3', 'example_branch_datetime_operator', 'example_branch_datetime_operator_2']) retrieved from /home/airflow/.local/lib/python3.7/site-packages/airflow/example_dags/example_branch_datetime_operator.py
[2023-02-26T09:37:55.527+0000] {logging_mixin.py:117} INFO - [2023-02-26T09:37:55.527+0000] {dag.py:2573} INFO - Sync 3 DAGs
[2023-02-26T09:37:55.548+0000] {logging_mixin.py:117} INFO - [2023-02-26T09:37:55.548+0000] {dag.py:3328} INFO - Setting next_dagrun for example_branch_datetime_operator to 2023-02-25T00:00:00+00:00, run_after=2023-02-26T00:00:00+00:00
[2023-02-26T09:37:55.552+0000] {logging_mixin.py:117} INFO - [2023-02-26T09:37:55.552+0000] {dag.py:3328} INFO - Setting next_dagrun for example_branch_datetime_operator_2 to 2023-02-25T00:00:00+00:00, run_after=2023-02-26T00:00:00+00:00
[2023-02-26T09:37:55.556+0000] {logging_mixin.py:117} INFO - [2023-02-26T09:37:55.556+0000] {dag.py:3328} INFO - Setting next_dagrun for example_branch_datetime_operator_3 to 2023-02-25T00:00:00+00:00, run_after=2023-02-26T00:00:00+00:00
[2023-02-26T09:37:55.574+0000] {processor.py:178} INFO - Processing /home/airflow/.local/lib/python3.7/site-packages/airflow/example_dags/example_branch_datetime_operator.py took 0.131 seconds
[2023-02-26T09:38:25.976+0000] {processor.py:156} INFO - Started process (PID=338) to work on /home/airflow/.local/lib/python3.7/site-packages/airflow/example_dags/example_branch_datetime_operator.py
[2023-02-26T09:38:25.978+0000] {processor.py:758} INFO - Processing file /home/airflow/.local/lib/python3.7/site-packages/airflow/example_dags/example_branch_datetime_operator.py for tasks to queue
[2023-02-26T09:38:25.985+0000] {logging_mixin.py:117} INFO - [2023-02-26T09:38:25.985+0000] {dagbag.py:525} INFO - Filling up the DagBag from /home/airflow/.local/lib/python3.7/site-packages/airflow/example_dags/example_branch_datetime_operator.py
[2023-02-26T09:38:26.007+0000] {processor.py:768} INFO - DAG(s) dict_keys(['example_branch_datetime_operator', 'example_branch_datetime_operator_2', 'example_branch_datetime_operator_3']) retrieved from /home/airflow/.local/lib/python3.7/site-packages/airflow/example_dags/example_branch_datetime_operator.py
[2023-02-26T09:38:26.051+0000] {logging_mixin.py:117} INFO - [2023-02-26T09:38:26.051+0000] {dag.py:2573} INFO - Sync 3 DAGs
[2023-02-26T09:38:26.071+0000] {logging_mixin.py:117} INFO - [2023-02-26T09:38:26.070+0000] {dag.py:3328} INFO - Setting next_dagrun for example_branch_datetime_operator to 2023-02-25T00:00:00+00:00, run_after=2023-02-26T00:00:00+00:00
[2023-02-26T09:38:26.076+0000] {logging_mixin.py:117} INFO - [2023-02-26T09:38:26.076+0000] {dag.py:3328} INFO - Setting next_dagrun for example_branch_datetime_operator_2 to 2023-02-25T00:00:00+00:00, run_after=2023-02-26T00:00:00+00:00
[2023-02-26T09:38:26.079+0000] {logging_mixin.py:117} INFO - [2023-02-26T09:38:26.079+0000] {dag.py:3328} INFO - Setting next_dagrun for example_branch_datetime_operator_3 to 2023-02-25T00:00:00+00:00, run_after=2023-02-26T00:00:00+00:00
[2023-02-26T09:38:26.094+0000] {processor.py:178} INFO - Processing /home/airflow/.local/lib/python3.7/site-packages/airflow/example_dags/example_branch_datetime_operator.py took 0.122 seconds
[2023-02-26T09:38:56.672+0000] {processor.py:156} INFO - Started process (PID=401) to work on /home/airflow/.local/lib/python3.7/site-packages/airflow/example_dags/example_branch_datetime_operator.py
[2023-02-26T09:38:56.675+0000] {processor.py:758} INFO - Processing file /home/airflow/.local/lib/python3.7/site-packages/airflow/example_dags/example_branch_datetime_operator.py for tasks to queue
[2023-02-26T09:38:56.677+0000] {logging_mixin.py:117} INFO - [2023-02-26T09:38:56.677+0000] {dagbag.py:525} INFO - Filling up the DagBag from /home/airflow/.local/lib/python3.7/site-packages/airflow/example_dags/example_branch_datetime_operator.py
[2023-02-26T09:38:56.718+0000] {processor.py:768} INFO - DAG(s) dict_keys(['example_branch_datetime_operator_2', 'example_branch_datetime_operator_3', 'example_branch_datetime_operator']) retrieved from /home/airflow/.local/lib/python3.7/site-packages/airflow/example_dags/example_branch_datetime_operator.py
[2023-02-26T09:38:56.793+0000] {logging_mixin.py:117} INFO - [2023-02-26T09:38:56.793+0000] {dag.py:2573} INFO - Sync 3 DAGs
[2023-02-26T09:38:56.825+0000] {logging_mixin.py:117} INFO - [2023-02-26T09:38:56.824+0000] {dag.py:3328} INFO - Setting next_dagrun for example_branch_datetime_operator to 2023-02-25T00:00:00+00:00, run_after=2023-02-26T00:00:00+00:00
[2023-02-26T09:38:56.829+0000] {logging_mixin.py:117} INFO - [2023-02-26T09:38:56.829+0000] {dag.py:3328} INFO - Setting next_dagrun for example_branch_datetime_operator_2 to 2023-02-25T00:00:00+00:00, run_after=2023-02-26T00:00:00+00:00
[2023-02-26T09:38:56.833+0000] {logging_mixin.py:117} INFO - [2023-02-26T09:38:56.832+0000] {dag.py:3328} INFO - Setting next_dagrun for example_branch_datetime_operator_3 to 2023-02-25T00:00:00+00:00, run_after=2023-02-26T00:00:00+00:00
[2023-02-26T09:38:56.852+0000] {processor.py:178} INFO - Processing /home/airflow/.local/lib/python3.7/site-packages/airflow/example_dags/example_branch_datetime_operator.py took 0.184 seconds
