[2023-02-26T09:35:53.193+0000] {processor.py:156} INFO - Started process (PID=42) to work on /home/airflow/.local/lib/python3.7/site-packages/airflow/example_dags/example_complex.py
[2023-02-26T09:35:53.195+0000] {processor.py:758} INFO - Processing file /home/airflow/.local/lib/python3.7/site-packages/airflow/example_dags/example_complex.py for tasks to queue
[2023-02-26T09:35:53.197+0000] {logging_mixin.py:117} INFO - [2023-02-26T09:35:53.197+0000] {dagbag.py:525} INFO - Filling up the DagBag from /home/airflow/.local/lib/python3.7/site-packages/airflow/example_dags/example_complex.py
[2023-02-26T09:35:53.217+0000] {processor.py:768} INFO - DAG(s) dict_keys(['example_complex']) retrieved from /home/airflow/.local/lib/python3.7/site-packages/airflow/example_dags/example_complex.py
[2023-02-26T09:35:53.245+0000] {logging_mixin.py:117} INFO - [2023-02-26T09:35:53.245+0000] {dag.py:2573} INFO - Sync 1 DAGs
[2023-02-26T09:35:53.279+0000] {logging_mixin.py:117} INFO - [2023-02-26T09:35:53.278+0000] {dag.py:3328} INFO - Setting next_dagrun for example_complex to None, run_after=None
[2023-02-26T09:35:53.302+0000] {processor.py:178} INFO - Processing /home/airflow/.local/lib/python3.7/site-packages/airflow/example_dags/example_complex.py took 0.114 seconds
[2023-02-26T09:36:23.973+0000] {processor.py:156} INFO - Started process (PID=103) to work on /home/airflow/.local/lib/python3.7/site-packages/airflow/example_dags/example_complex.py
[2023-02-26T09:36:23.974+0000] {processor.py:758} INFO - Processing file /home/airflow/.local/lib/python3.7/site-packages/airflow/example_dags/example_complex.py for tasks to queue
[2023-02-26T09:36:23.975+0000] {logging_mixin.py:117} INFO - [2023-02-26T09:36:23.975+0000] {dagbag.py:525} INFO - Filling up the DagBag from /home/airflow/.local/lib/python3.7/site-packages/airflow/example_dags/example_complex.py
[2023-02-26T09:36:23.991+0000] {processor.py:768} INFO - DAG(s) dict_keys(['example_complex']) retrieved from /home/airflow/.local/lib/python3.7/site-packages/airflow/example_dags/example_complex.py
[2023-02-26T09:36:24.033+0000] {logging_mixin.py:117} INFO - [2023-02-26T09:36:24.033+0000] {dag.py:2573} INFO - Sync 1 DAGs
[2023-02-26T09:36:24.052+0000] {logging_mixin.py:117} INFO - [2023-02-26T09:36:24.052+0000] {dag.py:3328} INFO - Setting next_dagrun for example_complex to None, run_after=None
[2023-02-26T09:36:24.066+0000] {processor.py:178} INFO - Processing /home/airflow/.local/lib/python3.7/site-packages/airflow/example_dags/example_complex.py took 0.096 seconds
[2023-02-26T09:36:54.816+0000] {processor.py:156} INFO - Started process (PID=158) to work on /home/airflow/.local/lib/python3.7/site-packages/airflow/example_dags/example_complex.py
[2023-02-26T09:36:54.818+0000] {processor.py:758} INFO - Processing file /home/airflow/.local/lib/python3.7/site-packages/airflow/example_dags/example_complex.py for tasks to queue
[2023-02-26T09:36:54.820+0000] {logging_mixin.py:117} INFO - [2023-02-26T09:36:54.820+0000] {dagbag.py:525} INFO - Filling up the DagBag from /home/airflow/.local/lib/python3.7/site-packages/airflow/example_dags/example_complex.py
[2023-02-26T09:36:54.838+0000] {processor.py:768} INFO - DAG(s) dict_keys(['example_complex']) retrieved from /home/airflow/.local/lib/python3.7/site-packages/airflow/example_dags/example_complex.py
[2023-02-26T09:36:54.877+0000] {logging_mixin.py:117} INFO - [2023-02-26T09:36:54.877+0000] {dag.py:2573} INFO - Sync 1 DAGs
[2023-02-26T09:36:54.895+0000] {logging_mixin.py:117} INFO - [2023-02-26T09:36:54.894+0000] {dag.py:3328} INFO - Setting next_dagrun for example_complex to None, run_after=None
[2023-02-26T09:36:54.916+0000] {processor.py:178} INFO - Processing /home/airflow/.local/lib/python3.7/site-packages/airflow/example_dags/example_complex.py took 0.103 seconds
[2023-02-26T09:37:25.602+0000] {processor.py:156} INFO - Started process (PID=221) to work on /home/airflow/.local/lib/python3.7/site-packages/airflow/example_dags/example_complex.py
[2023-02-26T09:37:25.603+0000] {processor.py:758} INFO - Processing file /home/airflow/.local/lib/python3.7/site-packages/airflow/example_dags/example_complex.py for tasks to queue
[2023-02-26T09:37:25.606+0000] {logging_mixin.py:117} INFO - [2023-02-26T09:37:25.605+0000] {dagbag.py:525} INFO - Filling up the DagBag from /home/airflow/.local/lib/python3.7/site-packages/airflow/example_dags/example_complex.py
[2023-02-26T09:37:25.623+0000] {processor.py:768} INFO - DAG(s) dict_keys(['example_complex']) retrieved from /home/airflow/.local/lib/python3.7/site-packages/airflow/example_dags/example_complex.py
[2023-02-26T09:37:25.659+0000] {logging_mixin.py:117} INFO - [2023-02-26T09:37:25.658+0000] {dag.py:2573} INFO - Sync 1 DAGs
[2023-02-26T09:37:25.675+0000] {logging_mixin.py:117} INFO - [2023-02-26T09:37:25.675+0000] {dag.py:3328} INFO - Setting next_dagrun for example_complex to None, run_after=None
[2023-02-26T09:37:25.688+0000] {processor.py:178} INFO - Processing /home/airflow/.local/lib/python3.7/site-packages/airflow/example_dags/example_complex.py took 0.089 seconds
[2023-02-26T09:37:56.135+0000] {processor.py:156} INFO - Started process (PID=283) to work on /home/airflow/.local/lib/python3.7/site-packages/airflow/example_dags/example_complex.py
[2023-02-26T09:37:56.137+0000] {processor.py:758} INFO - Processing file /home/airflow/.local/lib/python3.7/site-packages/airflow/example_dags/example_complex.py for tasks to queue
[2023-02-26T09:37:56.138+0000] {logging_mixin.py:117} INFO - [2023-02-26T09:37:56.138+0000] {dagbag.py:525} INFO - Filling up the DagBag from /home/airflow/.local/lib/python3.7/site-packages/airflow/example_dags/example_complex.py
[2023-02-26T09:37:56.158+0000] {processor.py:768} INFO - DAG(s) dict_keys(['example_complex']) retrieved from /home/airflow/.local/lib/python3.7/site-packages/airflow/example_dags/example_complex.py
[2023-02-26T09:37:56.198+0000] {logging_mixin.py:117} INFO - [2023-02-26T09:37:56.198+0000] {dag.py:2573} INFO - Sync 1 DAGs
[2023-02-26T09:37:56.219+0000] {logging_mixin.py:117} INFO - [2023-02-26T09:37:56.219+0000] {dag.py:3328} INFO - Setting next_dagrun for example_complex to None, run_after=None
[2023-02-26T09:37:56.239+0000] {processor.py:178} INFO - Processing /home/airflow/.local/lib/python3.7/site-packages/airflow/example_dags/example_complex.py took 0.106 seconds
[2023-02-26T09:38:26.494+0000] {processor.py:156} INFO - Started process (PID=346) to work on /home/airflow/.local/lib/python3.7/site-packages/airflow/example_dags/example_complex.py
[2023-02-26T09:38:26.496+0000] {processor.py:758} INFO - Processing file /home/airflow/.local/lib/python3.7/site-packages/airflow/example_dags/example_complex.py for tasks to queue
[2023-02-26T09:38:26.497+0000] {logging_mixin.py:117} INFO - [2023-02-26T09:38:26.497+0000] {dagbag.py:525} INFO - Filling up the DagBag from /home/airflow/.local/lib/python3.7/site-packages/airflow/example_dags/example_complex.py
[2023-02-26T09:38:26.511+0000] {processor.py:768} INFO - DAG(s) dict_keys(['example_complex']) retrieved from /home/airflow/.local/lib/python3.7/site-packages/airflow/example_dags/example_complex.py
[2023-02-26T09:38:26.543+0000] {logging_mixin.py:117} INFO - [2023-02-26T09:38:26.543+0000] {dag.py:2573} INFO - Sync 1 DAGs
[2023-02-26T09:38:26.561+0000] {logging_mixin.py:117} INFO - [2023-02-26T09:38:26.561+0000] {dag.py:3328} INFO - Setting next_dagrun for example_complex to None, run_after=None
[2023-02-26T09:38:26.575+0000] {processor.py:178} INFO - Processing /home/airflow/.local/lib/python3.7/site-packages/airflow/example_dags/example_complex.py took 0.083 seconds
[2023-02-26T09:38:57.412+0000] {processor.py:156} INFO - Started process (PID=409) to work on /home/airflow/.local/lib/python3.7/site-packages/airflow/example_dags/example_complex.py
[2023-02-26T09:38:57.414+0000] {processor.py:758} INFO - Processing file /home/airflow/.local/lib/python3.7/site-packages/airflow/example_dags/example_complex.py for tasks to queue
[2023-02-26T09:38:57.415+0000] {logging_mixin.py:117} INFO - [2023-02-26T09:38:57.415+0000] {dagbag.py:525} INFO - Filling up the DagBag from /home/airflow/.local/lib/python3.7/site-packages/airflow/example_dags/example_complex.py
[2023-02-26T09:38:57.435+0000] {processor.py:768} INFO - DAG(s) dict_keys(['example_complex']) retrieved from /home/airflow/.local/lib/python3.7/site-packages/airflow/example_dags/example_complex.py
[2023-02-26T09:38:57.481+0000] {logging_mixin.py:117} INFO - [2023-02-26T09:38:57.481+0000] {dag.py:2573} INFO - Sync 1 DAGs
[2023-02-26T09:38:57.506+0000] {logging_mixin.py:117} INFO - [2023-02-26T09:38:57.506+0000] {dag.py:3328} INFO - Setting next_dagrun for example_complex to None, run_after=None
[2023-02-26T09:38:57.528+0000] {processor.py:178} INFO - Processing /home/airflow/.local/lib/python3.7/site-packages/airflow/example_dags/example_complex.py took 0.120 seconds
