[2023-02-26T09:35:54.701+0000] {processor.py:156} INFO - Started process (PID=56) to work on /home/airflow/.local/lib/python3.7/site-packages/airflow/example_dags/example_branch_operator_decorator.py
[2023-02-26T09:35:54.703+0000] {processor.py:758} INFO - Processing file /home/airflow/.local/lib/python3.7/site-packages/airflow/example_dags/example_branch_operator_decorator.py for tasks to queue
[2023-02-26T09:35:54.705+0000] {logging_mixin.py:117} INFO - [2023-02-26T09:35:54.705+0000] {dagbag.py:525} INFO - Filling up the DagBag from /home/airflow/.local/lib/python3.7/site-packages/airflow/example_dags/example_branch_operator_decorator.py
[2023-02-26T09:35:54.739+0000] {processor.py:768} INFO - DAG(s) dict_keys(['example_branch_python_operator_decorator']) retrieved from /home/airflow/.local/lib/python3.7/site-packages/airflow/example_dags/example_branch_operator_decorator.py
[2023-02-26T09:35:54.770+0000] {logging_mixin.py:117} INFO - [2023-02-26T09:35:54.770+0000] {dag.py:2573} INFO - Sync 1 DAGs
[2023-02-26T09:35:54.827+0000] {logging_mixin.py:117} INFO - [2023-02-26T09:35:54.827+0000] {dag.py:3328} INFO - Setting next_dagrun for example_branch_python_operator_decorator to 2023-02-25T00:00:00+00:00, run_after=2023-02-26T00:00:00+00:00
[2023-02-26T09:35:54.906+0000] {processor.py:178} INFO - Processing /home/airflow/.local/lib/python3.7/site-packages/airflow/example_dags/example_branch_operator_decorator.py took 0.208 seconds
[2023-02-26T09:36:25.074+0000] {processor.py:156} INFO - Started process (PID=117) to work on /home/airflow/.local/lib/python3.7/site-packages/airflow/example_dags/example_branch_operator_decorator.py
[2023-02-26T09:36:25.076+0000] {processor.py:758} INFO - Processing file /home/airflow/.local/lib/python3.7/site-packages/airflow/example_dags/example_branch_operator_decorator.py for tasks to queue
[2023-02-26T09:36:25.078+0000] {logging_mixin.py:117} INFO - [2023-02-26T09:36:25.078+0000] {dagbag.py:525} INFO - Filling up the DagBag from /home/airflow/.local/lib/python3.7/site-packages/airflow/example_dags/example_branch_operator_decorator.py
[2023-02-26T09:36:25.101+0000] {processor.py:768} INFO - DAG(s) dict_keys(['example_branch_python_operator_decorator']) retrieved from /home/airflow/.local/lib/python3.7/site-packages/airflow/example_dags/example_branch_operator_decorator.py
[2023-02-26T09:36:25.161+0000] {logging_mixin.py:117} INFO - [2023-02-26T09:36:25.161+0000] {dag.py:2573} INFO - Sync 1 DAGs
[2023-02-26T09:36:25.193+0000] {logging_mixin.py:117} INFO - [2023-02-26T09:36:25.193+0000] {dag.py:3328} INFO - Setting next_dagrun for example_branch_python_operator_decorator to 2023-02-25T00:00:00+00:00, run_after=2023-02-26T00:00:00+00:00
[2023-02-26T09:36:25.218+0000] {processor.py:178} INFO - Processing /home/airflow/.local/lib/python3.7/site-packages/airflow/example_dags/example_branch_operator_decorator.py took 0.147 seconds
[2023-02-26T09:36:55.905+0000] {processor.py:156} INFO - Started process (PID=181) to work on /home/airflow/.local/lib/python3.7/site-packages/airflow/example_dags/example_branch_operator_decorator.py
[2023-02-26T09:36:55.907+0000] {processor.py:758} INFO - Processing file /home/airflow/.local/lib/python3.7/site-packages/airflow/example_dags/example_branch_operator_decorator.py for tasks to queue
[2023-02-26T09:36:55.908+0000] {logging_mixin.py:117} INFO - [2023-02-26T09:36:55.908+0000] {dagbag.py:525} INFO - Filling up the DagBag from /home/airflow/.local/lib/python3.7/site-packages/airflow/example_dags/example_branch_operator_decorator.py
[2023-02-26T09:36:55.932+0000] {processor.py:768} INFO - DAG(s) dict_keys(['example_branch_python_operator_decorator']) retrieved from /home/airflow/.local/lib/python3.7/site-packages/airflow/example_dags/example_branch_operator_decorator.py
[2023-02-26T09:36:55.966+0000] {logging_mixin.py:117} INFO - [2023-02-26T09:36:55.966+0000] {dag.py:2573} INFO - Sync 1 DAGs
[2023-02-26T09:36:55.989+0000] {logging_mixin.py:117} INFO - [2023-02-26T09:36:55.988+0000] {dag.py:3328} INFO - Setting next_dagrun for example_branch_python_operator_decorator to 2023-02-25T00:00:00+00:00, run_after=2023-02-26T00:00:00+00:00
[2023-02-26T09:36:56.011+0000] {processor.py:178} INFO - Processing /home/airflow/.local/lib/python3.7/site-packages/airflow/example_dags/example_branch_operator_decorator.py took 0.110 seconds
[2023-02-26T09:37:26.450+0000] {processor.py:156} INFO - Started process (PID=235) to work on /home/airflow/.local/lib/python3.7/site-packages/airflow/example_dags/example_branch_operator_decorator.py
[2023-02-26T09:37:26.451+0000] {processor.py:758} INFO - Processing file /home/airflow/.local/lib/python3.7/site-packages/airflow/example_dags/example_branch_operator_decorator.py for tasks to queue
[2023-02-26T09:37:26.452+0000] {logging_mixin.py:117} INFO - [2023-02-26T09:37:26.452+0000] {dagbag.py:525} INFO - Filling up the DagBag from /home/airflow/.local/lib/python3.7/site-packages/airflow/example_dags/example_branch_operator_decorator.py
[2023-02-26T09:37:26.469+0000] {processor.py:768} INFO - DAG(s) dict_keys(['example_branch_python_operator_decorator']) retrieved from /home/airflow/.local/lib/python3.7/site-packages/airflow/example_dags/example_branch_operator_decorator.py
[2023-02-26T09:37:26.497+0000] {logging_mixin.py:117} INFO - [2023-02-26T09:37:26.497+0000] {dag.py:2573} INFO - Sync 1 DAGs
[2023-02-26T09:37:26.514+0000] {logging_mixin.py:117} INFO - [2023-02-26T09:37:26.514+0000] {dag.py:3328} INFO - Setting next_dagrun for example_branch_python_operator_decorator to 2023-02-25T00:00:00+00:00, run_after=2023-02-26T00:00:00+00:00
[2023-02-26T09:37:26.528+0000] {processor.py:178} INFO - Processing /home/airflow/.local/lib/python3.7/site-packages/airflow/example_dags/example_branch_operator_decorator.py took 0.080 seconds
[2023-02-26T09:37:57.111+0000] {processor.py:156} INFO - Started process (PID=297) to work on /home/airflow/.local/lib/python3.7/site-packages/airflow/example_dags/example_branch_operator_decorator.py
[2023-02-26T09:37:57.112+0000] {processor.py:758} INFO - Processing file /home/airflow/.local/lib/python3.7/site-packages/airflow/example_dags/example_branch_operator_decorator.py for tasks to queue
[2023-02-26T09:37:57.114+0000] {logging_mixin.py:117} INFO - [2023-02-26T09:37:57.113+0000] {dagbag.py:525} INFO - Filling up the DagBag from /home/airflow/.local/lib/python3.7/site-packages/airflow/example_dags/example_branch_operator_decorator.py
[2023-02-26T09:37:57.131+0000] {processor.py:768} INFO - DAG(s) dict_keys(['example_branch_python_operator_decorator']) retrieved from /home/airflow/.local/lib/python3.7/site-packages/airflow/example_dags/example_branch_operator_decorator.py
[2023-02-26T09:37:57.159+0000] {logging_mixin.py:117} INFO - [2023-02-26T09:37:57.159+0000] {dag.py:2573} INFO - Sync 1 DAGs
[2023-02-26T09:37:57.178+0000] {logging_mixin.py:117} INFO - [2023-02-26T09:37:57.177+0000] {dag.py:3328} INFO - Setting next_dagrun for example_branch_python_operator_decorator to 2023-02-25T00:00:00+00:00, run_after=2023-02-26T00:00:00+00:00
[2023-02-26T09:37:57.190+0000] {processor.py:178} INFO - Processing /home/airflow/.local/lib/python3.7/site-packages/airflow/example_dags/example_branch_operator_decorator.py took 0.082 seconds
[2023-02-26T09:38:27.665+0000] {processor.py:156} INFO - Started process (PID=360) to work on /home/airflow/.local/lib/python3.7/site-packages/airflow/example_dags/example_branch_operator_decorator.py
[2023-02-26T09:38:27.668+0000] {processor.py:758} INFO - Processing file /home/airflow/.local/lib/python3.7/site-packages/airflow/example_dags/example_branch_operator_decorator.py for tasks to queue
[2023-02-26T09:38:27.672+0000] {logging_mixin.py:117} INFO - [2023-02-26T09:38:27.672+0000] {dagbag.py:525} INFO - Filling up the DagBag from /home/airflow/.local/lib/python3.7/site-packages/airflow/example_dags/example_branch_operator_decorator.py
[2023-02-26T09:38:27.715+0000] {processor.py:768} INFO - DAG(s) dict_keys(['example_branch_python_operator_decorator']) retrieved from /home/airflow/.local/lib/python3.7/site-packages/airflow/example_dags/example_branch_operator_decorator.py
[2023-02-26T09:38:27.769+0000] {logging_mixin.py:117} INFO - [2023-02-26T09:38:27.769+0000] {dag.py:2573} INFO - Sync 1 DAGs
[2023-02-26T09:38:27.802+0000] {logging_mixin.py:117} INFO - [2023-02-26T09:38:27.802+0000] {dag.py:3328} INFO - Setting next_dagrun for example_branch_python_operator_decorator to 2023-02-25T00:00:00+00:00, run_after=2023-02-26T00:00:00+00:00
[2023-02-26T09:38:27.826+0000] {processor.py:178} INFO - Processing /home/airflow/.local/lib/python3.7/site-packages/airflow/example_dags/example_branch_operator_decorator.py took 0.165 seconds
[2023-02-26T09:38:58.465+0000] {processor.py:156} INFO - Started process (PID=423) to work on /home/airflow/.local/lib/python3.7/site-packages/airflow/example_dags/example_branch_operator_decorator.py
[2023-02-26T09:38:58.467+0000] {processor.py:758} INFO - Processing file /home/airflow/.local/lib/python3.7/site-packages/airflow/example_dags/example_branch_operator_decorator.py for tasks to queue
[2023-02-26T09:38:58.468+0000] {logging_mixin.py:117} INFO - [2023-02-26T09:38:58.468+0000] {dagbag.py:525} INFO - Filling up the DagBag from /home/airflow/.local/lib/python3.7/site-packages/airflow/example_dags/example_branch_operator_decorator.py
[2023-02-26T09:38:58.487+0000] {processor.py:768} INFO - DAG(s) dict_keys(['example_branch_python_operator_decorator']) retrieved from /home/airflow/.local/lib/python3.7/site-packages/airflow/example_dags/example_branch_operator_decorator.py
[2023-02-26T09:38:58.517+0000] {logging_mixin.py:117} INFO - [2023-02-26T09:38:58.517+0000] {dag.py:2573} INFO - Sync 1 DAGs
[2023-02-26T09:38:58.537+0000] {logging_mixin.py:117} INFO - [2023-02-26T09:38:58.537+0000] {dag.py:3328} INFO - Setting next_dagrun for example_branch_python_operator_decorator to 2023-02-25T00:00:00+00:00, run_after=2023-02-26T00:00:00+00:00
[2023-02-26T09:38:58.550+0000] {processor.py:178} INFO - Processing /home/airflow/.local/lib/python3.7/site-packages/airflow/example_dags/example_branch_operator_decorator.py took 0.088 seconds
