[2023-02-26T09:35:53.757+0000] {processor.py:156} INFO - Started process (PID=48) to work on /home/airflow/.local/lib/python3.7/site-packages/airflow/example_dags/example_datasets.py
[2023-02-26T09:35:53.760+0000] {processor.py:758} INFO - Processing file /home/airflow/.local/lib/python3.7/site-packages/airflow/example_dags/example_datasets.py for tasks to queue
[2023-02-26T09:35:53.764+0000] {logging_mixin.py:117} INFO - [2023-02-26T09:35:53.764+0000] {dagbag.py:525} INFO - Filling up the DagBag from /home/airflow/.local/lib/python3.7/site-packages/airflow/example_dags/example_datasets.py
[2023-02-26T09:35:53.788+0000] {processor.py:768} INFO - DAG(s) dict_keys(['dataset_consumes_1_never_scheduled', 'dataset_consumes_1', 'dataset_produces_2', 'dataset_consumes_unknown_never_scheduled', 'dataset_consumes_1_and_2', 'dataset_produces_1']) retrieved from /home/airflow/.local/lib/python3.7/site-packages/airflow/example_dags/example_datasets.py
[2023-02-26T09:35:53.833+0000] {logging_mixin.py:117} INFO - [2023-02-26T09:35:53.833+0000] {dag.py:2573} INFO - Sync 6 DAGs
[2023-02-26T09:35:53.873+0000] {logging_mixin.py:117} INFO - [2023-02-26T09:35:53.873+0000] {dag.py:3328} INFO - Setting next_dagrun for dataset_consumes_1 to None, run_after=None
[2023-02-26T09:35:53.881+0000] {logging_mixin.py:117} INFO - [2023-02-26T09:35:53.881+0000] {dag.py:3328} INFO - Setting next_dagrun for dataset_consumes_1_and_2 to None, run_after=None
[2023-02-26T09:35:53.887+0000] {logging_mixin.py:117} INFO - [2023-02-26T09:35:53.887+0000] {dag.py:3328} INFO - Setting next_dagrun for dataset_consumes_1_never_scheduled to None, run_after=None
[2023-02-26T09:35:53.895+0000] {logging_mixin.py:117} INFO - [2023-02-26T09:35:53.895+0000] {dag.py:3328} INFO - Setting next_dagrun for dataset_consumes_unknown_never_scheduled to None, run_after=None
[2023-02-26T09:35:53.902+0000] {logging_mixin.py:117} INFO - [2023-02-26T09:35:53.901+0000] {dag.py:3328} INFO - Setting next_dagrun for dataset_produces_1 to 2023-02-25T00:00:00+00:00, run_after=2023-02-26T00:00:00+00:00
[2023-02-26T09:35:53.907+0000] {logging_mixin.py:117} INFO - [2023-02-26T09:35:53.907+0000] {dag.py:3328} INFO - Setting next_dagrun for dataset_produces_2 to None, run_after=None
[2023-02-26T09:35:53.956+0000] {processor.py:178} INFO - Processing /home/airflow/.local/lib/python3.7/site-packages/airflow/example_dags/example_datasets.py took 0.204 seconds
[2023-02-26T09:36:24.361+0000] {processor.py:156} INFO - Started process (PID=109) to work on /home/airflow/.local/lib/python3.7/site-packages/airflow/example_dags/example_datasets.py
[2023-02-26T09:36:24.363+0000] {processor.py:758} INFO - Processing file /home/airflow/.local/lib/python3.7/site-packages/airflow/example_dags/example_datasets.py for tasks to queue
[2023-02-26T09:36:24.365+0000] {logging_mixin.py:117} INFO - [2023-02-26T09:36:24.365+0000] {dagbag.py:525} INFO - Filling up the DagBag from /home/airflow/.local/lib/python3.7/site-packages/airflow/example_dags/example_datasets.py
[2023-02-26T09:36:24.384+0000] {processor.py:768} INFO - DAG(s) dict_keys(['dataset_consumes_1_and_2', 'dataset_consumes_1', 'dataset_consumes_1_never_scheduled', 'dataset_produces_2', 'dataset_produces_1', 'dataset_consumes_unknown_never_scheduled']) retrieved from /home/airflow/.local/lib/python3.7/site-packages/airflow/example_dags/example_datasets.py
[2023-02-26T09:36:24.473+0000] {logging_mixin.py:117} INFO - [2023-02-26T09:36:24.473+0000] {dag.py:2573} INFO - Sync 6 DAGs
[2023-02-26T09:36:24.497+0000] {logging_mixin.py:117} INFO - [2023-02-26T09:36:24.497+0000] {dag.py:3328} INFO - Setting next_dagrun for dataset_consumes_1 to None, run_after=None
[2023-02-26T09:36:24.502+0000] {logging_mixin.py:117} INFO - [2023-02-26T09:36:24.501+0000] {dag.py:3328} INFO - Setting next_dagrun for dataset_consumes_1_and_2 to None, run_after=None
[2023-02-26T09:36:24.505+0000] {logging_mixin.py:117} INFO - [2023-02-26T09:36:24.505+0000] {dag.py:3328} INFO - Setting next_dagrun for dataset_consumes_1_never_scheduled to None, run_after=None
[2023-02-26T09:36:24.509+0000] {logging_mixin.py:117} INFO - [2023-02-26T09:36:24.509+0000] {dag.py:3328} INFO - Setting next_dagrun for dataset_consumes_unknown_never_scheduled to None, run_after=None
[2023-02-26T09:36:24.515+0000] {logging_mixin.py:117} INFO - [2023-02-26T09:36:24.515+0000] {dag.py:3328} INFO - Setting next_dagrun for dataset_produces_1 to 2023-02-25T00:00:00+00:00, run_after=2023-02-26T00:00:00+00:00
[2023-02-26T09:36:24.518+0000] {logging_mixin.py:117} INFO - [2023-02-26T09:36:24.518+0000] {dag.py:3328} INFO - Setting next_dagrun for dataset_produces_2 to None, run_after=None
[2023-02-26T09:36:24.555+0000] {processor.py:178} INFO - Processing /home/airflow/.local/lib/python3.7/site-packages/airflow/example_dags/example_datasets.py took 0.205 seconds
[2023-02-26T09:36:55.218+0000] {processor.py:156} INFO - Started process (PID=164) to work on /home/airflow/.local/lib/python3.7/site-packages/airflow/example_dags/example_datasets.py
[2023-02-26T09:36:55.220+0000] {processor.py:758} INFO - Processing file /home/airflow/.local/lib/python3.7/site-packages/airflow/example_dags/example_datasets.py for tasks to queue
[2023-02-26T09:36:55.222+0000] {logging_mixin.py:117} INFO - [2023-02-26T09:36:55.222+0000] {dagbag.py:525} INFO - Filling up the DagBag from /home/airflow/.local/lib/python3.7/site-packages/airflow/example_dags/example_datasets.py
[2023-02-26T09:36:55.237+0000] {processor.py:768} INFO - DAG(s) dict_keys(['dataset_consumes_unknown_never_scheduled', 'dataset_consumes_1_never_scheduled', 'dataset_produces_2', 'dataset_consumes_1_and_2', 'dataset_consumes_1', 'dataset_produces_1']) retrieved from /home/airflow/.local/lib/python3.7/site-packages/airflow/example_dags/example_datasets.py
[2023-02-26T09:36:55.273+0000] {logging_mixin.py:117} INFO - [2023-02-26T09:36:55.273+0000] {dag.py:2573} INFO - Sync 6 DAGs
[2023-02-26T09:36:55.291+0000] {logging_mixin.py:117} INFO - [2023-02-26T09:36:55.291+0000] {dag.py:3328} INFO - Setting next_dagrun for dataset_consumes_1 to None, run_after=None
[2023-02-26T09:36:55.296+0000] {logging_mixin.py:117} INFO - [2023-02-26T09:36:55.296+0000] {dag.py:3328} INFO - Setting next_dagrun for dataset_consumes_1_and_2 to None, run_after=None
[2023-02-26T09:36:55.302+0000] {logging_mixin.py:117} INFO - [2023-02-26T09:36:55.302+0000] {dag.py:3328} INFO - Setting next_dagrun for dataset_consumes_1_never_scheduled to None, run_after=None
[2023-02-26T09:36:55.305+0000] {logging_mixin.py:117} INFO - [2023-02-26T09:36:55.305+0000] {dag.py:3328} INFO - Setting next_dagrun for dataset_consumes_unknown_never_scheduled to None, run_after=None
[2023-02-26T09:36:55.308+0000] {logging_mixin.py:117} INFO - [2023-02-26T09:36:55.308+0000] {dag.py:3328} INFO - Setting next_dagrun for dataset_produces_1 to 2023-02-25T00:00:00+00:00, run_after=2023-02-26T00:00:00+00:00
[2023-02-26T09:36:55.311+0000] {logging_mixin.py:117} INFO - [2023-02-26T09:36:55.311+0000] {dag.py:3328} INFO - Setting next_dagrun for dataset_produces_2 to None, run_after=None
[2023-02-26T09:36:55.335+0000] {processor.py:178} INFO - Processing /home/airflow/.local/lib/python3.7/site-packages/airflow/example_dags/example_datasets.py took 0.119 seconds
[2023-02-26T09:37:26.011+0000] {processor.py:156} INFO - Started process (PID=227) to work on /home/airflow/.local/lib/python3.7/site-packages/airflow/example_dags/example_datasets.py
[2023-02-26T09:37:26.012+0000] {processor.py:758} INFO - Processing file /home/airflow/.local/lib/python3.7/site-packages/airflow/example_dags/example_datasets.py for tasks to queue
[2023-02-26T09:37:26.013+0000] {logging_mixin.py:117} INFO - [2023-02-26T09:37:26.013+0000] {dagbag.py:525} INFO - Filling up the DagBag from /home/airflow/.local/lib/python3.7/site-packages/airflow/example_dags/example_datasets.py
[2023-02-26T09:37:26.026+0000] {processor.py:768} INFO - DAG(s) dict_keys(['dataset_produces_2', 'dataset_consumes_unknown_never_scheduled', 'dataset_consumes_1_and_2', 'dataset_consumes_1', 'dataset_consumes_1_never_scheduled', 'dataset_produces_1']) retrieved from /home/airflow/.local/lib/python3.7/site-packages/airflow/example_dags/example_datasets.py
[2023-02-26T09:37:26.063+0000] {logging_mixin.py:117} INFO - [2023-02-26T09:37:26.062+0000] {dag.py:2573} INFO - Sync 6 DAGs
[2023-02-26T09:37:26.080+0000] {logging_mixin.py:117} INFO - [2023-02-26T09:37:26.080+0000] {dag.py:3328} INFO - Setting next_dagrun for dataset_consumes_1 to None, run_after=None
[2023-02-26T09:37:26.085+0000] {logging_mixin.py:117} INFO - [2023-02-26T09:37:26.085+0000] {dag.py:3328} INFO - Setting next_dagrun for dataset_consumes_1_and_2 to None, run_after=None
[2023-02-26T09:37:26.087+0000] {logging_mixin.py:117} INFO - [2023-02-26T09:37:26.087+0000] {dag.py:3328} INFO - Setting next_dagrun for dataset_consumes_1_never_scheduled to None, run_after=None
[2023-02-26T09:37:26.088+0000] {logging_mixin.py:117} INFO - [2023-02-26T09:37:26.088+0000] {dag.py:3328} INFO - Setting next_dagrun for dataset_consumes_unknown_never_scheduled to None, run_after=None
[2023-02-26T09:37:26.090+0000] {logging_mixin.py:117} INFO - [2023-02-26T09:37:26.090+0000] {dag.py:3328} INFO - Setting next_dagrun for dataset_produces_1 to 2023-02-25T00:00:00+00:00, run_after=2023-02-26T00:00:00+00:00
[2023-02-26T09:37:26.092+0000] {logging_mixin.py:117} INFO - [2023-02-26T09:37:26.092+0000] {dag.py:3328} INFO - Setting next_dagrun for dataset_produces_2 to None, run_after=None
[2023-02-26T09:37:26.111+0000] {processor.py:178} INFO - Processing /home/airflow/.local/lib/python3.7/site-packages/airflow/example_dags/example_datasets.py took 0.105 seconds
[2023-02-26T09:37:56.548+0000] {processor.py:156} INFO - Started process (PID=289) to work on /home/airflow/.local/lib/python3.7/site-packages/airflow/example_dags/example_datasets.py
[2023-02-26T09:37:56.549+0000] {processor.py:758} INFO - Processing file /home/airflow/.local/lib/python3.7/site-packages/airflow/example_dags/example_datasets.py for tasks to queue
[2023-02-26T09:37:56.551+0000] {logging_mixin.py:117} INFO - [2023-02-26T09:37:56.550+0000] {dagbag.py:525} INFO - Filling up the DagBag from /home/airflow/.local/lib/python3.7/site-packages/airflow/example_dags/example_datasets.py
[2023-02-26T09:37:56.567+0000] {processor.py:768} INFO - DAG(s) dict_keys(['dataset_consumes_1_never_scheduled', 'dataset_consumes_unknown_never_scheduled', 'dataset_consumes_1', 'dataset_produces_2', 'dataset_consumes_1_and_2', 'dataset_produces_1']) retrieved from /home/airflow/.local/lib/python3.7/site-packages/airflow/example_dags/example_datasets.py
[2023-02-26T09:37:56.610+0000] {logging_mixin.py:117} INFO - [2023-02-26T09:37:56.610+0000] {dag.py:2573} INFO - Sync 6 DAGs
[2023-02-26T09:37:56.629+0000] {logging_mixin.py:117} INFO - [2023-02-26T09:37:56.629+0000] {dag.py:3328} INFO - Setting next_dagrun for dataset_consumes_1 to None, run_after=None
[2023-02-26T09:37:56.634+0000] {logging_mixin.py:117} INFO - [2023-02-26T09:37:56.633+0000] {dag.py:3328} INFO - Setting next_dagrun for dataset_consumes_1_and_2 to None, run_after=None
[2023-02-26T09:37:56.635+0000] {logging_mixin.py:117} INFO - [2023-02-26T09:37:56.635+0000] {dag.py:3328} INFO - Setting next_dagrun for dataset_consumes_1_never_scheduled to None, run_after=None
[2023-02-26T09:37:56.637+0000] {logging_mixin.py:117} INFO - [2023-02-26T09:37:56.637+0000] {dag.py:3328} INFO - Setting next_dagrun for dataset_consumes_unknown_never_scheduled to None, run_after=None
[2023-02-26T09:37:56.641+0000] {logging_mixin.py:117} INFO - [2023-02-26T09:37:56.641+0000] {dag.py:3328} INFO - Setting next_dagrun for dataset_produces_1 to 2023-02-25T00:00:00+00:00, run_after=2023-02-26T00:00:00+00:00
[2023-02-26T09:37:56.643+0000] {logging_mixin.py:117} INFO - [2023-02-26T09:37:56.643+0000] {dag.py:3328} INFO - Setting next_dagrun for dataset_produces_2 to None, run_after=None
[2023-02-26T09:37:56.669+0000] {processor.py:178} INFO - Processing /home/airflow/.local/lib/python3.7/site-packages/airflow/example_dags/example_datasets.py took 0.123 seconds
[2023-02-26T09:38:27.029+0000] {processor.py:156} INFO - Started process (PID=352) to work on /home/airflow/.local/lib/python3.7/site-packages/airflow/example_dags/example_datasets.py
[2023-02-26T09:38:27.032+0000] {processor.py:758} INFO - Processing file /home/airflow/.local/lib/python3.7/site-packages/airflow/example_dags/example_datasets.py for tasks to queue
[2023-02-26T09:38:27.034+0000] {logging_mixin.py:117} INFO - [2023-02-26T09:38:27.034+0000] {dagbag.py:525} INFO - Filling up the DagBag from /home/airflow/.local/lib/python3.7/site-packages/airflow/example_dags/example_datasets.py
[2023-02-26T09:38:27.049+0000] {processor.py:768} INFO - DAG(s) dict_keys(['dataset_produces_1', 'dataset_consumes_1_never_scheduled', 'dataset_consumes_unknown_never_scheduled', 'dataset_consumes_1_and_2', 'dataset_produces_2', 'dataset_consumes_1']) retrieved from /home/airflow/.local/lib/python3.7/site-packages/airflow/example_dags/example_datasets.py
[2023-02-26T09:38:27.089+0000] {logging_mixin.py:117} INFO - [2023-02-26T09:38:27.088+0000] {dag.py:2573} INFO - Sync 6 DAGs
[2023-02-26T09:38:27.107+0000] {logging_mixin.py:117} INFO - [2023-02-26T09:38:27.107+0000] {dag.py:3328} INFO - Setting next_dagrun for dataset_consumes_1 to None, run_after=None
[2023-02-26T09:38:27.111+0000] {logging_mixin.py:117} INFO - [2023-02-26T09:38:27.110+0000] {dag.py:3328} INFO - Setting next_dagrun for dataset_consumes_1_and_2 to None, run_after=None
[2023-02-26T09:38:27.113+0000] {logging_mixin.py:117} INFO - [2023-02-26T09:38:27.113+0000] {dag.py:3328} INFO - Setting next_dagrun for dataset_consumes_1_never_scheduled to None, run_after=None
[2023-02-26T09:38:27.114+0000] {logging_mixin.py:117} INFO - [2023-02-26T09:38:27.114+0000] {dag.py:3328} INFO - Setting next_dagrun for dataset_consumes_unknown_never_scheduled to None, run_after=None
[2023-02-26T09:38:27.117+0000] {logging_mixin.py:117} INFO - [2023-02-26T09:38:27.117+0000] {dag.py:3328} INFO - Setting next_dagrun for dataset_produces_1 to 2023-02-25T00:00:00+00:00, run_after=2023-02-26T00:00:00+00:00
[2023-02-26T09:38:27.119+0000] {logging_mixin.py:117} INFO - [2023-02-26T09:38:27.119+0000] {dag.py:3328} INFO - Setting next_dagrun for dataset_produces_2 to None, run_after=None
[2023-02-26T09:38:27.138+0000] {processor.py:178} INFO - Processing /home/airflow/.local/lib/python3.7/site-packages/airflow/example_dags/example_datasets.py took 0.112 seconds
[2023-02-26T09:38:57.835+0000] {processor.py:156} INFO - Started process (PID=415) to work on /home/airflow/.local/lib/python3.7/site-packages/airflow/example_dags/example_datasets.py
[2023-02-26T09:38:57.837+0000] {processor.py:758} INFO - Processing file /home/airflow/.local/lib/python3.7/site-packages/airflow/example_dags/example_datasets.py for tasks to queue
[2023-02-26T09:38:57.838+0000] {logging_mixin.py:117} INFO - [2023-02-26T09:38:57.838+0000] {dagbag.py:525} INFO - Filling up the DagBag from /home/airflow/.local/lib/python3.7/site-packages/airflow/example_dags/example_datasets.py
[2023-02-26T09:38:57.854+0000] {processor.py:768} INFO - DAG(s) dict_keys(['dataset_produces_1', 'dataset_consumes_1_never_scheduled', 'dataset_produces_2', 'dataset_consumes_1_and_2', 'dataset_consumes_unknown_never_scheduled', 'dataset_consumes_1']) retrieved from /home/airflow/.local/lib/python3.7/site-packages/airflow/example_dags/example_datasets.py
[2023-02-26T09:38:57.897+0000] {logging_mixin.py:117} INFO - [2023-02-26T09:38:57.897+0000] {dag.py:2573} INFO - Sync 6 DAGs
[2023-02-26T09:38:57.918+0000] {logging_mixin.py:117} INFO - [2023-02-26T09:38:57.917+0000] {dag.py:3328} INFO - Setting next_dagrun for dataset_consumes_1 to None, run_after=None
[2023-02-26T09:38:57.922+0000] {logging_mixin.py:117} INFO - [2023-02-26T09:38:57.921+0000] {dag.py:3328} INFO - Setting next_dagrun for dataset_consumes_1_and_2 to None, run_after=None
[2023-02-26T09:38:57.924+0000] {logging_mixin.py:117} INFO - [2023-02-26T09:38:57.924+0000] {dag.py:3328} INFO - Setting next_dagrun for dataset_consumes_1_never_scheduled to None, run_after=None
[2023-02-26T09:38:57.926+0000] {logging_mixin.py:117} INFO - [2023-02-26T09:38:57.925+0000] {dag.py:3328} INFO - Setting next_dagrun for dataset_consumes_unknown_never_scheduled to None, run_after=None
[2023-02-26T09:38:57.928+0000] {logging_mixin.py:117} INFO - [2023-02-26T09:38:57.928+0000] {dag.py:3328} INFO - Setting next_dagrun for dataset_produces_1 to 2023-02-25T00:00:00+00:00, run_after=2023-02-26T00:00:00+00:00
[2023-02-26T09:38:57.931+0000] {logging_mixin.py:117} INFO - [2023-02-26T09:38:57.931+0000] {dag.py:3328} INFO - Setting next_dagrun for dataset_produces_2 to None, run_after=None
[2023-02-26T09:38:57.951+0000] {processor.py:178} INFO - Processing /home/airflow/.local/lib/python3.7/site-packages/airflow/example_dags/example_datasets.py took 0.119 seconds
