[2023-02-26T09:35:56.969+0000] {processor.py:156} INFO - Started process (PID=72) to work on /home/airflow/.local/lib/python3.7/site-packages/airflow/example_dags/example_short_circuit_decorator.py
[2023-02-26T09:35:56.976+0000] {processor.py:758} INFO - Processing file /home/airflow/.local/lib/python3.7/site-packages/airflow/example_dags/example_short_circuit_decorator.py for tasks to queue
[2023-02-26T09:35:56.982+0000] {logging_mixin.py:117} INFO - [2023-02-26T09:35:56.982+0000] {dagbag.py:525} INFO - Filling up the DagBag from /home/airflow/.local/lib/python3.7/site-packages/airflow/example_dags/example_short_circuit_decorator.py
[2023-02-26T09:35:57.044+0000] {processor.py:768} INFO - DAG(s) dict_keys(['example_short_circuit_decorator']) retrieved from /home/airflow/.local/lib/python3.7/site-packages/airflow/example_dags/example_short_circuit_decorator.py
[2023-02-26T09:35:57.078+0000] {logging_mixin.py:117} INFO - [2023-02-26T09:35:57.078+0000] {dag.py:2573} INFO - Sync 1 DAGs
[2023-02-26T09:35:57.117+0000] {logging_mixin.py:117} INFO - [2023-02-26T09:35:57.116+0000] {dag.py:3328} INFO - Setting next_dagrun for example_short_circuit_decorator to 2023-02-25T09:35:57.116702+00:00, run_after=2023-02-26T09:35:57.116702+00:00
[2023-02-26T09:35:57.147+0000] {processor.py:178} INFO - Processing /home/airflow/.local/lib/python3.7/site-packages/airflow/example_dags/example_short_circuit_decorator.py took 0.182 seconds
[2023-02-26T09:36:27.803+0000] {processor.py:156} INFO - Started process (PID=125) to work on /home/airflow/.local/lib/python3.7/site-packages/airflow/example_dags/example_short_circuit_decorator.py
[2023-02-26T09:36:27.805+0000] {processor.py:758} INFO - Processing file /home/airflow/.local/lib/python3.7/site-packages/airflow/example_dags/example_short_circuit_decorator.py for tasks to queue
[2023-02-26T09:36:27.806+0000] {logging_mixin.py:117} INFO - [2023-02-26T09:36:27.806+0000] {dagbag.py:525} INFO - Filling up the DagBag from /home/airflow/.local/lib/python3.7/site-packages/airflow/example_dags/example_short_circuit_decorator.py
[2023-02-26T09:36:27.826+0000] {processor.py:768} INFO - DAG(s) dict_keys(['example_short_circuit_decorator']) retrieved from /home/airflow/.local/lib/python3.7/site-packages/airflow/example_dags/example_short_circuit_decorator.py
[2023-02-26T09:36:27.853+0000] {logging_mixin.py:117} INFO - [2023-02-26T09:36:27.853+0000] {dag.py:2573} INFO - Sync 1 DAGs
[2023-02-26T09:36:27.869+0000] {logging_mixin.py:117} INFO - [2023-02-26T09:36:27.869+0000] {dag.py:3328} INFO - Setting next_dagrun for example_short_circuit_decorator to 2023-02-25T09:36:27.868880+00:00, run_after=2023-02-26T09:36:27.868880+00:00
[2023-02-26T09:36:27.881+0000] {processor.py:178} INFO - Processing /home/airflow/.local/lib/python3.7/site-packages/airflow/example_dags/example_short_circuit_decorator.py took 0.079 seconds
[2023-02-26T09:36:58.439+0000] {processor.py:156} INFO - Started process (PID=189) to work on /home/airflow/.local/lib/python3.7/site-packages/airflow/example_dags/example_short_circuit_decorator.py
[2023-02-26T09:36:58.440+0000] {processor.py:758} INFO - Processing file /home/airflow/.local/lib/python3.7/site-packages/airflow/example_dags/example_short_circuit_decorator.py for tasks to queue
[2023-02-26T09:36:58.442+0000] {logging_mixin.py:117} INFO - [2023-02-26T09:36:58.442+0000] {dagbag.py:525} INFO - Filling up the DagBag from /home/airflow/.local/lib/python3.7/site-packages/airflow/example_dags/example_short_circuit_decorator.py
[2023-02-26T09:36:58.466+0000] {processor.py:768} INFO - DAG(s) dict_keys(['example_short_circuit_decorator']) retrieved from /home/airflow/.local/lib/python3.7/site-packages/airflow/example_dags/example_short_circuit_decorator.py
[2023-02-26T09:36:58.507+0000] {logging_mixin.py:117} INFO - [2023-02-26T09:36:58.507+0000] {dag.py:2573} INFO - Sync 1 DAGs
[2023-02-26T09:36:58.530+0000] {logging_mixin.py:117} INFO - [2023-02-26T09:36:58.530+0000] {dag.py:3328} INFO - Setting next_dagrun for example_short_circuit_decorator to 2023-02-25T09:36:58.530472+00:00, run_after=2023-02-26T09:36:58.530472+00:00
[2023-02-26T09:36:58.547+0000] {processor.py:178} INFO - Processing /home/airflow/.local/lib/python3.7/site-packages/airflow/example_dags/example_short_circuit_decorator.py took 0.111 seconds
[2023-02-26T09:37:28.981+0000] {processor.py:156} INFO - Started process (PID=252) to work on /home/airflow/.local/lib/python3.7/site-packages/airflow/example_dags/example_short_circuit_decorator.py
[2023-02-26T09:37:28.983+0000] {processor.py:758} INFO - Processing file /home/airflow/.local/lib/python3.7/site-packages/airflow/example_dags/example_short_circuit_decorator.py for tasks to queue
[2023-02-26T09:37:28.984+0000] {logging_mixin.py:117} INFO - [2023-02-26T09:37:28.984+0000] {dagbag.py:525} INFO - Filling up the DagBag from /home/airflow/.local/lib/python3.7/site-packages/airflow/example_dags/example_short_circuit_decorator.py
[2023-02-26T09:37:28.999+0000] {processor.py:768} INFO - DAG(s) dict_keys(['example_short_circuit_decorator']) retrieved from /home/airflow/.local/lib/python3.7/site-packages/airflow/example_dags/example_short_circuit_decorator.py
[2023-02-26T09:37:29.025+0000] {logging_mixin.py:117} INFO - [2023-02-26T09:37:29.024+0000] {dag.py:2573} INFO - Sync 1 DAGs
[2023-02-26T09:37:29.050+0000] {logging_mixin.py:117} INFO - [2023-02-26T09:37:29.050+0000] {dag.py:3328} INFO - Setting next_dagrun for example_short_circuit_decorator to 2023-02-25T09:37:29.050019+00:00, run_after=2023-02-26T09:37:29.050019+00:00
[2023-02-26T09:37:29.063+0000] {processor.py:178} INFO - Processing /home/airflow/.local/lib/python3.7/site-packages/airflow/example_dags/example_short_circuit_decorator.py took 0.083 seconds
[2023-02-26T09:37:59.542+0000] {processor.py:156} INFO - Started process (PID=305) to work on /home/airflow/.local/lib/python3.7/site-packages/airflow/example_dags/example_short_circuit_decorator.py
[2023-02-26T09:37:59.543+0000] {processor.py:758} INFO - Processing file /home/airflow/.local/lib/python3.7/site-packages/airflow/example_dags/example_short_circuit_decorator.py for tasks to queue
[2023-02-26T09:37:59.545+0000] {logging_mixin.py:117} INFO - [2023-02-26T09:37:59.545+0000] {dagbag.py:525} INFO - Filling up the DagBag from /home/airflow/.local/lib/python3.7/site-packages/airflow/example_dags/example_short_circuit_decorator.py
[2023-02-26T09:37:59.561+0000] {processor.py:768} INFO - DAG(s) dict_keys(['example_short_circuit_decorator']) retrieved from /home/airflow/.local/lib/python3.7/site-packages/airflow/example_dags/example_short_circuit_decorator.py
[2023-02-26T09:37:59.586+0000] {logging_mixin.py:117} INFO - [2023-02-26T09:37:59.586+0000] {dag.py:2573} INFO - Sync 1 DAGs
[2023-02-26T09:37:59.600+0000] {logging_mixin.py:117} INFO - [2023-02-26T09:37:59.600+0000] {dag.py:3328} INFO - Setting next_dagrun for example_short_circuit_decorator to 2023-02-25T09:37:59.600432+00:00, run_after=2023-02-26T09:37:59.600432+00:00
[2023-02-26T09:37:59.611+0000] {processor.py:178} INFO - Processing /home/airflow/.local/lib/python3.7/site-packages/airflow/example_dags/example_short_circuit_decorator.py took 0.072 seconds
[2023-02-26T09:38:30.180+0000] {processor.py:156} INFO - Started process (PID=368) to work on /home/airflow/.local/lib/python3.7/site-packages/airflow/example_dags/example_short_circuit_decorator.py
[2023-02-26T09:38:30.182+0000] {processor.py:758} INFO - Processing file /home/airflow/.local/lib/python3.7/site-packages/airflow/example_dags/example_short_circuit_decorator.py for tasks to queue
[2023-02-26T09:38:30.183+0000] {logging_mixin.py:117} INFO - [2023-02-26T09:38:30.182+0000] {dagbag.py:525} INFO - Filling up the DagBag from /home/airflow/.local/lib/python3.7/site-packages/airflow/example_dags/example_short_circuit_decorator.py
[2023-02-26T09:38:30.197+0000] {processor.py:768} INFO - DAG(s) dict_keys(['example_short_circuit_decorator']) retrieved from /home/airflow/.local/lib/python3.7/site-packages/airflow/example_dags/example_short_circuit_decorator.py
[2023-02-26T09:38:30.222+0000] {logging_mixin.py:117} INFO - [2023-02-26T09:38:30.222+0000] {dag.py:2573} INFO - Sync 1 DAGs
[2023-02-26T09:38:30.239+0000] {logging_mixin.py:117} INFO - [2023-02-26T09:38:30.239+0000] {dag.py:3328} INFO - Setting next_dagrun for example_short_circuit_decorator to 2023-02-25T09:38:30.239503+00:00, run_after=2023-02-26T09:38:30.239503+00:00
[2023-02-26T09:38:30.250+0000] {processor.py:178} INFO - Processing /home/airflow/.local/lib/python3.7/site-packages/airflow/example_dags/example_short_circuit_decorator.py took 0.072 seconds
[2023-02-26T09:39:00.842+0000] {processor.py:156} INFO - Started process (PID=431) to work on /home/airflow/.local/lib/python3.7/site-packages/airflow/example_dags/example_short_circuit_decorator.py
[2023-02-26T09:39:00.848+0000] {processor.py:758} INFO - Processing file /home/airflow/.local/lib/python3.7/site-packages/airflow/example_dags/example_short_circuit_decorator.py for tasks to queue
[2023-02-26T09:39:00.853+0000] {logging_mixin.py:117} INFO - [2023-02-26T09:39:00.853+0000] {dagbag.py:525} INFO - Filling up the DagBag from /home/airflow/.local/lib/python3.7/site-packages/airflow/example_dags/example_short_circuit_decorator.py
[2023-02-26T09:39:00.935+0000] {processor.py:768} INFO - DAG(s) dict_keys(['example_short_circuit_decorator']) retrieved from /home/airflow/.local/lib/python3.7/site-packages/airflow/example_dags/example_short_circuit_decorator.py
[2023-02-26T09:39:01.134+0000] {logging_mixin.py:117} INFO - [2023-02-26T09:39:01.133+0000] {dag.py:2573} INFO - Sync 1 DAGs
[2023-02-26T09:39:01.279+0000] {logging_mixin.py:117} INFO - [2023-02-26T09:39:01.279+0000] {dag.py:3328} INFO - Setting next_dagrun for example_short_circuit_decorator to 2023-02-25T09:39:01.279037+00:00, run_after=2023-02-26T09:39:01.279037+00:00
[2023-02-26T09:39:01.392+0000] {processor.py:178} INFO - Processing /home/airflow/.local/lib/python3.7/site-packages/airflow/example_dags/example_short_circuit_decorator.py took 0.553 seconds
