[2023-02-26T09:35:54.992+0000] {processor.py:156} INFO - Started process (PID=64) to work on /home/airflow/.local/lib/python3.7/site-packages/airflow/example_dags/example_sla_dag.py
[2023-02-26T09:35:55.001+0000] {processor.py:758} INFO - Processing file /home/airflow/.local/lib/python3.7/site-packages/airflow/example_dags/example_sla_dag.py for tasks to queue
[2023-02-26T09:35:55.003+0000] {logging_mixin.py:117} INFO - [2023-02-26T09:35:55.003+0000] {dagbag.py:525} INFO - Filling up the DagBag from /home/airflow/.local/lib/python3.7/site-packages/airflow/example_dags/example_sla_dag.py
[2023-02-26T09:35:55.106+0000] {processor.py:768} INFO - DAG(s) dict_keys(['example_sla_dag']) retrieved from /home/airflow/.local/lib/python3.7/site-packages/airflow/example_dags/example_sla_dag.py
[2023-02-26T09:35:55.293+0000] {logging_mixin.py:117} INFO - [2023-02-26T09:35:55.293+0000] {dag.py:2573} INFO - Sync 1 DAGs
[2023-02-26T09:35:55.396+0000] {logging_mixin.py:117} INFO - [2023-02-26T09:35:55.396+0000] {dag.py:3328} INFO - Setting next_dagrun for example_sla_dag to 2023-02-26T09:32:00+00:00, run_after=2023-02-26T09:34:00+00:00
[2023-02-26T09:35:55.479+0000] {processor.py:178} INFO - Processing /home/airflow/.local/lib/python3.7/site-packages/airflow/example_dags/example_sla_dag.py took 0.499 seconds
[2023-02-26T09:36:26.260+0000] {processor.py:156} INFO - Started process (PID=119) to work on /home/airflow/.local/lib/python3.7/site-packages/airflow/example_dags/example_sla_dag.py
[2023-02-26T09:36:26.262+0000] {processor.py:758} INFO - Processing file /home/airflow/.local/lib/python3.7/site-packages/airflow/example_dags/example_sla_dag.py for tasks to queue
[2023-02-26T09:36:26.264+0000] {logging_mixin.py:117} INFO - [2023-02-26T09:36:26.264+0000] {dagbag.py:525} INFO - Filling up the DagBag from /home/airflow/.local/lib/python3.7/site-packages/airflow/example_dags/example_sla_dag.py
[2023-02-26T09:36:26.292+0000] {processor.py:768} INFO - DAG(s) dict_keys(['example_sla_dag']) retrieved from /home/airflow/.local/lib/python3.7/site-packages/airflow/example_dags/example_sla_dag.py
[2023-02-26T09:36:26.374+0000] {logging_mixin.py:117} INFO - [2023-02-26T09:36:26.374+0000] {dag.py:2573} INFO - Sync 1 DAGs
[2023-02-26T09:36:26.396+0000] {logging_mixin.py:117} INFO - [2023-02-26T09:36:26.396+0000] {dag.py:3328} INFO - Setting next_dagrun for example_sla_dag to 2023-02-26T09:34:00+00:00, run_after=2023-02-26T09:36:00+00:00
[2023-02-26T09:36:26.416+0000] {processor.py:178} INFO - Processing /home/airflow/.local/lib/python3.7/site-packages/airflow/example_dags/example_sla_dag.py took 0.158 seconds
[2023-02-26T09:36:57.045+0000] {processor.py:156} INFO - Started process (PID=183) to work on /home/airflow/.local/lib/python3.7/site-packages/airflow/example_dags/example_sla_dag.py
[2023-02-26T09:36:57.047+0000] {processor.py:758} INFO - Processing file /home/airflow/.local/lib/python3.7/site-packages/airflow/example_dags/example_sla_dag.py for tasks to queue
[2023-02-26T09:36:57.048+0000] {logging_mixin.py:117} INFO - [2023-02-26T09:36:57.048+0000] {dagbag.py:525} INFO - Filling up the DagBag from /home/airflow/.local/lib/python3.7/site-packages/airflow/example_dags/example_sla_dag.py
[2023-02-26T09:36:57.069+0000] {processor.py:768} INFO - DAG(s) dict_keys(['example_sla_dag']) retrieved from /home/airflow/.local/lib/python3.7/site-packages/airflow/example_dags/example_sla_dag.py
[2023-02-26T09:36:57.102+0000] {logging_mixin.py:117} INFO - [2023-02-26T09:36:57.102+0000] {dag.py:2573} INFO - Sync 1 DAGs
[2023-02-26T09:36:57.129+0000] {logging_mixin.py:117} INFO - [2023-02-26T09:36:57.129+0000] {dag.py:3328} INFO - Setting next_dagrun for example_sla_dag to 2023-02-26T09:34:00+00:00, run_after=2023-02-26T09:36:00+00:00
[2023-02-26T09:36:57.151+0000] {processor.py:178} INFO - Processing /home/airflow/.local/lib/python3.7/site-packages/airflow/example_dags/example_sla_dag.py took 0.108 seconds
[2023-02-26T09:37:27.560+0000] {processor.py:156} INFO - Started process (PID=237) to work on /home/airflow/.local/lib/python3.7/site-packages/airflow/example_dags/example_sla_dag.py
[2023-02-26T09:37:27.564+0000] {processor.py:758} INFO - Processing file /home/airflow/.local/lib/python3.7/site-packages/airflow/example_dags/example_sla_dag.py for tasks to queue
[2023-02-26T09:37:27.566+0000] {logging_mixin.py:117} INFO - [2023-02-26T09:37:27.566+0000] {dagbag.py:525} INFO - Filling up the DagBag from /home/airflow/.local/lib/python3.7/site-packages/airflow/example_dags/example_sla_dag.py
[2023-02-26T09:37:27.588+0000] {processor.py:768} INFO - DAG(s) dict_keys(['example_sla_dag']) retrieved from /home/airflow/.local/lib/python3.7/site-packages/airflow/example_dags/example_sla_dag.py
[2023-02-26T09:37:27.630+0000] {logging_mixin.py:117} INFO - [2023-02-26T09:37:27.630+0000] {dag.py:2573} INFO - Sync 1 DAGs
[2023-02-26T09:37:27.657+0000] {logging_mixin.py:117} INFO - [2023-02-26T09:37:27.657+0000] {dag.py:3328} INFO - Setting next_dagrun for example_sla_dag to 2023-02-26T09:34:00+00:00, run_after=2023-02-26T09:36:00+00:00
[2023-02-26T09:37:27.677+0000] {processor.py:178} INFO - Processing /home/airflow/.local/lib/python3.7/site-packages/airflow/example_dags/example_sla_dag.py took 0.120 seconds
[2023-02-26T09:37:58.230+0000] {processor.py:156} INFO - Started process (PID=299) to work on /home/airflow/.local/lib/python3.7/site-packages/airflow/example_dags/example_sla_dag.py
[2023-02-26T09:37:58.232+0000] {processor.py:758} INFO - Processing file /home/airflow/.local/lib/python3.7/site-packages/airflow/example_dags/example_sla_dag.py for tasks to queue
[2023-02-26T09:37:58.233+0000] {logging_mixin.py:117} INFO - [2023-02-26T09:37:58.233+0000] {dagbag.py:525} INFO - Filling up the DagBag from /home/airflow/.local/lib/python3.7/site-packages/airflow/example_dags/example_sla_dag.py
[2023-02-26T09:37:58.254+0000] {processor.py:768} INFO - DAG(s) dict_keys(['example_sla_dag']) retrieved from /home/airflow/.local/lib/python3.7/site-packages/airflow/example_dags/example_sla_dag.py
[2023-02-26T09:37:58.282+0000] {logging_mixin.py:117} INFO - [2023-02-26T09:37:58.282+0000] {dag.py:2573} INFO - Sync 1 DAGs
[2023-02-26T09:37:58.298+0000] {logging_mixin.py:117} INFO - [2023-02-26T09:37:58.298+0000] {dag.py:3328} INFO - Setting next_dagrun for example_sla_dag to 2023-02-26T09:34:00+00:00, run_after=2023-02-26T09:36:00+00:00
[2023-02-26T09:37:58.310+0000] {processor.py:178} INFO - Processing /home/airflow/.local/lib/python3.7/site-packages/airflow/example_dags/example_sla_dag.py took 0.082 seconds
[2023-02-26T09:38:28.866+0000] {processor.py:156} INFO - Started process (PID=362) to work on /home/airflow/.local/lib/python3.7/site-packages/airflow/example_dags/example_sla_dag.py
[2023-02-26T09:38:28.867+0000] {processor.py:758} INFO - Processing file /home/airflow/.local/lib/python3.7/site-packages/airflow/example_dags/example_sla_dag.py for tasks to queue
[2023-02-26T09:38:28.868+0000] {logging_mixin.py:117} INFO - [2023-02-26T09:38:28.868+0000] {dagbag.py:525} INFO - Filling up the DagBag from /home/airflow/.local/lib/python3.7/site-packages/airflow/example_dags/example_sla_dag.py
[2023-02-26T09:38:28.883+0000] {processor.py:768} INFO - DAG(s) dict_keys(['example_sla_dag']) retrieved from /home/airflow/.local/lib/python3.7/site-packages/airflow/example_dags/example_sla_dag.py
[2023-02-26T09:38:28.908+0000] {logging_mixin.py:117} INFO - [2023-02-26T09:38:28.908+0000] {dag.py:2573} INFO - Sync 1 DAGs
[2023-02-26T09:38:28.925+0000] {logging_mixin.py:117} INFO - [2023-02-26T09:38:28.925+0000] {dag.py:3328} INFO - Setting next_dagrun for example_sla_dag to 2023-02-26T09:36:00+00:00, run_after=2023-02-26T09:38:00+00:00
[2023-02-26T09:38:28.937+0000] {processor.py:178} INFO - Processing /home/airflow/.local/lib/python3.7/site-packages/airflow/example_dags/example_sla_dag.py took 0.074 seconds
[2023-02-26T09:38:59.615+0000] {processor.py:156} INFO - Started process (PID=425) to work on /home/airflow/.local/lib/python3.7/site-packages/airflow/example_dags/example_sla_dag.py
[2023-02-26T09:38:59.620+0000] {processor.py:758} INFO - Processing file /home/airflow/.local/lib/python3.7/site-packages/airflow/example_dags/example_sla_dag.py for tasks to queue
[2023-02-26T09:38:59.625+0000] {logging_mixin.py:117} INFO - [2023-02-26T09:38:59.625+0000] {dagbag.py:525} INFO - Filling up the DagBag from /home/airflow/.local/lib/python3.7/site-packages/airflow/example_dags/example_sla_dag.py
[2023-02-26T09:38:59.667+0000] {processor.py:768} INFO - DAG(s) dict_keys(['example_sla_dag']) retrieved from /home/airflow/.local/lib/python3.7/site-packages/airflow/example_dags/example_sla_dag.py
[2023-02-26T09:38:59.716+0000] {logging_mixin.py:117} INFO - [2023-02-26T09:38:59.716+0000] {dag.py:2573} INFO - Sync 1 DAGs
[2023-02-26T09:38:59.750+0000] {logging_mixin.py:117} INFO - [2023-02-26T09:38:59.750+0000] {dag.py:3328} INFO - Setting next_dagrun for example_sla_dag to 2023-02-26T09:36:00+00:00, run_after=2023-02-26T09:38:00+00:00
[2023-02-26T09:38:59.774+0000] {processor.py:178} INFO - Processing /home/airflow/.local/lib/python3.7/site-packages/airflow/example_dags/example_sla_dag.py took 0.163 seconds
