[2023-02-26T09:35:55.788+0000] {processor.py:156} INFO - Started process (PID=69) to work on /home/airflow/.local/lib/python3.7/site-packages/airflow/example_dags/example_branch_python_dop_operator_3.py
[2023-02-26T09:35:55.792+0000] {processor.py:758} INFO - Processing file /home/airflow/.local/lib/python3.7/site-packages/airflow/example_dags/example_branch_python_dop_operator_3.py for tasks to queue
[2023-02-26T09:35:55.796+0000] {logging_mixin.py:117} INFO - [2023-02-26T09:35:55.796+0000] {dagbag.py:525} INFO - Filling up the DagBag from /home/airflow/.local/lib/python3.7/site-packages/airflow/example_dags/example_branch_python_dop_operator_3.py
[2023-02-26T09:35:55.890+0000] {processor.py:768} INFO - DAG(s) dict_keys(['example_branch_dop_operator_v3']) retrieved from /home/airflow/.local/lib/python3.7/site-packages/airflow/example_dags/example_branch_python_dop_operator_3.py
[2023-02-26T09:35:55.998+0000] {logging_mixin.py:117} INFO - [2023-02-26T09:35:55.997+0000] {dag.py:2573} INFO - Sync 1 DAGs
[2023-02-26T09:35:56.062+0000] {logging_mixin.py:117} INFO - [2023-02-26T09:35:56.061+0000] {dag.py:3328} INFO - Setting next_dagrun for example_branch_dop_operator_v3 to 2023-02-26T09:34:00+00:00, run_after=2023-02-26T09:35:00+00:00
[2023-02-26T09:35:56.131+0000] {processor.py:178} INFO - Processing /home/airflow/.local/lib/python3.7/site-packages/airflow/example_dags/example_branch_python_dop_operator_3.py took 0.388 seconds
[2023-02-26T09:36:26.651+0000] {processor.py:156} INFO - Started process (PID=122) to work on /home/airflow/.local/lib/python3.7/site-packages/airflow/example_dags/example_branch_python_dop_operator_3.py
[2023-02-26T09:36:26.653+0000] {processor.py:758} INFO - Processing file /home/airflow/.local/lib/python3.7/site-packages/airflow/example_dags/example_branch_python_dop_operator_3.py for tasks to queue
[2023-02-26T09:36:26.654+0000] {logging_mixin.py:117} INFO - [2023-02-26T09:36:26.654+0000] {dagbag.py:525} INFO - Filling up the DagBag from /home/airflow/.local/lib/python3.7/site-packages/airflow/example_dags/example_branch_python_dop_operator_3.py
[2023-02-26T09:36:26.668+0000] {processor.py:768} INFO - DAG(s) dict_keys(['example_branch_dop_operator_v3']) retrieved from /home/airflow/.local/lib/python3.7/site-packages/airflow/example_dags/example_branch_python_dop_operator_3.py
[2023-02-26T09:36:26.694+0000] {logging_mixin.py:117} INFO - [2023-02-26T09:36:26.693+0000] {dag.py:2573} INFO - Sync 1 DAGs
[2023-02-26T09:36:26.709+0000] {logging_mixin.py:117} INFO - [2023-02-26T09:36:26.709+0000] {dag.py:3328} INFO - Setting next_dagrun for example_branch_dop_operator_v3 to 2023-02-26T09:35:00+00:00, run_after=2023-02-26T09:36:00+00:00
[2023-02-26T09:36:26.720+0000] {processor.py:178} INFO - Processing /home/airflow/.local/lib/python3.7/site-packages/airflow/example_dags/example_branch_python_dop_operator_3.py took 0.071 seconds
[2023-02-26T09:36:57.317+0000] {processor.py:156} INFO - Started process (PID=186) to work on /home/airflow/.local/lib/python3.7/site-packages/airflow/example_dags/example_branch_python_dop_operator_3.py
[2023-02-26T09:36:57.319+0000] {processor.py:758} INFO - Processing file /home/airflow/.local/lib/python3.7/site-packages/airflow/example_dags/example_branch_python_dop_operator_3.py for tasks to queue
[2023-02-26T09:36:57.320+0000] {logging_mixin.py:117} INFO - [2023-02-26T09:36:57.320+0000] {dagbag.py:525} INFO - Filling up the DagBag from /home/airflow/.local/lib/python3.7/site-packages/airflow/example_dags/example_branch_python_dop_operator_3.py
[2023-02-26T09:36:57.343+0000] {processor.py:768} INFO - DAG(s) dict_keys(['example_branch_dop_operator_v3']) retrieved from /home/airflow/.local/lib/python3.7/site-packages/airflow/example_dags/example_branch_python_dop_operator_3.py
[2023-02-26T09:36:57.377+0000] {logging_mixin.py:117} INFO - [2023-02-26T09:36:57.377+0000] {dag.py:2573} INFO - Sync 1 DAGs
[2023-02-26T09:36:57.404+0000] {logging_mixin.py:117} INFO - [2023-02-26T09:36:57.403+0000] {dag.py:3328} INFO - Setting next_dagrun for example_branch_dop_operator_v3 to 2023-02-26T09:35:00+00:00, run_after=2023-02-26T09:36:00+00:00
[2023-02-26T09:36:57.423+0000] {processor.py:178} INFO - Processing /home/airflow/.local/lib/python3.7/site-packages/airflow/example_dags/example_branch_python_dop_operator_3.py took 0.110 seconds
[2023-02-26T09:37:27.712+0000] {processor.py:156} INFO - Started process (PID=240) to work on /home/airflow/.local/lib/python3.7/site-packages/airflow/example_dags/example_branch_python_dop_operator_3.py
[2023-02-26T09:37:27.714+0000] {processor.py:758} INFO - Processing file /home/airflow/.local/lib/python3.7/site-packages/airflow/example_dags/example_branch_python_dop_operator_3.py for tasks to queue
[2023-02-26T09:37:27.715+0000] {logging_mixin.py:117} INFO - [2023-02-26T09:37:27.715+0000] {dagbag.py:525} INFO - Filling up the DagBag from /home/airflow/.local/lib/python3.7/site-packages/airflow/example_dags/example_branch_python_dop_operator_3.py
[2023-02-26T09:37:27.734+0000] {processor.py:768} INFO - DAG(s) dict_keys(['example_branch_dop_operator_v3']) retrieved from /home/airflow/.local/lib/python3.7/site-packages/airflow/example_dags/example_branch_python_dop_operator_3.py
[2023-02-26T09:37:27.770+0000] {logging_mixin.py:117} INFO - [2023-02-26T09:37:27.770+0000] {dag.py:2573} INFO - Sync 1 DAGs
[2023-02-26T09:37:27.803+0000] {logging_mixin.py:117} INFO - [2023-02-26T09:37:27.803+0000] {dag.py:3328} INFO - Setting next_dagrun for example_branch_dop_operator_v3 to 2023-02-26T09:36:00+00:00, run_after=2023-02-26T09:37:00+00:00
[2023-02-26T09:37:27.857+0000] {processor.py:178} INFO - Processing /home/airflow/.local/lib/python3.7/site-packages/airflow/example_dags/example_branch_python_dop_operator_3.py took 0.147 seconds
[2023-02-26T09:37:58.425+0000] {processor.py:156} INFO - Started process (PID=302) to work on /home/airflow/.local/lib/python3.7/site-packages/airflow/example_dags/example_branch_python_dop_operator_3.py
[2023-02-26T09:37:58.426+0000] {processor.py:758} INFO - Processing file /home/airflow/.local/lib/python3.7/site-packages/airflow/example_dags/example_branch_python_dop_operator_3.py for tasks to queue
[2023-02-26T09:37:58.427+0000] {logging_mixin.py:117} INFO - [2023-02-26T09:37:58.427+0000] {dagbag.py:525} INFO - Filling up the DagBag from /home/airflow/.local/lib/python3.7/site-packages/airflow/example_dags/example_branch_python_dop_operator_3.py
[2023-02-26T09:37:58.442+0000] {processor.py:768} INFO - DAG(s) dict_keys(['example_branch_dop_operator_v3']) retrieved from /home/airflow/.local/lib/python3.7/site-packages/airflow/example_dags/example_branch_python_dop_operator_3.py
[2023-02-26T09:37:58.466+0000] {logging_mixin.py:117} INFO - [2023-02-26T09:37:58.466+0000] {dag.py:2573} INFO - Sync 1 DAGs
[2023-02-26T09:37:58.485+0000] {logging_mixin.py:117} INFO - [2023-02-26T09:37:58.485+0000] {dag.py:3328} INFO - Setting next_dagrun for example_branch_dop_operator_v3 to 2023-02-26T09:36:00+00:00, run_after=2023-02-26T09:37:00+00:00
[2023-02-26T09:37:58.497+0000] {processor.py:178} INFO - Processing /home/airflow/.local/lib/python3.7/site-packages/airflow/example_dags/example_branch_python_dop_operator_3.py took 0.074 seconds
[2023-02-26T09:38:29.050+0000] {processor.py:156} INFO - Started process (PID=365) to work on /home/airflow/.local/lib/python3.7/site-packages/airflow/example_dags/example_branch_python_dop_operator_3.py
[2023-02-26T09:38:29.051+0000] {processor.py:758} INFO - Processing file /home/airflow/.local/lib/python3.7/site-packages/airflow/example_dags/example_branch_python_dop_operator_3.py for tasks to queue
[2023-02-26T09:38:29.052+0000] {logging_mixin.py:117} INFO - [2023-02-26T09:38:29.052+0000] {dagbag.py:525} INFO - Filling up the DagBag from /home/airflow/.local/lib/python3.7/site-packages/airflow/example_dags/example_branch_python_dop_operator_3.py
[2023-02-26T09:38:29.065+0000] {processor.py:768} INFO - DAG(s) dict_keys(['example_branch_dop_operator_v3']) retrieved from /home/airflow/.local/lib/python3.7/site-packages/airflow/example_dags/example_branch_python_dop_operator_3.py
[2023-02-26T09:38:29.091+0000] {logging_mixin.py:117} INFO - [2023-02-26T09:38:29.091+0000] {dag.py:2573} INFO - Sync 1 DAGs
[2023-02-26T09:38:29.110+0000] {logging_mixin.py:117} INFO - [2023-02-26T09:38:29.110+0000] {dag.py:3328} INFO - Setting next_dagrun for example_branch_dop_operator_v3 to 2023-02-26T09:37:00+00:00, run_after=2023-02-26T09:38:00+00:00
[2023-02-26T09:38:29.122+0000] {processor.py:178} INFO - Processing /home/airflow/.local/lib/python3.7/site-packages/airflow/example_dags/example_branch_python_dop_operator_3.py took 0.075 seconds
[2023-02-26T09:39:00.037+0000] {processor.py:156} INFO - Started process (PID=428) to work on /home/airflow/.local/lib/python3.7/site-packages/airflow/example_dags/example_branch_python_dop_operator_3.py
[2023-02-26T09:39:00.040+0000] {processor.py:758} INFO - Processing file /home/airflow/.local/lib/python3.7/site-packages/airflow/example_dags/example_branch_python_dop_operator_3.py for tasks to queue
[2023-02-26T09:39:00.042+0000] {logging_mixin.py:117} INFO - [2023-02-26T09:39:00.042+0000] {dagbag.py:525} INFO - Filling up the DagBag from /home/airflow/.local/lib/python3.7/site-packages/airflow/example_dags/example_branch_python_dop_operator_3.py
[2023-02-26T09:39:00.069+0000] {processor.py:768} INFO - DAG(s) dict_keys(['example_branch_dop_operator_v3']) retrieved from /home/airflow/.local/lib/python3.7/site-packages/airflow/example_dags/example_branch_python_dop_operator_3.py
[2023-02-26T09:39:00.116+0000] {logging_mixin.py:117} INFO - [2023-02-26T09:39:00.115+0000] {dag.py:2573} INFO - Sync 1 DAGs
[2023-02-26T09:39:00.177+0000] {logging_mixin.py:117} INFO - [2023-02-26T09:39:00.177+0000] {dag.py:3328} INFO - Setting next_dagrun for example_branch_dop_operator_v3 to 2023-02-26T09:38:00+00:00, run_after=2023-02-26T09:39:00+00:00
[2023-02-26T09:39:00.206+0000] {processor.py:178} INFO - Processing /home/airflow/.local/lib/python3.7/site-packages/airflow/example_dags/example_branch_python_dop_operator_3.py took 0.173 seconds
