[2023-02-26T09:35:55.583+0000] {processor.py:156} INFO - Started process (PID=68) to work on /home/airflow/.local/lib/python3.7/site-packages/airflow/example_dags/example_xcomargs.py
[2023-02-26T09:35:55.585+0000] {processor.py:758} INFO - Processing file /home/airflow/.local/lib/python3.7/site-packages/airflow/example_dags/example_xcomargs.py for tasks to queue
[2023-02-26T09:35:55.587+0000] {logging_mixin.py:117} INFO - [2023-02-26T09:35:55.587+0000] {dagbag.py:525} INFO - Filling up the DagBag from /home/airflow/.local/lib/python3.7/site-packages/airflow/example_dags/example_xcomargs.py
[2023-02-26T09:35:55.714+0000] {processor.py:768} INFO - DAG(s) dict_keys(['example_xcom_args_with_operators', 'example_xcom_args']) retrieved from /home/airflow/.local/lib/python3.7/site-packages/airflow/example_dags/example_xcomargs.py
[2023-02-26T09:35:55.849+0000] {logging_mixin.py:117} INFO - [2023-02-26T09:35:55.849+0000] {dag.py:2573} INFO - Sync 2 DAGs
[2023-02-26T09:35:55.931+0000] {logging_mixin.py:117} INFO - [2023-02-26T09:35:55.930+0000] {dag.py:3328} INFO - Setting next_dagrun for example_xcom_args to None, run_after=None
[2023-02-26T09:35:55.948+0000] {logging_mixin.py:117} INFO - [2023-02-26T09:35:55.947+0000] {dag.py:3328} INFO - Setting next_dagrun for example_xcom_args_with_operators to None, run_after=None
[2023-02-26T09:35:56.041+0000] {processor.py:178} INFO - Processing /home/airflow/.local/lib/python3.7/site-packages/airflow/example_dags/example_xcomargs.py took 0.464 seconds
[2023-02-26T09:36:26.522+0000] {processor.py:156} INFO - Started process (PID=121) to work on /home/airflow/.local/lib/python3.7/site-packages/airflow/example_dags/example_xcomargs.py
[2023-02-26T09:36:26.525+0000] {processor.py:758} INFO - Processing file /home/airflow/.local/lib/python3.7/site-packages/airflow/example_dags/example_xcomargs.py for tasks to queue
[2023-02-26T09:36:26.527+0000] {logging_mixin.py:117} INFO - [2023-02-26T09:36:26.527+0000] {dagbag.py:525} INFO - Filling up the DagBag from /home/airflow/.local/lib/python3.7/site-packages/airflow/example_dags/example_xcomargs.py
[2023-02-26T09:36:26.547+0000] {processor.py:768} INFO - DAG(s) dict_keys(['example_xcom_args_with_operators', 'example_xcom_args']) retrieved from /home/airflow/.local/lib/python3.7/site-packages/airflow/example_dags/example_xcomargs.py
[2023-02-26T09:36:26.587+0000] {logging_mixin.py:117} INFO - [2023-02-26T09:36:26.587+0000] {dag.py:2573} INFO - Sync 2 DAGs
[2023-02-26T09:36:26.604+0000] {logging_mixin.py:117} INFO - [2023-02-26T09:36:26.604+0000] {dag.py:3328} INFO - Setting next_dagrun for example_xcom_args to None, run_after=None
[2023-02-26T09:36:26.616+0000] {logging_mixin.py:117} INFO - [2023-02-26T09:36:26.615+0000] {dag.py:3328} INFO - Setting next_dagrun for example_xcom_args_with_operators to None, run_after=None
[2023-02-26T09:36:26.628+0000] {processor.py:178} INFO - Processing /home/airflow/.local/lib/python3.7/site-packages/airflow/example_dags/example_xcomargs.py took 0.109 seconds
[2023-02-26T09:36:57.185+0000] {processor.py:156} INFO - Started process (PID=185) to work on /home/airflow/.local/lib/python3.7/site-packages/airflow/example_dags/example_xcomargs.py
[2023-02-26T09:36:57.187+0000] {processor.py:758} INFO - Processing file /home/airflow/.local/lib/python3.7/site-packages/airflow/example_dags/example_xcomargs.py for tasks to queue
[2023-02-26T09:36:57.189+0000] {logging_mixin.py:117} INFO - [2023-02-26T09:36:57.188+0000] {dagbag.py:525} INFO - Filling up the DagBag from /home/airflow/.local/lib/python3.7/site-packages/airflow/example_dags/example_xcomargs.py
[2023-02-26T09:36:57.209+0000] {processor.py:768} INFO - DAG(s) dict_keys(['example_xcom_args_with_operators', 'example_xcom_args']) retrieved from /home/airflow/.local/lib/python3.7/site-packages/airflow/example_dags/example_xcomargs.py
[2023-02-26T09:36:57.241+0000] {logging_mixin.py:117} INFO - [2023-02-26T09:36:57.241+0000] {dag.py:2573} INFO - Sync 2 DAGs
[2023-02-26T09:36:57.261+0000] {logging_mixin.py:117} INFO - [2023-02-26T09:36:57.261+0000] {dag.py:3328} INFO - Setting next_dagrun for example_xcom_args to None, run_after=None
[2023-02-26T09:36:57.269+0000] {logging_mixin.py:117} INFO - [2023-02-26T09:36:57.269+0000] {dag.py:3328} INFO - Setting next_dagrun for example_xcom_args_with_operators to None, run_after=None
[2023-02-26T09:36:57.287+0000] {processor.py:178} INFO - Processing /home/airflow/.local/lib/python3.7/site-packages/airflow/example_dags/example_xcomargs.py took 0.105 seconds
[2023-02-26T09:37:27.699+0000] {processor.py:156} INFO - Started process (PID=239) to work on /home/airflow/.local/lib/python3.7/site-packages/airflow/example_dags/example_xcomargs.py
[2023-02-26T09:37:27.700+0000] {processor.py:758} INFO - Processing file /home/airflow/.local/lib/python3.7/site-packages/airflow/example_dags/example_xcomargs.py for tasks to queue
[2023-02-26T09:37:27.701+0000] {logging_mixin.py:117} INFO - [2023-02-26T09:37:27.701+0000] {dagbag.py:525} INFO - Filling up the DagBag from /home/airflow/.local/lib/python3.7/site-packages/airflow/example_dags/example_xcomargs.py
[2023-02-26T09:37:27.720+0000] {processor.py:768} INFO - DAG(s) dict_keys(['example_xcom_args_with_operators', 'example_xcom_args']) retrieved from /home/airflow/.local/lib/python3.7/site-packages/airflow/example_dags/example_xcomargs.py
[2023-02-26T09:37:27.749+0000] {logging_mixin.py:117} INFO - [2023-02-26T09:37:27.749+0000] {dag.py:2573} INFO - Sync 2 DAGs
[2023-02-26T09:37:27.768+0000] {logging_mixin.py:117} INFO - [2023-02-26T09:37:27.768+0000] {dag.py:3328} INFO - Setting next_dagrun for example_xcom_args to None, run_after=None
[2023-02-26T09:37:27.786+0000] {logging_mixin.py:117} INFO - [2023-02-26T09:37:27.786+0000] {dag.py:3328} INFO - Setting next_dagrun for example_xcom_args_with_operators to None, run_after=None
[2023-02-26T09:37:27.850+0000] {processor.py:178} INFO - Processing /home/airflow/.local/lib/python3.7/site-packages/airflow/example_dags/example_xcomargs.py took 0.153 seconds
[2023-02-26T09:37:58.331+0000] {processor.py:156} INFO - Started process (PID=301) to work on /home/airflow/.local/lib/python3.7/site-packages/airflow/example_dags/example_xcomargs.py
[2023-02-26T09:37:58.332+0000] {processor.py:758} INFO - Processing file /home/airflow/.local/lib/python3.7/site-packages/airflow/example_dags/example_xcomargs.py for tasks to queue
[2023-02-26T09:37:58.333+0000] {logging_mixin.py:117} INFO - [2023-02-26T09:37:58.333+0000] {dagbag.py:525} INFO - Filling up the DagBag from /home/airflow/.local/lib/python3.7/site-packages/airflow/example_dags/example_xcomargs.py
[2023-02-26T09:37:58.347+0000] {processor.py:768} INFO - DAG(s) dict_keys(['example_xcom_args', 'example_xcom_args_with_operators']) retrieved from /home/airflow/.local/lib/python3.7/site-packages/airflow/example_dags/example_xcomargs.py
[2023-02-26T09:37:58.374+0000] {logging_mixin.py:117} INFO - [2023-02-26T09:37:58.373+0000] {dag.py:2573} INFO - Sync 2 DAGs
[2023-02-26T09:37:58.388+0000] {logging_mixin.py:117} INFO - [2023-02-26T09:37:58.388+0000] {dag.py:3328} INFO - Setting next_dagrun for example_xcom_args to None, run_after=None
[2023-02-26T09:37:58.391+0000] {logging_mixin.py:117} INFO - [2023-02-26T09:37:58.391+0000] {dag.py:3328} INFO - Setting next_dagrun for example_xcom_args_with_operators to None, run_after=None
[2023-02-26T09:37:58.401+0000] {processor.py:178} INFO - Processing /home/airflow/.local/lib/python3.7/site-packages/airflow/example_dags/example_xcomargs.py took 0.073 seconds
[2023-02-26T09:38:28.960+0000] {processor.py:156} INFO - Started process (PID=364) to work on /home/airflow/.local/lib/python3.7/site-packages/airflow/example_dags/example_xcomargs.py
[2023-02-26T09:38:28.961+0000] {processor.py:758} INFO - Processing file /home/airflow/.local/lib/python3.7/site-packages/airflow/example_dags/example_xcomargs.py for tasks to queue
[2023-02-26T09:38:28.962+0000] {logging_mixin.py:117} INFO - [2023-02-26T09:38:28.962+0000] {dagbag.py:525} INFO - Filling up the DagBag from /home/airflow/.local/lib/python3.7/site-packages/airflow/example_dags/example_xcomargs.py
[2023-02-26T09:38:28.976+0000] {processor.py:768} INFO - DAG(s) dict_keys(['example_xcom_args_with_operators', 'example_xcom_args']) retrieved from /home/airflow/.local/lib/python3.7/site-packages/airflow/example_dags/example_xcomargs.py
[2023-02-26T09:38:29.002+0000] {logging_mixin.py:117} INFO - [2023-02-26T09:38:29.001+0000] {dag.py:2573} INFO - Sync 2 DAGs
[2023-02-26T09:38:29.016+0000] {logging_mixin.py:117} INFO - [2023-02-26T09:38:29.016+0000] {dag.py:3328} INFO - Setting next_dagrun for example_xcom_args to None, run_after=None
[2023-02-26T09:38:29.019+0000] {logging_mixin.py:117} INFO - [2023-02-26T09:38:29.019+0000] {dag.py:3328} INFO - Setting next_dagrun for example_xcom_args_with_operators to None, run_after=None
[2023-02-26T09:38:29.029+0000] {processor.py:178} INFO - Processing /home/airflow/.local/lib/python3.7/site-packages/airflow/example_dags/example_xcomargs.py took 0.071 seconds
[2023-02-26T09:38:59.819+0000] {processor.py:156} INFO - Started process (PID=427) to work on /home/airflow/.local/lib/python3.7/site-packages/airflow/example_dags/example_xcomargs.py
[2023-02-26T09:38:59.822+0000] {processor.py:758} INFO - Processing file /home/airflow/.local/lib/python3.7/site-packages/airflow/example_dags/example_xcomargs.py for tasks to queue
[2023-02-26T09:38:59.824+0000] {logging_mixin.py:117} INFO - [2023-02-26T09:38:59.823+0000] {dagbag.py:525} INFO - Filling up the DagBag from /home/airflow/.local/lib/python3.7/site-packages/airflow/example_dags/example_xcomargs.py
[2023-02-26T09:38:59.852+0000] {processor.py:768} INFO - DAG(s) dict_keys(['example_xcom_args_with_operators', 'example_xcom_args']) retrieved from /home/airflow/.local/lib/python3.7/site-packages/airflow/example_dags/example_xcomargs.py
[2023-02-26T09:38:59.901+0000] {logging_mixin.py:117} INFO - [2023-02-26T09:38:59.901+0000] {dag.py:2573} INFO - Sync 2 DAGs
[2023-02-26T09:38:59.930+0000] {logging_mixin.py:117} INFO - [2023-02-26T09:38:59.930+0000] {dag.py:3328} INFO - Setting next_dagrun for example_xcom_args to None, run_after=None
[2023-02-26T09:38:59.947+0000] {logging_mixin.py:117} INFO - [2023-02-26T09:38:59.947+0000] {dag.py:3328} INFO - Setting next_dagrun for example_xcom_args_with_operators to None, run_after=None
[2023-02-26T09:38:59.996+0000] {processor.py:178} INFO - Processing /home/airflow/.local/lib/python3.7/site-packages/airflow/example_dags/example_xcomargs.py took 0.181 seconds
