[2023-02-26T09:35:52.884+0000] {processor.py:156} INFO - Started process (PID=40) to work on /home/airflow/.local/lib/python3.7/site-packages/airflow/example_dags/example_branch_operator.py
[2023-02-26T09:35:52.886+0000] {processor.py:758} INFO - Processing file /home/airflow/.local/lib/python3.7/site-packages/airflow/example_dags/example_branch_operator.py for tasks to queue
[2023-02-26T09:35:52.889+0000] {logging_mixin.py:117} INFO - [2023-02-26T09:35:52.888+0000] {dagbag.py:525} INFO - Filling up the DagBag from /home/airflow/.local/lib/python3.7/site-packages/airflow/example_dags/example_branch_operator.py
[2023-02-26T09:35:52.910+0000] {processor.py:768} INFO - DAG(s) dict_keys(['example_branch_operator']) retrieved from /home/airflow/.local/lib/python3.7/site-packages/airflow/example_dags/example_branch_operator.py
[2023-02-26T09:35:52.938+0000] {logging_mixin.py:117} INFO - [2023-02-26T09:35:52.938+0000] {dag.py:2573} INFO - Sync 1 DAGs
[2023-02-26T09:35:52.967+0000] {logging_mixin.py:117} INFO - [2023-02-26T09:35:52.967+0000] {dag.py:3328} INFO - Setting next_dagrun for example_branch_operator to 2023-02-25T00:00:00+00:00, run_after=2023-02-26T00:00:00+00:00
[2023-02-26T09:35:52.987+0000] {processor.py:178} INFO - Processing /home/airflow/.local/lib/python3.7/site-packages/airflow/example_dags/example_branch_operator.py took 0.107 seconds
[2023-02-26T09:36:23.857+0000] {processor.py:156} INFO - Started process (PID=101) to work on /home/airflow/.local/lib/python3.7/site-packages/airflow/example_dags/example_branch_operator.py
[2023-02-26T09:36:23.861+0000] {processor.py:758} INFO - Processing file /home/airflow/.local/lib/python3.7/site-packages/airflow/example_dags/example_branch_operator.py for tasks to queue
[2023-02-26T09:36:23.863+0000] {logging_mixin.py:117} INFO - [2023-02-26T09:36:23.863+0000] {dagbag.py:525} INFO - Filling up the DagBag from /home/airflow/.local/lib/python3.7/site-packages/airflow/example_dags/example_branch_operator.py
[2023-02-26T09:36:23.879+0000] {processor.py:768} INFO - DAG(s) dict_keys(['example_branch_operator']) retrieved from /home/airflow/.local/lib/python3.7/site-packages/airflow/example_dags/example_branch_operator.py
[2023-02-26T09:36:23.908+0000] {logging_mixin.py:117} INFO - [2023-02-26T09:36:23.908+0000] {dag.py:2573} INFO - Sync 1 DAGs
[2023-02-26T09:36:23.927+0000] {logging_mixin.py:117} INFO - [2023-02-26T09:36:23.927+0000] {dag.py:3328} INFO - Setting next_dagrun for example_branch_operator to 2023-02-25T00:00:00+00:00, run_after=2023-02-26T00:00:00+00:00
[2023-02-26T09:36:23.941+0000] {processor.py:178} INFO - Processing /home/airflow/.local/lib/python3.7/site-packages/airflow/example_dags/example_branch_operator.py took 0.087 seconds
[2023-02-26T09:36:54.669+0000] {processor.py:156} INFO - Started process (PID=156) to work on /home/airflow/.local/lib/python3.7/site-packages/airflow/example_dags/example_branch_operator.py
[2023-02-26T09:36:54.671+0000] {processor.py:758} INFO - Processing file /home/airflow/.local/lib/python3.7/site-packages/airflow/example_dags/example_branch_operator.py for tasks to queue
[2023-02-26T09:36:54.672+0000] {logging_mixin.py:117} INFO - [2023-02-26T09:36:54.672+0000] {dagbag.py:525} INFO - Filling up the DagBag from /home/airflow/.local/lib/python3.7/site-packages/airflow/example_dags/example_branch_operator.py
[2023-02-26T09:36:54.687+0000] {processor.py:768} INFO - DAG(s) dict_keys(['example_branch_operator']) retrieved from /home/airflow/.local/lib/python3.7/site-packages/airflow/example_dags/example_branch_operator.py
[2023-02-26T09:36:54.730+0000] {logging_mixin.py:117} INFO - [2023-02-26T09:36:54.730+0000] {dag.py:2573} INFO - Sync 1 DAGs
[2023-02-26T09:36:54.755+0000] {logging_mixin.py:117} INFO - [2023-02-26T09:36:54.755+0000] {dag.py:3328} INFO - Setting next_dagrun for example_branch_operator to 2023-02-25T00:00:00+00:00, run_after=2023-02-26T00:00:00+00:00
[2023-02-26T09:36:54.779+0000] {processor.py:178} INFO - Processing /home/airflow/.local/lib/python3.7/site-packages/airflow/example_dags/example_branch_operator.py took 0.112 seconds
[2023-02-26T09:37:25.469+0000] {processor.py:156} INFO - Started process (PID=219) to work on /home/airflow/.local/lib/python3.7/site-packages/airflow/example_dags/example_branch_operator.py
[2023-02-26T09:37:25.471+0000] {processor.py:758} INFO - Processing file /home/airflow/.local/lib/python3.7/site-packages/airflow/example_dags/example_branch_operator.py for tasks to queue
[2023-02-26T09:37:25.471+0000] {logging_mixin.py:117} INFO - [2023-02-26T09:37:25.471+0000] {dagbag.py:525} INFO - Filling up the DagBag from /home/airflow/.local/lib/python3.7/site-packages/airflow/example_dags/example_branch_operator.py
[2023-02-26T09:37:25.485+0000] {processor.py:768} INFO - DAG(s) dict_keys(['example_branch_operator']) retrieved from /home/airflow/.local/lib/python3.7/site-packages/airflow/example_dags/example_branch_operator.py
[2023-02-26T09:37:25.527+0000] {logging_mixin.py:117} INFO - [2023-02-26T09:37:25.527+0000] {dag.py:2573} INFO - Sync 1 DAGs
[2023-02-26T09:37:25.550+0000] {logging_mixin.py:117} INFO - [2023-02-26T09:37:25.550+0000] {dag.py:3328} INFO - Setting next_dagrun for example_branch_operator to 2023-02-25T00:00:00+00:00, run_after=2023-02-26T00:00:00+00:00
[2023-02-26T09:37:25.566+0000] {processor.py:178} INFO - Processing /home/airflow/.local/lib/python3.7/site-packages/airflow/example_dags/example_branch_operator.py took 0.099 seconds
[2023-02-26T09:37:55.997+0000] {processor.py:156} INFO - Started process (PID=281) to work on /home/airflow/.local/lib/python3.7/site-packages/airflow/example_dags/example_branch_operator.py
[2023-02-26T09:37:56.002+0000] {processor.py:758} INFO - Processing file /home/airflow/.local/lib/python3.7/site-packages/airflow/example_dags/example_branch_operator.py for tasks to queue
[2023-02-26T09:37:56.004+0000] {logging_mixin.py:117} INFO - [2023-02-26T09:37:56.004+0000] {dagbag.py:525} INFO - Filling up the DagBag from /home/airflow/.local/lib/python3.7/site-packages/airflow/example_dags/example_branch_operator.py
[2023-02-26T09:37:56.027+0000] {processor.py:768} INFO - DAG(s) dict_keys(['example_branch_operator']) retrieved from /home/airflow/.local/lib/python3.7/site-packages/airflow/example_dags/example_branch_operator.py
[2023-02-26T09:37:56.070+0000] {logging_mixin.py:117} INFO - [2023-02-26T09:37:56.070+0000] {dag.py:2573} INFO - Sync 1 DAGs
[2023-02-26T09:37:56.091+0000] {logging_mixin.py:117} INFO - [2023-02-26T09:37:56.091+0000] {dag.py:3328} INFO - Setting next_dagrun for example_branch_operator to 2023-02-25T00:00:00+00:00, run_after=2023-02-26T00:00:00+00:00
[2023-02-26T09:37:56.108+0000] {processor.py:178} INFO - Processing /home/airflow/.local/lib/python3.7/site-packages/airflow/example_dags/example_branch_operator.py took 0.115 seconds
[2023-02-26T09:38:26.399+0000] {processor.py:156} INFO - Started process (PID=344) to work on /home/airflow/.local/lib/python3.7/site-packages/airflow/example_dags/example_branch_operator.py
[2023-02-26T09:38:26.400+0000] {processor.py:758} INFO - Processing file /home/airflow/.local/lib/python3.7/site-packages/airflow/example_dags/example_branch_operator.py for tasks to queue
[2023-02-26T09:38:26.401+0000] {logging_mixin.py:117} INFO - [2023-02-26T09:38:26.401+0000] {dagbag.py:525} INFO - Filling up the DagBag from /home/airflow/.local/lib/python3.7/site-packages/airflow/example_dags/example_branch_operator.py
[2023-02-26T09:38:26.416+0000] {processor.py:768} INFO - DAG(s) dict_keys(['example_branch_operator']) retrieved from /home/airflow/.local/lib/python3.7/site-packages/airflow/example_dags/example_branch_operator.py
[2023-02-26T09:38:26.444+0000] {logging_mixin.py:117} INFO - [2023-02-26T09:38:26.444+0000] {dag.py:2573} INFO - Sync 1 DAGs
[2023-02-26T09:38:26.460+0000] {logging_mixin.py:117} INFO - [2023-02-26T09:38:26.460+0000] {dag.py:3328} INFO - Setting next_dagrun for example_branch_operator to 2023-02-25T00:00:00+00:00, run_after=2023-02-26T00:00:00+00:00
[2023-02-26T09:38:26.472+0000] {processor.py:178} INFO - Processing /home/airflow/.local/lib/python3.7/site-packages/airflow/example_dags/example_branch_operator.py took 0.076 seconds
[2023-02-26T09:38:57.262+0000] {processor.py:156} INFO - Started process (PID=407) to work on /home/airflow/.local/lib/python3.7/site-packages/airflow/example_dags/example_branch_operator.py
[2023-02-26T09:38:57.265+0000] {processor.py:758} INFO - Processing file /home/airflow/.local/lib/python3.7/site-packages/airflow/example_dags/example_branch_operator.py for tasks to queue
[2023-02-26T09:38:57.267+0000] {logging_mixin.py:117} INFO - [2023-02-26T09:38:57.267+0000] {dagbag.py:525} INFO - Filling up the DagBag from /home/airflow/.local/lib/python3.7/site-packages/airflow/example_dags/example_branch_operator.py
[2023-02-26T09:38:57.289+0000] {processor.py:768} INFO - DAG(s) dict_keys(['example_branch_operator']) retrieved from /home/airflow/.local/lib/python3.7/site-packages/airflow/example_dags/example_branch_operator.py
[2023-02-26T09:38:57.339+0000] {logging_mixin.py:117} INFO - [2023-02-26T09:38:57.339+0000] {dag.py:2573} INFO - Sync 1 DAGs
[2023-02-26T09:38:57.364+0000] {logging_mixin.py:117} INFO - [2023-02-26T09:38:57.364+0000] {dag.py:3328} INFO - Setting next_dagrun for example_branch_operator to 2023-02-25T00:00:00+00:00, run_after=2023-02-26T00:00:00+00:00
[2023-02-26T09:38:57.381+0000] {processor.py:178} INFO - Processing /home/airflow/.local/lib/python3.7/site-packages/airflow/example_dags/example_branch_operator.py took 0.122 seconds
