[2023-02-26T09:35:53.344+0000] {processor.py:156} INFO - Started process (PID=44) to work on /home/airflow/.local/lib/python3.7/site-packages/airflow/example_dags/tutorial_dag.py
[2023-02-26T09:35:53.349+0000] {processor.py:758} INFO - Processing file /home/airflow/.local/lib/python3.7/site-packages/airflow/example_dags/tutorial_dag.py for tasks to queue
[2023-02-26T09:35:53.351+0000] {logging_mixin.py:117} INFO - [2023-02-26T09:35:53.351+0000] {dagbag.py:525} INFO - Filling up the DagBag from /home/airflow/.local/lib/python3.7/site-packages/airflow/example_dags/tutorial_dag.py
[2023-02-26T09:35:53.368+0000] {processor.py:768} INFO - DAG(s) dict_keys(['tutorial_dag']) retrieved from /home/airflow/.local/lib/python3.7/site-packages/airflow/example_dags/tutorial_dag.py
[2023-02-26T09:35:53.411+0000] {logging_mixin.py:117} INFO - [2023-02-26T09:35:53.411+0000] {dag.py:2573} INFO - Sync 1 DAGs
[2023-02-26T09:35:53.437+0000] {logging_mixin.py:117} INFO - [2023-02-26T09:35:53.437+0000] {dag.py:3328} INFO - Setting next_dagrun for tutorial_dag to None, run_after=None
[2023-02-26T09:35:53.455+0000] {processor.py:178} INFO - Processing /home/airflow/.local/lib/python3.7/site-packages/airflow/example_dags/tutorial_dag.py took 0.114 seconds
[2023-02-26T09:36:24.092+0000] {processor.py:156} INFO - Started process (PID=105) to work on /home/airflow/.local/lib/python3.7/site-packages/airflow/example_dags/tutorial_dag.py
[2023-02-26T09:36:24.095+0000] {processor.py:758} INFO - Processing file /home/airflow/.local/lib/python3.7/site-packages/airflow/example_dags/tutorial_dag.py for tasks to queue
[2023-02-26T09:36:24.096+0000] {logging_mixin.py:117} INFO - [2023-02-26T09:36:24.096+0000] {dagbag.py:525} INFO - Filling up the DagBag from /home/airflow/.local/lib/python3.7/site-packages/airflow/example_dags/tutorial_dag.py
[2023-02-26T09:36:24.117+0000] {processor.py:768} INFO - DAG(s) dict_keys(['tutorial_dag']) retrieved from /home/airflow/.local/lib/python3.7/site-packages/airflow/example_dags/tutorial_dag.py
[2023-02-26T09:36:24.164+0000] {logging_mixin.py:117} INFO - [2023-02-26T09:36:24.164+0000] {dag.py:2573} INFO - Sync 1 DAGs
[2023-02-26T09:36:24.184+0000] {logging_mixin.py:117} INFO - [2023-02-26T09:36:24.183+0000] {dag.py:3328} INFO - Setting next_dagrun for tutorial_dag to None, run_after=None
[2023-02-26T09:36:24.199+0000] {processor.py:178} INFO - Processing /home/airflow/.local/lib/python3.7/site-packages/airflow/example_dags/tutorial_dag.py took 0.109 seconds
[2023-02-26T09:36:54.943+0000] {processor.py:156} INFO - Started process (PID=160) to work on /home/airflow/.local/lib/python3.7/site-packages/airflow/example_dags/tutorial_dag.py
[2023-02-26T09:36:54.945+0000] {processor.py:758} INFO - Processing file /home/airflow/.local/lib/python3.7/site-packages/airflow/example_dags/tutorial_dag.py for tasks to queue
[2023-02-26T09:36:54.946+0000] {logging_mixin.py:117} INFO - [2023-02-26T09:36:54.946+0000] {dagbag.py:525} INFO - Filling up the DagBag from /home/airflow/.local/lib/python3.7/site-packages/airflow/example_dags/tutorial_dag.py
[2023-02-26T09:36:54.960+0000] {processor.py:768} INFO - DAG(s) dict_keys(['tutorial_dag']) retrieved from /home/airflow/.local/lib/python3.7/site-packages/airflow/example_dags/tutorial_dag.py
[2023-02-26T09:36:54.992+0000] {logging_mixin.py:117} INFO - [2023-02-26T09:36:54.992+0000] {dag.py:2573} INFO - Sync 1 DAGs
[2023-02-26T09:36:55.011+0000] {logging_mixin.py:117} INFO - [2023-02-26T09:36:55.011+0000] {dag.py:3328} INFO - Setting next_dagrun for tutorial_dag to None, run_after=None
[2023-02-26T09:36:55.029+0000] {processor.py:178} INFO - Processing /home/airflow/.local/lib/python3.7/site-packages/airflow/example_dags/tutorial_dag.py took 0.088 seconds
[2023-02-26T09:37:25.797+0000] {processor.py:156} INFO - Started process (PID=223) to work on /home/airflow/.local/lib/python3.7/site-packages/airflow/example_dags/tutorial_dag.py
[2023-02-26T09:37:25.798+0000] {processor.py:758} INFO - Processing file /home/airflow/.local/lib/python3.7/site-packages/airflow/example_dags/tutorial_dag.py for tasks to queue
[2023-02-26T09:37:25.802+0000] {logging_mixin.py:117} INFO - [2023-02-26T09:37:25.802+0000] {dagbag.py:525} INFO - Filling up the DagBag from /home/airflow/.local/lib/python3.7/site-packages/airflow/example_dags/tutorial_dag.py
[2023-02-26T09:37:25.812+0000] {processor.py:768} INFO - DAG(s) dict_keys(['tutorial_dag']) retrieved from /home/airflow/.local/lib/python3.7/site-packages/airflow/example_dags/tutorial_dag.py
[2023-02-26T09:37:25.840+0000] {logging_mixin.py:117} INFO - [2023-02-26T09:37:25.840+0000] {dag.py:2573} INFO - Sync 1 DAGs
[2023-02-26T09:37:25.856+0000] {logging_mixin.py:117} INFO - [2023-02-26T09:37:25.856+0000] {dag.py:3328} INFO - Setting next_dagrun for tutorial_dag to None, run_after=None
[2023-02-26T09:37:25.883+0000] {processor.py:178} INFO - Processing /home/airflow/.local/lib/python3.7/site-packages/airflow/example_dags/tutorial_dag.py took 0.090 seconds
[2023-02-26T09:37:56.286+0000] {processor.py:156} INFO - Started process (PID=285) to work on /home/airflow/.local/lib/python3.7/site-packages/airflow/example_dags/tutorial_dag.py
[2023-02-26T09:37:56.288+0000] {processor.py:758} INFO - Processing file /home/airflow/.local/lib/python3.7/site-packages/airflow/example_dags/tutorial_dag.py for tasks to queue
[2023-02-26T09:37:56.291+0000] {logging_mixin.py:117} INFO - [2023-02-26T09:37:56.291+0000] {dagbag.py:525} INFO - Filling up the DagBag from /home/airflow/.local/lib/python3.7/site-packages/airflow/example_dags/tutorial_dag.py
[2023-02-26T09:37:56.309+0000] {processor.py:768} INFO - DAG(s) dict_keys(['tutorial_dag']) retrieved from /home/airflow/.local/lib/python3.7/site-packages/airflow/example_dags/tutorial_dag.py
[2023-02-26T09:37:56.347+0000] {logging_mixin.py:117} INFO - [2023-02-26T09:37:56.347+0000] {dag.py:2573} INFO - Sync 1 DAGs
[2023-02-26T09:37:56.369+0000] {logging_mixin.py:117} INFO - [2023-02-26T09:37:56.368+0000] {dag.py:3328} INFO - Setting next_dagrun for tutorial_dag to None, run_after=None
[2023-02-26T09:37:56.386+0000] {processor.py:178} INFO - Processing /home/airflow/.local/lib/python3.7/site-packages/airflow/example_dags/tutorial_dag.py took 0.103 seconds
[2023-02-26T09:38:26.601+0000] {processor.py:156} INFO - Started process (PID=348) to work on /home/airflow/.local/lib/python3.7/site-packages/airflow/example_dags/tutorial_dag.py
[2023-02-26T09:38:26.604+0000] {processor.py:758} INFO - Processing file /home/airflow/.local/lib/python3.7/site-packages/airflow/example_dags/tutorial_dag.py for tasks to queue
[2023-02-26T09:38:26.605+0000] {logging_mixin.py:117} INFO - [2023-02-26T09:38:26.605+0000] {dagbag.py:525} INFO - Filling up the DagBag from /home/airflow/.local/lib/python3.7/site-packages/airflow/example_dags/tutorial_dag.py
[2023-02-26T09:38:26.617+0000] {processor.py:768} INFO - DAG(s) dict_keys(['tutorial_dag']) retrieved from /home/airflow/.local/lib/python3.7/site-packages/airflow/example_dags/tutorial_dag.py
[2023-02-26T09:38:26.768+0000] {logging_mixin.py:117} INFO - [2023-02-26T09:38:26.768+0000] {dag.py:2573} INFO - Sync 1 DAGs
[2023-02-26T09:38:26.797+0000] {logging_mixin.py:117} INFO - [2023-02-26T09:38:26.797+0000] {dag.py:3328} INFO - Setting next_dagrun for tutorial_dag to None, run_after=None
[2023-02-26T09:38:26.821+0000] {processor.py:178} INFO - Processing /home/airflow/.local/lib/python3.7/site-packages/airflow/example_dags/tutorial_dag.py took 0.222 seconds
[2023-02-26T09:38:57.567+0000] {processor.py:156} INFO - Started process (PID=411) to work on /home/airflow/.local/lib/python3.7/site-packages/airflow/example_dags/tutorial_dag.py
[2023-02-26T09:38:57.570+0000] {processor.py:758} INFO - Processing file /home/airflow/.local/lib/python3.7/site-packages/airflow/example_dags/tutorial_dag.py for tasks to queue
[2023-02-26T09:38:57.572+0000] {logging_mixin.py:117} INFO - [2023-02-26T09:38:57.572+0000] {dagbag.py:525} INFO - Filling up the DagBag from /home/airflow/.local/lib/python3.7/site-packages/airflow/example_dags/tutorial_dag.py
[2023-02-26T09:38:57.588+0000] {processor.py:768} INFO - DAG(s) dict_keys(['tutorial_dag']) retrieved from /home/airflow/.local/lib/python3.7/site-packages/airflow/example_dags/tutorial_dag.py
[2023-02-26T09:38:57.634+0000] {logging_mixin.py:117} INFO - [2023-02-26T09:38:57.633+0000] {dag.py:2573} INFO - Sync 1 DAGs
[2023-02-26T09:38:57.653+0000] {logging_mixin.py:117} INFO - [2023-02-26T09:38:57.653+0000] {dag.py:3328} INFO - Setting next_dagrun for tutorial_dag to None, run_after=None
[2023-02-26T09:38:57.669+0000] {processor.py:178} INFO - Processing /home/airflow/.local/lib/python3.7/site-packages/airflow/example_dags/tutorial_dag.py took 0.105 seconds
