[2023-02-26T09:35:56.243+0000] {processor.py:156} INFO - Started process (PID=71) to work on /home/airflow/.local/lib/python3.7/site-packages/airflow/example_dags/tutorial_taskflow_api.py
[2023-02-26T09:35:56.247+0000] {processor.py:758} INFO - Processing file /home/airflow/.local/lib/python3.7/site-packages/airflow/example_dags/tutorial_taskflow_api.py for tasks to queue
[2023-02-26T09:35:56.254+0000] {logging_mixin.py:117} INFO - [2023-02-26T09:35:56.253+0000] {dagbag.py:525} INFO - Filling up the DagBag from /home/airflow/.local/lib/python3.7/site-packages/airflow/example_dags/tutorial_taskflow_api.py
[2023-02-26T09:35:56.402+0000] {processor.py:768} INFO - DAG(s) dict_keys(['tutorial_taskflow_api']) retrieved from /home/airflow/.local/lib/python3.7/site-packages/airflow/example_dags/tutorial_taskflow_api.py
[2023-02-26T09:35:56.553+0000] {logging_mixin.py:117} INFO - [2023-02-26T09:35:56.553+0000] {dag.py:2573} INFO - Sync 1 DAGs
[2023-02-26T09:35:56.714+0000] {logging_mixin.py:117} INFO - [2023-02-26T09:35:56.714+0000] {dag.py:3328} INFO - Setting next_dagrun for tutorial_taskflow_api to None, run_after=None
[2023-02-26T09:35:56.893+0000] {processor.py:178} INFO - Processing /home/airflow/.local/lib/python3.7/site-packages/airflow/example_dags/tutorial_taskflow_api.py took 0.654 seconds
[2023-02-26T09:36:27.663+0000] {processor.py:156} INFO - Started process (PID=124) to work on /home/airflow/.local/lib/python3.7/site-packages/airflow/example_dags/tutorial_taskflow_api.py
[2023-02-26T09:36:27.680+0000] {processor.py:758} INFO - Processing file /home/airflow/.local/lib/python3.7/site-packages/airflow/example_dags/tutorial_taskflow_api.py for tasks to queue
[2023-02-26T09:36:27.681+0000] {logging_mixin.py:117} INFO - [2023-02-26T09:36:27.681+0000] {dagbag.py:525} INFO - Filling up the DagBag from /home/airflow/.local/lib/python3.7/site-packages/airflow/example_dags/tutorial_taskflow_api.py
[2023-02-26T09:36:27.715+0000] {processor.py:768} INFO - DAG(s) dict_keys(['tutorial_taskflow_api']) retrieved from /home/airflow/.local/lib/python3.7/site-packages/airflow/example_dags/tutorial_taskflow_api.py
[2023-02-26T09:36:27.750+0000] {logging_mixin.py:117} INFO - [2023-02-26T09:36:27.750+0000] {dag.py:2573} INFO - Sync 1 DAGs
[2023-02-26T09:36:27.774+0000] {logging_mixin.py:117} INFO - [2023-02-26T09:36:27.772+0000] {dag.py:3328} INFO - Setting next_dagrun for tutorial_taskflow_api to None, run_after=None
[2023-02-26T09:36:27.789+0000] {processor.py:178} INFO - Processing /home/airflow/.local/lib/python3.7/site-packages/airflow/example_dags/tutorial_taskflow_api.py took 0.128 seconds
[2023-02-26T09:36:58.327+0000] {processor.py:156} INFO - Started process (PID=188) to work on /home/airflow/.local/lib/python3.7/site-packages/airflow/example_dags/tutorial_taskflow_api.py
[2023-02-26T09:36:58.329+0000] {processor.py:758} INFO - Processing file /home/airflow/.local/lib/python3.7/site-packages/airflow/example_dags/tutorial_taskflow_api.py for tasks to queue
[2023-02-26T09:36:58.330+0000] {logging_mixin.py:117} INFO - [2023-02-26T09:36:58.330+0000] {dagbag.py:525} INFO - Filling up the DagBag from /home/airflow/.local/lib/python3.7/site-packages/airflow/example_dags/tutorial_taskflow_api.py
[2023-02-26T09:36:58.347+0000] {processor.py:768} INFO - DAG(s) dict_keys(['tutorial_taskflow_api']) retrieved from /home/airflow/.local/lib/python3.7/site-packages/airflow/example_dags/tutorial_taskflow_api.py
[2023-02-26T09:36:58.377+0000] {logging_mixin.py:117} INFO - [2023-02-26T09:36:58.377+0000] {dag.py:2573} INFO - Sync 1 DAGs
[2023-02-26T09:36:58.398+0000] {logging_mixin.py:117} INFO - [2023-02-26T09:36:58.398+0000] {dag.py:3328} INFO - Setting next_dagrun for tutorial_taskflow_api to None, run_after=None
[2023-02-26T09:36:58.417+0000] {processor.py:178} INFO - Processing /home/airflow/.local/lib/python3.7/site-packages/airflow/example_dags/tutorial_taskflow_api.py took 0.092 seconds
[2023-02-26T09:37:28.883+0000] {processor.py:156} INFO - Started process (PID=251) to work on /home/airflow/.local/lib/python3.7/site-packages/airflow/example_dags/tutorial_taskflow_api.py
[2023-02-26T09:37:28.885+0000] {processor.py:758} INFO - Processing file /home/airflow/.local/lib/python3.7/site-packages/airflow/example_dags/tutorial_taskflow_api.py for tasks to queue
[2023-02-26T09:37:28.885+0000] {logging_mixin.py:117} INFO - [2023-02-26T09:37:28.885+0000] {dagbag.py:525} INFO - Filling up the DagBag from /home/airflow/.local/lib/python3.7/site-packages/airflow/example_dags/tutorial_taskflow_api.py
[2023-02-26T09:37:28.900+0000] {processor.py:768} INFO - DAG(s) dict_keys(['tutorial_taskflow_api']) retrieved from /home/airflow/.local/lib/python3.7/site-packages/airflow/example_dags/tutorial_taskflow_api.py
[2023-02-26T09:37:28.929+0000] {logging_mixin.py:117} INFO - [2023-02-26T09:37:28.929+0000] {dag.py:2573} INFO - Sync 1 DAGs
[2023-02-26T09:37:28.948+0000] {logging_mixin.py:117} INFO - [2023-02-26T09:37:28.948+0000] {dag.py:3328} INFO - Setting next_dagrun for tutorial_taskflow_api to None, run_after=None
[2023-02-26T09:37:28.960+0000] {processor.py:178} INFO - Processing /home/airflow/.local/lib/python3.7/site-packages/airflow/example_dags/tutorial_taskflow_api.py took 0.080 seconds
[2023-02-26T09:37:59.445+0000] {processor.py:156} INFO - Started process (PID=304) to work on /home/airflow/.local/lib/python3.7/site-packages/airflow/example_dags/tutorial_taskflow_api.py
[2023-02-26T09:37:59.447+0000] {processor.py:758} INFO - Processing file /home/airflow/.local/lib/python3.7/site-packages/airflow/example_dags/tutorial_taskflow_api.py for tasks to queue
[2023-02-26T09:37:59.448+0000] {logging_mixin.py:117} INFO - [2023-02-26T09:37:59.448+0000] {dagbag.py:525} INFO - Filling up the DagBag from /home/airflow/.local/lib/python3.7/site-packages/airflow/example_dags/tutorial_taskflow_api.py
[2023-02-26T09:37:59.461+0000] {processor.py:768} INFO - DAG(s) dict_keys(['tutorial_taskflow_api']) retrieved from /home/airflow/.local/lib/python3.7/site-packages/airflow/example_dags/tutorial_taskflow_api.py
[2023-02-26T09:37:59.487+0000] {logging_mixin.py:117} INFO - [2023-02-26T09:37:59.487+0000] {dag.py:2573} INFO - Sync 1 DAGs
[2023-02-26T09:37:59.505+0000] {logging_mixin.py:117} INFO - [2023-02-26T09:37:59.505+0000] {dag.py:3328} INFO - Setting next_dagrun for tutorial_taskflow_api to None, run_after=None
[2023-02-26T09:37:59.518+0000] {processor.py:178} INFO - Processing /home/airflow/.local/lib/python3.7/site-packages/airflow/example_dags/tutorial_taskflow_api.py took 0.075 seconds
[2023-02-26T09:38:30.060+0000] {processor.py:156} INFO - Started process (PID=367) to work on /home/airflow/.local/lib/python3.7/site-packages/airflow/example_dags/tutorial_taskflow_api.py
[2023-02-26T09:38:30.062+0000] {processor.py:758} INFO - Processing file /home/airflow/.local/lib/python3.7/site-packages/airflow/example_dags/tutorial_taskflow_api.py for tasks to queue
[2023-02-26T09:38:30.063+0000] {logging_mixin.py:117} INFO - [2023-02-26T09:38:30.063+0000] {dagbag.py:525} INFO - Filling up the DagBag from /home/airflow/.local/lib/python3.7/site-packages/airflow/example_dags/tutorial_taskflow_api.py
[2023-02-26T09:38:30.077+0000] {processor.py:768} INFO - DAG(s) dict_keys(['tutorial_taskflow_api']) retrieved from /home/airflow/.local/lib/python3.7/site-packages/airflow/example_dags/tutorial_taskflow_api.py
[2023-02-26T09:38:30.105+0000] {logging_mixin.py:117} INFO - [2023-02-26T09:38:30.105+0000] {dag.py:2573} INFO - Sync 1 DAGs
[2023-02-26T09:38:30.123+0000] {logging_mixin.py:117} INFO - [2023-02-26T09:38:30.123+0000] {dag.py:3328} INFO - Setting next_dagrun for tutorial_taskflow_api to None, run_after=None
[2023-02-26T09:38:30.145+0000] {processor.py:178} INFO - Processing /home/airflow/.local/lib/python3.7/site-packages/airflow/example_dags/tutorial_taskflow_api.py took 0.087 seconds
[2023-02-26T09:39:00.291+0000] {processor.py:156} INFO - Started process (PID=430) to work on /home/airflow/.local/lib/python3.7/site-packages/airflow/example_dags/tutorial_taskflow_api.py
[2023-02-26T09:39:00.301+0000] {processor.py:758} INFO - Processing file /home/airflow/.local/lib/python3.7/site-packages/airflow/example_dags/tutorial_taskflow_api.py for tasks to queue
[2023-02-26T09:39:00.309+0000] {logging_mixin.py:117} INFO - [2023-02-26T09:39:00.308+0000] {dagbag.py:525} INFO - Filling up the DagBag from /home/airflow/.local/lib/python3.7/site-packages/airflow/example_dags/tutorial_taskflow_api.py
[2023-02-26T09:39:00.507+0000] {processor.py:768} INFO - DAG(s) dict_keys(['tutorial_taskflow_api']) retrieved from /home/airflow/.local/lib/python3.7/site-packages/airflow/example_dags/tutorial_taskflow_api.py
[2023-02-26T09:39:00.726+0000] {logging_mixin.py:117} INFO - [2023-02-26T09:39:00.726+0000] {dag.py:2573} INFO - Sync 1 DAGs
[2023-02-26T09:39:00.782+0000] {logging_mixin.py:117} INFO - [2023-02-26T09:39:00.782+0000] {dag.py:3328} INFO - Setting next_dagrun for tutorial_taskflow_api to None, run_after=None
[2023-02-26T09:39:00.849+0000] {processor.py:178} INFO - Processing /home/airflow/.local/lib/python3.7/site-packages/airflow/example_dags/tutorial_taskflow_api.py took 0.574 seconds
