[2023-02-26T10:25:28.194+0000] {taskinstance.py:1165} INFO - Dependencies all met for <TaskInstance: sync_api_demo_dag.print_df_head manual__2023-02-26T10:25:25.640889+00:00 [queued]>
[2023-02-26T10:25:28.206+0000] {taskinstance.py:1165} INFO - Dependencies all met for <TaskInstance: sync_api_demo_dag.print_df_head manual__2023-02-26T10:25:25.640889+00:00 [queued]>
[2023-02-26T10:25:28.207+0000] {taskinstance.py:1362} INFO - 
--------------------------------------------------------------------------------
[2023-02-26T10:25:28.208+0000] {taskinstance.py:1363} INFO - Starting attempt 1 of 1
[2023-02-26T10:25:28.210+0000] {taskinstance.py:1364} INFO - 
--------------------------------------------------------------------------------
[2023-02-26T10:25:28.223+0000] {taskinstance.py:1383} INFO - Executing <Task(PythonOperator): print_df_head> on 2023-02-26 10:25:25.640889+00:00
[2023-02-26T10:25:28.231+0000] {standard_task_runner.py:54} INFO - Started process 115 to run task
[2023-02-26T10:25:28.236+0000] {standard_task_runner.py:82} INFO - Running: ['***', 'tasks', 'run', 'sync_api_demo_dag', 'print_df_head', 'manual__2023-02-26T10:25:25.640889+00:00', '--job-id', '10', '--raw', '--subdir', 'DAGS_FOLDER/dag_sync_api.py', '--cfg-path', '/tmp/tmpixwes8a3']
[2023-02-26T10:25:28.237+0000] {standard_task_runner.py:83} INFO - Job 10: Subtask print_df_head
[2023-02-26T10:25:28.244+0000] {dagbag.py:525} INFO - Filling up the DagBag from /opt/***/dags/dag_sync_api.py
[2023-02-26T10:25:29.403+0000] {task_command.py:384} INFO - Running <TaskInstance: sync_api_demo_dag.print_df_head manual__2023-02-26T10:25:25.640889+00:00 [running]> on host bfb2558877aa
[2023-02-26T10:25:29.487+0000] {taskinstance.py:1592} INFO - Exporting the following env vars:
AIRFLOW_CTX_DAG_OWNER=***
AIRFLOW_CTX_DAG_ID=sync_api_demo_dag
AIRFLOW_CTX_TASK_ID=print_df_head
AIRFLOW_CTX_EXECUTION_DATE=2023-02-26T10:25:25.640889+00:00
AIRFLOW_CTX_TRY_NUMBER=1
AIRFLOW_CTX_DAG_RUN_ID=manual__2023-02-26T10:25:25.640889+00:00
[2023-02-26T10:25:29.509+0000] {logging_mixin.py:117} INFO -          date  temperature_c  wind_kmh
0  2023-02-26             10        76
1  2023-02-27             -8        45
2  2023-02-28             22        57
3  2023-03-01             -2       119
4  2023-03-02             -4        24
5  2023-03-03             30        13
6  2023-03-04             -6        63
7  2023-03-05             28       113
8  2023-03-06             26        74
9  2023-03-07              5       102
[2023-02-26T10:25:29.511+0000] {python.py:177} INFO - Done. Returned value was: None
[2023-02-26T10:25:29.526+0000] {taskinstance.py:1406} INFO - Marking task as SUCCESS. dag_id=sync_api_demo_dag, task_id=print_df_head, execution_date=20230226T102525, start_date=20230226T102528, end_date=20230226T102529
[2023-02-26T10:25:29.583+0000] {local_task_job.py:164} INFO - Task exited with return code 0
[2023-02-26T10:25:29.614+0000] {local_task_job.py:273} INFO - 1 downstream tasks scheduled from follow-on schedule check
